<?xml version="1.0" encoding="UTF-8"?>
<testsuite name="com.waggy.gatewayservice.GatewayServiceApplicationTests" tests="1" skipped="0" failures="0" errors="0" timestamp="2018-06-12T12:52:17" hostname="mbp-ivan" time="0.43">
  <properties/>
  <testcase name="contextLoads" classname="com.waggy.gatewayservice.GatewayServiceApplicationTests" time="0.43"/>
  <system-out><![CDATA[17:51:58.648 [Test worker] DEBUG org.springframework.test.context.junit4.SpringJUnit4ClassRunner - SpringJUnit4ClassRunner constructor called with [class com.waggy.gatewayservice.GatewayServiceApplicationTests]
17:51:58.662 [Test worker] DEBUG org.springframework.test.context.BootstrapUtils - Instantiating CacheAwareContextLoaderDelegate from class [org.springframework.test.context.cache.DefaultCacheAwareContextLoaderDelegate]
17:51:58.683 [Test worker] DEBUG org.springframework.test.context.BootstrapUtils - Instantiating BootstrapContext using constructor [public org.springframework.test.context.support.DefaultBootstrapContext(java.lang.Class,org.springframework.test.context.CacheAwareContextLoaderDelegate)]
17:51:58.727 [Test worker] DEBUG org.springframework.test.context.BootstrapUtils - Instantiating TestContextBootstrapper for test class [com.waggy.gatewayservice.GatewayServiceApplicationTests] from class [org.springframework.boot.test.context.SpringBootTestContextBootstrapper]
17:51:58.776 [Test worker] INFO org.springframework.boot.test.context.SpringBootTestContextBootstrapper - Neither @ContextConfiguration nor @ContextHierarchy found for test class [com.waggy.gatewayservice.GatewayServiceApplicationTests], using SpringBootContextLoader
17:51:58.781 [Test worker] DEBUG org.springframework.test.context.support.AbstractContextLoader - Did not detect default resource location for test class [com.waggy.gatewayservice.GatewayServiceApplicationTests]: class path resource [com/waggy/gatewayservice/GatewayServiceApplicationTests-context.xml] does not exist
17:51:58.781 [Test worker] DEBUG org.springframework.test.context.support.AbstractContextLoader - Did not detect default resource location for test class [com.waggy.gatewayservice.GatewayServiceApplicationTests]: class path resource [com/waggy/gatewayservice/GatewayServiceApplicationTestsContext.groovy] does not exist
17:51:58.782 [Test worker] INFO org.springframework.test.context.support.AbstractContextLoader - Could not detect default resource locations for test class [com.waggy.gatewayservice.GatewayServiceApplicationTests]: no resource found for suffixes {-context.xml, Context.groovy}.
17:51:58.783 [Test worker] INFO org.springframework.test.context.support.AnnotationConfigContextLoaderUtils - Could not detect default configuration classes for test class [com.waggy.gatewayservice.GatewayServiceApplicationTests]: GatewayServiceApplicationTests does not declare any static, non-private, non-final, nested classes annotated with @Configuration.
17:51:58.853 [Test worker] DEBUG org.springframework.test.context.support.ActiveProfilesUtils - Could not find an 'annotation declaring class' for annotation type [org.springframework.test.context.ActiveProfiles] and class [com.waggy.gatewayservice.GatewayServiceApplicationTests]
17:51:58.867 [Test worker] DEBUG org.springframework.core.env.StandardEnvironment - Adding PropertySource 'systemProperties' with lowest search precedence
17:51:58.868 [Test worker] DEBUG org.springframework.core.env.StandardEnvironment - Adding PropertySource 'systemEnvironment' with lowest search precedence
17:51:58.880 [Test worker] DEBUG org.springframework.core.env.StandardEnvironment - Initialized StandardEnvironment with PropertySources [MapPropertySource@749549454 {name='systemProperties', properties={java.runtime.name=Java(TM) SE Runtime Environment, sun.boot.library.path=/Library/Java/JavaVirtualMachines/jdk1.8.0_131.jdk/Contents/Home/jre/lib, java.vm.version=25.131-b11, gopherProxySet=false, java.vm.vendor=Oracle Corporation, java.vendor.url=http://java.oracle.com/, path.separator=:, java.vm.name=Java HotSpot(TM) 64-Bit Server VM, file.encoding.pkg=sun.io, sun.java.launcher=SUN_STANDARD, user.country=RU, sun.os.patch.level=unknown, java.vm.specification.name=Java Virtual Machine Specification, user.dir=/Users/Waggi/Google Диск/Development/projects/microservices/gateway-service, java.runtime.version=1.8.0_131-b11, java.awt.graphicsenv=sun.awt.CGraphicsEnvironment, java.endorsed.dirs=/Library/Java/JavaVirtualMachines/jdk1.8.0_131.jdk/Contents/Home/jre/lib/endorsed, os.arch=x86_64, java.io.tmpdir=/var/folders/cw/rgnzd_bn3614m4bpctqxqj980000gn/T/, line.separator=
, java.vm.specification.vendor=Oracle Corporation, user.variant=, os.name=Mac OS X, sun.jnu.encoding=UTF-8, java.library.path=/Users/Waggi/Library/Java/Extensions:/Library/Java/Extensions:/Network/Library/Java/Extensions:/System/Library/Java/Extensions:/usr/lib/java:., java.specification.name=Java Platform API Specification, java.class.version=52.0, org.gradle.native=false, sun.management.compiler=HotSpot 64-Bit Tiered Compilers, os.version=10.13.3, http.nonProxyHosts=local|*.local|169.254/16|*.169.254/16, user.home=/Users/Waggi, user.timezone=Asia/Yekaterinburg, java.awt.printerjob=sun.lwawt.macosx.CPrinterJob, file.encoding=UTF-8, java.specification.version=1.8, java.class.path=/Users/Waggi/Google Диск/Development/projects/microservices/gateway-service/build/classes/java/test:/Users/Waggi/Google Диск/Development/projects/microservices/gateway-service/build/resources/test:/Users/Waggi/Google Диск/Development/projects/microservices/gateway-service/build/classes/java/main:/Users/Waggi/Google Диск/Development/projects/microservices/gateway-service/build/resources/main:/Users/Waggi/.gradle/caches/modules-2/files-2.1/org.springframework.cloud/spring-cloud-starter-netflix-zuul/2.0.0.RC2/326d28b7e723fb90a89e5d9e231dc36139fe8e28/spring-cloud-starter-netflix-zuul-2.0.0.RC2.jar:/Users/Waggi/.gradle/caches/modules-2/files-2.1/org.springframework.boot/spring-boot-starter-web/2.0.2.RELEASE/b6ef0cf4d0a7c6c7e93ff524b84cd1d8f87f67d9/spring-boot-starter-web-2.0.2.RELEASE.jar:/Users/Waggi/.gradle/caches/modules-2/files-2.1/org.springframework.cloud/spring-cloud-starter-netflix-eureka-client/2.0.0.RC2/fec925da37b2aef14d8ad64e82152299df8aa3e4/spring-cloud-starter-netflix-eureka-client-2.0.0.RC2.jar:/Users/Waggi/.gradle/caches/modules-2/files-2.1/org.springframework.boot/spring-boot-starter-test/2.0.2.RELEASE/d9e090412f318586e0f277e24740b79b58ef190b/spring-boot-starter-test-2.0.2.RELEASE.jar:/Users/Waggi/.gradle/caches/modules-2/files-2.1/org.springframework.boot/spring-boot-starter-json/2.0.2.RELEASE/5edda979838ced5314b8f58a958fe9d6b4b3badd/spring-boot-starter-json-2.0.2.RELEASE.jar:/Users/Waggi/.gradle/caches/modules-2/files-2.1/org.springframework.cloud/spring-cloud-starter-netflix-ribbon/2.0.0.RC2/7792cbc0cacccacd16ca46a208947e398f4f3af1/spring-cloud-starter-netflix-ribbon-2.0.0.RC2.jar:/Users/Waggi/.gradle/caches/modules-2/files-2.1/org.springframework.cloud/spring-cloud-netflix-zuul/2.0.0.RC2/cbfae034331a69291a6e00b3461a941de51a3b66/spring-cloud-netflix-zuul-2.0.0.RC2.jar:/Users/Waggi/.gradle/caches/modules-2/files-2.1/org.springframework.cloud/spring-cloud-starter-netflix-hystrix/2.0.0.RC2/65e33776771b90721064ee87d961cb61100a25a3/spring-cloud-starter-netflix-hystrix-2.0.0.RC2.jar:/Users/Waggi/.gradle/caches/modules-2/files-2.1/org.springframework.cloud/spring-cloud-starter-netflix-archaius/2.0.0.RC2/e4499fbc6c3b983fcf22a1957155de718f8b2a4/spring-cloud-starter-netflix-archaius-2.0.0.RC2.jar:/Users/Waggi/.gradle/caches/modules-2/files-2.1/org.springframework.cloud/spring-cloud-starter/2.0.0.RC2/bffd52bcb84ffb0ce3e33a2c8f7a61d7d1bff950/spring-cloud-starter-2.0.0.RC2.jar:/Users/Waggi/.gradle/caches/modules-2/files-2.1/org.springframework.boot/spring-boot-starter-actuator/2.0.2.RELEASE/bf24a7e12afcebae667819b616528e9b13574275/spring-boot-starter-actuator-2.0.2.RELEASE.jar:/Users/Waggi/.gradle/caches/modules-2/files-2.1/org.springframework.cloud/spring-cloud-netflix-eureka-client/2.0.0.RC2/6e3203e141309fc5d2d1ceafa9863f782290185f/spring-cloud-netflix-eureka-client-2.0.0.RC2.jar:/Users/Waggi/.gradle/caches/modules-2/files-2.1/org.springframework.cloud/spring-cloud-netflix-core/2.0.0.RC2/c286fa794500e65a4819fbfc7b3bacda30333121/spring-cloud-netflix-core-2.0.0.RC2.jar:/Users/Waggi/.gradle/caches/modules-2/files-2.1/org.springframework.boot/spring-boot-starter-aop/2.0.2.RELEASE/b0b0c7dcfdffaef1b04886c0279772905bc7e9d2/spring-boot-starter-aop-2.0.2.RELEASE.jar:/Users/Waggi/.gradle/caches/modules-2/files-2.1/org.springframework.boot/spring-boot-starter/2.0.2.RELEASE/1cda94f0dfcf2b065191782a54b84d2abf96391/spring-boot-starter-2.0.2.RELEASE.jar:/Users/Waggi/.gradle/caches/modules-2/files-2.1/org.springframework.boot/spring-boot-starter-tomcat/2.0.2.RELEASE/cedbfb18762e1c220007c768bfc5b773f5b30f8a/spring-boot-starter-tomcat-2.0.2.RELEASE.jar:/Users/Waggi/.gradle/caches/modules-2/files-2.1/org.hibernate.validator/hibernate-validator/6.0.9.Final/b149e4cce82379f11f6129eb3187ca8ae5404005/hibernate-validator-6.0.9.Final.jar:/Users/Waggi/.gradle/caches/modules-2/files-2.1/org.springframework/spring-webmvc/5.0.6.RELEASE/1361c5d1cf46665ee01de5dc1ca447c3be174c19/spring-webmvc-5.0.6.RELEASE.jar:/Users/Waggi/.gradle/caches/modules-2/files-2.1/org.springframework/spring-web/5.0.6.RELEASE/89e89de3025165998118590613aedc6df8d64af6/spring-web-5.0.6.RELEASE.jar:/Users/Waggi/.gradle/caches/modules-2/files-2.1/com.netflix.eureka/eureka-core/1.9.0/b4def40c31ef49053056af7a5cca1175198c76c0/eureka-core-1.9.0.jar:/Users/Waggi/.gradle/caches/modules-2/files-2.1/com.netflix.ribbon/ribbon-eureka/2.2.5/58016757f3ed6e98c0c1ca1f37d7855a2409551b/ribbon-eureka-2.2.5.jar:/Users/Waggi/.gradle/caches/modules-2/files-2.1/com.netflix.eureka/eureka-client/1.9.0/f1dff2f61e1feb4a2f4bc899099c749afdb5464b/eureka-client-1.9.0.jar:/Users/Waggi/.gradle/caches/modules-2/files-2.1/com.thoughtworks.xstream/xstream/1.4.10/dfecae23647abc9d9fd0416629a4213a3882b101/xstream-1.4.10.jar:/Users/Waggi/.gradle/caches/modules-2/files-2.1/com.netflix.zuul/zuul-core/1.3.1/ac3c4bc250ccdc95d32ae2747b39c7e6dcca9fed/zuul-core-1.3.1.jar:/Users/Waggi/.gradle/caches/modules-2/files-2.1/org.springframework.boot/spring-boot-test-autoconfigure/2.0.2.RELEASE/4993bdd96a4c02bc5b5703862d99ef4c563f25d0/spring-boot-test-autoconfigure-2.0.2.RELEASE.jar:/Users/Waggi/.gradle/caches/modules-2/files-2.1/org.springframework.boot/spring-boot-test/2.0.2.RELEASE/fc85812e6543312a3b0ea9fbbdfd4a51183380a3/spring-boot-test-2.0.2.RELEASE.jar:/Users/Waggi/.gradle/caches/modules-2/files-2.1/com.jayway.jsonpath/json-path/2.4.0/765a4401ceb2dc8d40553c2075eb80a8fa35c2ae/json-path-2.4.0.jar:/Users/Waggi/.gradle/caches/modules-2/files-2.1/junit/junit/4.12/2973d150c0dc1fefe998f834810d68f278ea58ec/junit-4.12.jar:/Users/Waggi/.gradle/caches/modules-2/files-2.1/org.assertj/assertj-core/3.9.1/c5ce126b15f28d56cd8f960c1a6a058b9c9aea87/assertj-core-3.9.1.jar:/Users/Waggi/.gradle/caches/modules-2/files-2.1/org.mockito/mockito-core/2.15.0/b84bfbbc29cd22c9529409627af6ea2897f4fa85/mockito-core-2.15.0.jar:/Users/Waggi/.gradle/caches/modules-2/files-2.1/org.hamcrest/hamcrest-library/1.3/4785a3c21320980282f9f33d0d1264a69040538f/hamcrest-library-1.3.jar:/Users/Waggi/.gradle/caches/modules-2/files-2.1/org.hamcrest/hamcrest-core/1.3/42a25dc3219429f0e5d060061f71acb49bf010a0/hamcrest-core-1.3.jar:/Users/Waggi/.gradle/caches/modules-2/files-2.1/org.skyscreamer/jsonassert/1.5.0/6c9d5fe2f59da598d9aefc1cfc6528ff3cf32df3/jsonassert-1.5.0.jar:/Users/Waggi/.gradle/caches/modules-2/files-2.1/org.springframework/spring-test/5.0.6.RELEASE/dbc99b288774b2e07d94bc14fe38d556bc3ed34a/spring-test-5.0.6.RELEASE.jar:/Users/Waggi/.gradle/caches/modules-2/files-2.1/org.springframework.boot/spring-boot-actuator-autoconfigure/2.0.2.RELEASE/5165c5f431baf565bf9b07ce1956b71706fa37d/spring-boot-actuator-autoconfigure-2.0.2.RELEASE.jar:/Users/Waggi/.gradle/caches/modules-2/files-2.1/org.springframework.boot/spring-boot-autoconfigure/2.0.2.RELEASE/f4b25e753e4955337a138d8b1550236b5efe5b3b/spring-boot-autoconfigure-2.0.2.RELEASE.jar:/Users/Waggi/.gradle/caches/modules-2/files-2.1/org.springframework.boot/spring-boot-actuator/2.0.2.RELEASE/b849b4a60d01e6a17d563314d67bae4697b6ed04/spring-boot-actuator-2.0.2.RELEASE.jar:/Users/Waggi/.gradle/caches/modules-2/files-2.1/org.springframework.boot/spring-boot/2.0.2.RELEASE/15012cf02e9f77938244e554f0598535fdd1cb38/spring-boot-2.0.2.RELEASE.jar:/Users/Waggi/.gradle/caches/modules-2/files-2.1/org.springframework/spring-context/5.0.6.RELEASE/8b73b742ef0ddce04f0f1068f305de240b00ce0d/spring-context-5.0.6.RELEASE.jar:/Users/Waggi/.gradle/caches/modules-2/files-2.1/org.springframework/spring-expression/5.0.6.RELEASE/dec57ae5e6f0dfd4c6cfc199aa13ed268c3e1a65/spring-expression-5.0.6.RELEASE.jar:/Users/Waggi/.gradle/caches/modules-2/files-2.1/org.springframework/spring-aop/5.0.6.RELEASE/74078df698992054c1c1a8f705763a6c7b4b914c/spring-aop-5.0.6.RELEASE.jar:/Users/Waggi/.gradle/caches/modules-2/files-2.1/org.springframework/spring-beans/5.0.6.RELEASE/d609b83cd8a71650a70778cf8d02c9a05b9161fe/spring-beans-5.0.6.RELEASE.jar:/Users/Waggi/.gradle/caches/modules-2/files-2.1/org.springframework/spring-core/5.0.6.RELEASE/984a52455b1be596b7f1a29f62d21d2f483eb764/spring-core-5.0.6.RELEASE.jar:/Users/Waggi/.gradle/caches/modules-2/files-2.1/org.xmlunit/xmlunit-core/2.5.1/4ffdb346572a7356f7521cd3119ce5287d2e339d/xmlunit-core-2.5.1.jar:/Users/Waggi/.gradle/caches/modules-2/files-2.1/org.springframework.boot/spring-boot-starter-logging/2.0.2.RELEASE/b56d7d1931792d6e58dbd41f956912359ba85238/spring-boot-starter-logging-2.0.2.RELEASE.jar:/Users/Waggi/.gradle/caches/modules-2/files-2.1/javax.annotation/javax.annotation-api/1.3.2/934c04d3cfef185a8008e7bf34331b79730a9d43/javax.annotation-api-1.3.2.jar:/Users/Waggi/.gradle/caches/modules-2/files-2.1/org.yaml/snakeyaml/1.19/2d998d3d674b172a588e54ab619854d073f555b5/snakeyaml-1.19.jar:/Users/Waggi/.gradle/caches/modules-2/files-2.1/com.fasterxml.jackson.datatype/jackson-datatype-jdk8/2.9.5/23e37f085279ba316c0df923513b81609e1d1f6/jackson-datatype-jdk8-2.9.5.jar:/Users/Waggi/.gradle/caches/modules-2/files-2.1/com.fasterxml.jackson.datatype/jackson-datatype-jsr310/2.9.5/d1f0d11e816bc04e222a261106ca138801841c2d/jackson-datatype-jsr310-2.9.5.jar:/Users/Waggi/.gradle/caches/modules-2/files-2.1/com.fasterxml.jackson.module/jackson-module-parameter-names/2.9.5/f824c60751ffb7bfc3a0d30dfe0e42317d8e67f5/jackson-module-parameter-names-2.9.5.jar:/Users/Waggi/.gradle/caches/modules-2/files-2.1/com.netflix.netflix-commons/netflix-eventbus/0.3.0/3f864adbe81f0849729fcbba3fe693c32be739ea/netflix-eventbus-0.3.0.jar:/Users/Waggi/.gradle/caches/modules-2/files-2.1/com.netflix.ribbon/ribbon/2.2.5/3f97c8acfc68c35012f00d10b9ac63fc8f48d790/ribbon-2.2.5.jar:/Users/Waggi/.gradle/caches/modules-2/files-2.1/com.netflix.ribbon/ribbon-httpclient/2.2.5/e2662937935d218f2c63105f6df39c3dfa0d06a1/ribbon-httpclient-2.2.5.jar:/Users/Waggi/.gradle/caches/modules-2/files-2.1/com.netflix.ribbon/ribbon-transport/2.2.5/7c8e321322a98c72a36f4a81f84cafe21273c010/ribbon-transport-2.2.5.jar:/Users/Waggi/.gradle/caches/modules-2/files-2.1/com.netflix.ribbon/ribbon-loadbalancer/2.2.5/5f713ef0b8d01580666face5e91d8c6af1daa468/ribbon-loadbalancer-2.2.5.jar:/Users/Waggi/.gradle/caches/modules-2/files-2.1/com.netflix.ribbon/ribbon-core/2.2.5/80b6fe934799269073e69c5d7e67334459ef7e2e/ribbon-core-2.2.5.jar:/Users/Waggi/.gradle/caches/modules-2/files-2.1/com.netflix.hystrix/hystrix-metrics-event-stream/1.5.12/3b3beae83ab5e8c10154c9e9581d7c210276e227/hystrix-metrics-event-stream-1.5.12.jar:/Users/Waggi/.gradle/caches/modules-2/files-2.1/com.netflix.hystrix/hystrix-serialization/1.5.12/ef4a2758e5bc6cf42ae848d4ba3d5363e0a2b27/hystrix-serialization-1.5.12.jar:/Users/Waggi/.gradle/caches/modules-2/files-2.1/com.netflix.hystrix/hystrix-javanica/1.5.12/5e4d888e0dba811e8ac3a9dbc8cbcc511734ace4/hystrix-javanica-1.5.12.jar:/Users/Waggi/.gradle/caches/modules-2/files-2.1/com.netflix.hystrix/hystrix-core/1.5.12/75379b6671fcaa9cec33035df684a68ec7741ca6/hystrix-core-1.5.12.jar:/Users/Waggi/.gradle/caches/modules-2/files-2.1/com.netflix.archaius/archaius-core/0.7.6/be0c1024d08ad68ec25f9f32b0e9df1ab7ecb45b/archaius-core-0.7.6.jar:/Users/Waggi/.gradle/caches/modules-2/files-2.1/com.fasterxml.jackson.module/jackson-module-afterburner/2.9.5/1bdf7fe138879a07df877ccc2bc1c6d172e39144/jackson-module-afterburner-2.9.5.jar:/Users/Waggi/.gradle/caches/modules-2/files-2.1/com.fasterxml.jackson.core/jackson-databind/2.9.5/3490508379d065fe3fcb80042b62f630f7588606/jackson-databind-2.9.5.jar:/Users/Waggi/.gradle/caches/modules-2/files-2.1/org.apache.tomcat.embed/tomcat-embed-websocket/8.5.31/6564e716b89de5eaa0dd234ae7989576503ddf3/tomcat-embed-websocket-8.5.31.jar:/Users/Waggi/.gradle/caches/modules-2/files-2.1/org.apache.tomcat.embed/tomcat-embed-core/8.5.31/f5adf7ed8c34aa005b22b6a2dc7b6796e10e9c79/tomcat-embed-core-8.5.31.jar:/Users/Waggi/.gradle/caches/modules-2/files-2.1/org.apache.tomcat.embed/tomcat-embed-el/8.5.31/3a536e1ac71b82627c3a7408eb38fa0704cb9034/tomcat-embed-el-8.5.31.jar:/Users/Waggi/.gradle/caches/modules-2/files-2.1/javax.validation/validation-api/2.0.1.Final/cb855558e6271b1b32e716d24cb85c7f583ce09e/validation-api-2.0.1.Final.jar:/Users/Waggi/.gradle/caches/modules-2/files-2.1/org.jboss.logging/jboss-logging/3.3.2.Final/3789d00e859632e6c6206adc0c71625559e6e3b0/jboss-logging-3.3.2.Final.jar:/Users/Waggi/.gradle/caches/modules-2/files-2.1/com.fasterxml/classmate/1.3.4/3d5f48f10bbe4eb7bd862f10c0583be2e0053c6/classmate-1.3.4.jar:/Users/Waggi/.gradle/caches/modules-2/files-2.1/org.springframework.cloud/spring-cloud-context/2.0.0.RC2/f6d84a868d3d67cc4426c23f2ab9280d77c7f400/spring-cloud-context-2.0.0.RC2.jar:/Users/Waggi/.gradle/caches/modules-2/files-2.1/org.springframework.cloud/spring-cloud-commons/2.0.0.RC2/2bca59a30163c6cc84e6730629b27a54cbc9da54/spring-cloud-commons-2.0.0.RC2.jar:/Users/Waggi/.gradle/caches/modules-2/files-2.1/org.springframework.security/spring-security-rsa/1.0.5.RELEASE/31bd1111ada2f455eb0f492ed09e39deda18ca99/spring-security-rsa-1.0.5.RELEASE.jar:/Users/Waggi/.gradle/caches/modules-2/files-2.1/org.codehaus.jettison/jettison/1.3.7/7d36a59a0577f11b12088b9e215d6860345b9e1d/jettison-1.3.7.jar:/Users/Waggi/.gradle/caches/modules-2/files-2.1/com.sun.jersey.contribs/jersey-apache-client4/1.19.1/e1c45701a003097ace96bed4bc8fb937e9867498/jersey-apache-client4-1.19.1.jar:/Users/Waggi/.gradle/caches/modules-2/files-2.1/com.sun.jersey/jersey-client/1.19.1/2df97ebd4e5c01599584c45caa3aeb563d268eef/jersey-client-1.19.1.jar:/Users/Waggi/.gradle/caches/modules-2/files-2.1/com.sun.jersey/jersey-core/1.19.1/4282d106f2acd5051bd9bc2935ed9a2920c9385/jersey-core-1.19.1.jar:/Users/Waggi/.gradle/caches/modules-2/files-2.1/javax.ws.rs/jsr311-api/1.1.1/59033da2a1afd56af1ac576750a8d0b1830d59e6/jsr311-api-1.1.1.jar:/Users/Waggi/.gradle/caches/modules-2/files-2.1/io.reactivex/rxnetty-servo/0.4.9/b7d6d6e132686c280f16710eaa3e90719f6808f8/rxnetty-servo-0.4.9.jar:/Users/Waggi/.gradle/caches/modules-2/files-2.1/com.netflix.servo/servo-core/0.12.21/f56c3bf161217be98fbe4135adf8480590db9c37/servo-core-0.12.21.jar:/Users/Waggi/.gradle/caches/modules-2/files-2.1/org.apache.httpcomponents/httpclient/4.5.5/1603dfd56ebcd583ccdf337b6c3984ac55d89e58/httpclient-4.5.5.jar:/Users/Waggi/.gradle/caches/modules-2/files-2.1/com.google.inject/guice/4.1.0/eeb69005da379a10071aa4948c48d89250febb07/guice-4.1.0.jar:/Users/Waggi/.gradle/caches/modules-2/files-2.1/com.github.vlsi.compactmap/compactmap/1.2.1/27aec1f3162c14b8a1178bb5c75ab43b618308ef/compactmap-1.2.1.jar:/Users/Waggi/.gradle/caches/modules-2/files-2.1/com.fasterxml.jackson.core/jackson-annotations/2.9.0/7c10d545325e3a6e72e06381afe469fd40eb701/jackson-annotations-2.9.0.jar:/Users/Waggi/.gradle/caches/modules-2/files-2.1/com.fasterxml.jackson.core/jackson-core/2.9.5/a22ac51016944b06fd9ffbc9541c6e7ce5eea117/jackson-core-2.9.5.jar:/Users/Waggi/.gradle/caches/modules-2/files-2.1/org.codehaus.woodstox/woodstox-core-asl/4.4.1/84fee5eb1a4a1cefe65b6883c73b3fa83be3c1a1/woodstox-core-asl-4.4.1.jar:/Users/Waggi/.gradle/caches/modules-2/files-2.1/org.springframework.cloud/spring-cloud-netflix-ribbon/2.0.0.RC2/e6fb9a8beecdb7e225bc435c810a7248000ef750/spring-cloud-netflix-ribbon-2.0.0.RC2.jar:/Users/Waggi/.gradle/caches/modules-2/files-2.1/org.springframework.cloud/spring-cloud-netflix-archaius/2.0.0.RC2/f14a6375082f06a26c5e1c1aa0f18305aea74af8/spring-cloud-netflix-archaius-2.0.0.RC2.jar:/Users/Waggi/.gradle/caches/modules-2/files-2.1/commons-configuration/commons-configuration/1.8/6cce40435bcd8018018f16898de01976b319941a/commons-configuration-1.8.jar:/Users/Waggi/.gradle/caches/modules-2/files-2.1/io.reactivex/rxjava-reactive-streams/1.2.1/dac56d021c092c34662943dae3ab1432542005/rxjava-reactive-streams-1.2.1.jar:/Users/Waggi/.gradle/caches/modules-2/files-2.1/io.reactivex/rxnetty-contexts/0.4.9/6efe17a25602a5424c18ab975aa9c28b6d6b7f56/rxnetty-contexts-0.4.9.jar:/Users/Waggi/.gradle/caches/modules-2/files-2.1/io.reactivex/rxnetty/0.4.9/5aff3c9d6bb9d9066c378bb3d2a4413ed1773bcf/rxnetty-0.4.9.jar:/Users/Waggi/.gradle/caches/modules-2/files-2.1/io.reactivex/rxjava/1.3.8/8c192792ad2e65a90867ab418ac49703f44d2baf/rxjava-1.3.8.jar:/Users/Waggi/.gradle/caches/modules-2/files-2.1/com.netflix.netflix-commons/netflix-commons-util/0.3.0/8a6ffc41308c300197918eff3df1a7447ddaf468/netflix-commons-util-0.3.0.jar:/Users/Waggi/.gradle/caches/modules-2/files-2.1/ch.qos.logback/logback-classic/1.2.3/7c4f3c474fb2c041d8028740440937705ebb473a/logback-classic-1.2.3.jar:/Users/Waggi/.gradle/caches/modules-2/files-2.1/org.apache.logging.log4j/log4j-to-slf4j/2.10.0/f7e631ccf49cfc0aefa4a2a728da7d374c05bd3c/log4j-to-slf4j-2.10.0.jar:/Users/Waggi/.gradle/caches/modules-2/files-2.1/org.slf4j/jul-to-slf4j/1.7.25/af5364cd6679bfffb114f0dec8a157aaa283b76/jul-to-slf4j-1.7.25.jar:/Users/Waggi/.gradle/caches/modules-2/files-2.1/com.netflix.netflix-commons/netflix-infix/0.3.0/acc65969f7367ddd2f1265e0cd7330509ed530dc/netflix-infix-0.3.0.jar:/Users/Waggi/.gradle/caches/modules-2/files-2.1/com.netflix.netflix-commons/netflix-statistics/0.1.1/12f6e48253f9cafa0e24d7d232ff504c52143212/netflix-statistics-0.1.1.jar:/Users/Waggi/.gradle/caches/modules-2/files-2.1/org.slf4j/slf4j-api/1.7.25/da76ca59f6a57ee3102f8f9bd9cee742973efa8a/slf4j-api-1.7.25.jar:/Users/Waggi/.gradle/caches/modules-2/files-2.1/xmlpull/xmlpull/1.1.3.1/2b8e230d2ab644e4ecaa94db7cdedbc40c805dfa/xmlpull-1.1.3.1.jar:/Users/Waggi/.gradle/caches/modules-2/files-2.1/xpp3/xpp3_min/1.1.4c/19d4e90b43059058f6e056f794f0ea4030d60b86/xpp3_min-1.1.4c.jar:/Users/Waggi/.gradle/caches/modules-2/files-2.1/io.micrometer/micrometer-core/1.0.4/469c27eee20e79bdfd31ea93adfe43f95bfa4887/micrometer-core-1.0.4.jar:/Users/Waggi/.gradle/caches/modules-2/files-2.1/commons-io/commons-io/2.4/b1b6ea3b7e4aa4f492509a4952029cd8e48019ad/commons-io-2.4.jar:/Users/Waggi/.gradle/caches/modules-2/files-2.1/net.minidev/json-smart/2.3/7396407491352ce4fa30de92efb158adb76b5b/json-smart-2.3.jar:/Users/Waggi/.gradle/caches/modules-2/files-2.1/net.bytebuddy/byte-buddy/1.7.11/f02857a4e2c66ccbe7aaad6100a0a6c461bce9b3/byte-buddy-1.7.11.jar:/Users/Waggi/.gradle/caches/modules-2/files-2.1/net.bytebuddy/byte-buddy-agent/1.7.11/b425a8933ca07edd03c6dbc8bc3b595fba9780de/byte-buddy-agent-1.7.11.jar:/Users/Waggi/.gradle/caches/modules-2/files-2.1/org.objenesis/objenesis/2.6/639033469776fd37c08358c6b92a4761feb2af4b/objenesis-2.6.jar:/Users/Waggi/.gradle/caches/modules-2/files-2.1/com.vaadin.external.google/android-json/0.0.20131108.vaadin1/fa26d351fe62a6a17f5cda1287c1c6110dec413f/android-json-0.0.20131108.vaadin1.jar:/Users/Waggi/.gradle/caches/modules-2/files-2.1/org.springframework/spring-jcl/5.0.6.RELEASE/295ee4e8657e9c1fd327735c01d5fbce339cc44d/spring-jcl-5.0.6.RELEASE.jar:/Users/Waggi/.gradle/caches/modules-2/files-2.1/org.springframework.security/spring-security-crypto/5.0.5.RELEASE/23256a0513b1a3c0ede42ae605d6fa25c1241ad/spring-security-crypto-5.0.5.RELEASE.jar:/Users/Waggi/.gradle/caches/modules-2/files-2.1/org.bouncycastle/bcpkix-jdk15on/1.56/4648af70268b6fdb24674fb1fd7c1fcc73db1231/bcpkix-jdk15on-1.56.jar:/Users/Waggi/.gradle/caches/modules-2/files-2.1/org.aspectj/aspectjweaver/1.8.13/ad94df2a28d658a40dc27bbaff6a1ce5fbf04e9b/aspectjweaver-1.8.13.jar:/Users/Waggi/.gradle/caches/modules-2/files-2.1/stax/stax-api/1.0.1/49c100caf72d658aca8e58bd74a4ba90fa2b0d70/stax-api-1.0.1.jar:/Users/Waggi/.gradle/caches/modules-2/files-2.1/org.apache.commons/commons-math/2.2/4877b85d388275f994a5cfc7eceb73a8045d3006/commons-math-2.2.jar:/Users/Waggi/.gradle/caches/modules-2/files-2.1/com.google.guava/guava/19.0/6ce200f6b23222af3d8abb6b6459e6c44f4bb0e9/guava-19.0.jar:/Users/Waggi/.gradle/caches/modules-2/files-2.1/org.apache.httpcomponents/httpcore/4.4.9/a86ce739e5a7175b4b234c290a00a5fdb80957a0/httpcore-4.4.9.jar:/Users/Waggi/.gradle/caches/modules-2/files-2.1/commons-codec/commons-codec/1.11/3acb4705652e16236558f0f4f2192cc33c3bd189/commons-codec-1.11.jar:/Users/Waggi/.gradle/caches/modules-2/files-2.1/javax.inject/javax.inject/1/6975da39a7040257bd51d21a231b76c915872d38/javax.inject-1.jar:/Users/Waggi/.gradle/caches/modules-2/files-2.1/aopalliance/aopalliance/1.0/235ba8b489512805ac13a8f9ea77a1ca5ebe3e8/aopalliance-1.0.jar:/Users/Waggi/.gradle/caches/modules-2/files-2.1/com.github.andrewoma.dexx/dexx-collections/0.2/a1cff10827ee471c215a99585b99f00d3a602194/dexx-collections-0.2.jar:/Users/Waggi/.gradle/caches/modules-2/files-2.1/javax.xml.stream/stax-api/1.0-2/d6337b0de8b25e53e81b922352fbea9f9f57ba0b/stax-api-1.0-2.jar:/Users/Waggi/.gradle/caches/modules-2/files-2.1/org.codehaus.woodstox/stax2-api/3.1.4/ac19014b1e6a7c08aad07fe114af792676b685b7/stax2-api-3.1.4.jar:/Users/Waggi/.gradle/caches/modules-2/files-2.1/commons-lang/commons-lang/2.6/ce1edb914c94ebc388f086c6827e8bdeec71ac2/commons-lang-2.6.jar:/Users/Waggi/.gradle/caches/modules-2/files-2.1/commons-collections/commons-collections/3.2.2/8ad72fe39fa8c91eaaf12aadb21e0c3661fe26d5/commons-collections-3.2.2.jar:/Users/Waggi/.gradle/caches/modules-2/files-2.1/org.hdrhistogram/HdrHistogram/2.1.10/9e1ac84eed220281841b75e72fb9de5a297fbf04/HdrHistogram-2.1.10.jar:/Users/Waggi/.gradle/caches/modules-2/files-2.1/org.latencyutils/LatencyUtils/2.0.3/769c0b82cb2421c8256300e907298a9410a2a3d3/LatencyUtils-2.0.3.jar:/Users/Waggi/.gradle/caches/modules-2/files-2.1/org.apache.commons/commons-lang3/3.7/557edd918fd41f9260963583ebf5a61a43a6b423/commons-lang3-3.7.jar:/Users/Waggi/.gradle/caches/modules-2/files-2.1/net.minidev/accessors-smart/1.2/c592b500269bfde36096641b01238a8350f8aa31/accessors-smart-1.2.jar:/Users/Waggi/.gradle/caches/modules-2/files-2.1/org.ow2.asm/asm/5.0.4/da08b8cce7bbf903602a25a3a163ae252435795/asm-5.0.4.jar:/Users/Waggi/.gradle/caches/modules-2/files-2.1/org.reactivestreams/reactive-streams/1.0.2/323964c36556eb0e6209f65c1cef72b53b461ab8/reactive-streams-1.0.2.jar:/Users/Waggi/.gradle/caches/modules-2/files-2.1/ch.qos.logback/logback-core/1.2.3/864344400c3d4d92dfeb0a305dc87d953677c03c/logback-core-1.2.3.jar:/Users/Waggi/.gradle/caches/modules-2/files-2.1/org.apache.logging.log4j/log4j-api/2.10.0/fec5797a55b786184a537abd39c3fa1449d752d6/log4j-api-2.10.0.jar:/Users/Waggi/.gradle/caches/modules-2/files-2.1/org.bouncycastle/bcprov-jdk15on/1.56/a153c6f9744a3e9dd6feab5e210e1c9861362ec7/bcprov-jdk15on-1.56.jar:/Users/Waggi/.gradle/caches/modules-2/files-2.1/commons-jxpath/commons-jxpath/1.3/c22d7d0f0f40eb7059a23cfa61773a416768b137/commons-jxpath-1.3.jar:/Users/Waggi/.gradle/caches/modules-2/files-2.1/joda-time/joda-time/2.9.9/f7b520c458572890807d143670c9b24f4de90897/joda-time-2.9.9.jar:/Users/Waggi/.gradle/caches/modules-2/files-2.1/org.antlr/antlr-runtime/3.4/8f011408269a8e42b8548687e137d8eeb56df4b4/antlr-runtime-3.4.jar:/Users/Waggi/.gradle/caches/modules-2/files-2.1/com.google.code.gson/gson/2.8.4/d0de1ca9b69e69d1d497ee3c6009d015f64dad57/gson-2.8.4.jar:/Users/Waggi/.gradle/caches/modules-2/files-2.1/io.netty/netty-codec-http/4.1.24.Final/8f20009953b2c7c3d860cef928007bc01aa58ac/netty-codec-http-4.1.24.Final.jar:/Users/Waggi/.gradle/caches/modules-2/files-2.1/io.netty/netty-transport-native-epoll/4.1.24.Final/4059baf083c81fa17b317f11c58f1443504ba587/netty-transport-native-epoll-4.1.24.Final.jar:/Users/Waggi/.gradle/caches/modules-2/files-2.1/org.antlr/stringtemplate/3.2.1/59ec8083721eae215c6f3caee944c410d2be34de/stringtemplate-3.2.1.jar:/Users/Waggi/.gradle/caches/modules-2/files-2.1/antlr/antlr/2.7.7/83cd2cd674a217ade95a4bb83a8a14f351f48bd0/antlr-2.7.7.jar:/Users/Waggi/.gradle/caches/modules-2/files-2.1/io.netty/netty-codec/4.1.24.Final/290857e5103956bbda11836e33245f2439226b77/netty-codec-4.1.24.Final.jar:/Users/Waggi/.gradle/caches/modules-2/files-2.1/io.netty/netty-transport-native-unix-common/4.1.24.Final/16a46eaa33853af1fdec5682fcebc3ca5f5d196b/netty-transport-native-unix-common-4.1.24.Final.jar:/Users/Waggi/.gradle/caches/modules-2/files-2.1/io.netty/netty-transport/4.1.24.Final/d37292c94d3a4cba48d9b6cfb6e8e55282035d0d/netty-transport-4.1.24.Final.jar:/Users/Waggi/.gradle/caches/modules-2/files-2.1/io.netty/netty-buffer/4.1.24.Final/e354bed2e60b568307138e403f55ba241c1c16d2/netty-buffer-4.1.24.Final.jar:/Users/Waggi/.gradle/caches/modules-2/files-2.1/io.netty/netty-resolver/4.1.24.Final/dbc1e5b50d31aed883ea3beeb6489e1977d0687f/netty-resolver-4.1.24.Final.jar:/Users/Waggi/.gradle/caches/modules-2/files-2.1/io.netty/netty-common/4.1.24.Final/7eeecd7906543214c3c1c984d275d3c6de10b99d/netty-common-4.1.24.Final.jar, user.name=Waggi, java.vm.specification.version=1.8, sun.java.command=worker.org.gradle.process.internal.worker.GradleWorkerMain 'Gradle Test Executor 3', java.home=/Library/Java/JavaVirtualMachines/jdk1.8.0_131.jdk/Contents/Home/jre, sun.arch.data.model=64, user.language=ru, java.specification.vendor=Oracle Corporation, awt.toolkit=sun.lwawt.macosx.LWCToolkit, java.vm.info=mixed mode, java.version=1.8.0_131, java.ext.dirs=/Users/Waggi/Library/Java/Extensions:/Library/Java/JavaVirtualMachines/jdk1.8.0_131.jdk/Contents/Home/jre/lib/ext:/Library/Java/Extensions:/Network/Library/Java/Extensions:/System/Library/Java/Extensions:/usr/lib/java, sun.boot.class.path=/Library/Java/JavaVirtualMachines/jdk1.8.0_131.jdk/Contents/Home/jre/lib/resources.jar:/Library/Java/JavaVirtualMachines/jdk1.8.0_131.jdk/Contents/Home/jre/lib/rt.jar:/Library/Java/JavaVirtualMachines/jdk1.8.0_131.jdk/Contents/Home/jre/lib/sunrsasign.jar:/Library/Java/JavaVirtualMachines/jdk1.8.0_131.jdk/Contents/Home/jre/lib/jsse.jar:/Library/Java/JavaVirtualMachines/jdk1.8.0_131.jdk/Contents/Home/jre/lib/jce.jar:/Library/Java/JavaVirtualMachines/jdk1.8.0_131.jdk/Contents/Home/jre/lib/charsets.jar:/Library/Java/JavaVirtualMachines/jdk1.8.0_131.jdk/Contents/Home/jre/lib/jfr.jar:/Library/Java/JavaVirtualMachines/jdk1.8.0_131.jdk/Contents/Home/jre/classes, java.vendor=Oracle Corporation, org.gradle.test.worker=3, file.separator=/, java.vendor.url.bug=http://bugreport.sun.com/bugreport/, sun.io.unicode.encoding=UnicodeBig, sun.cpu.endian=little, socksNonProxyHosts=local|*.local|169.254/16|*.169.254/16, ftp.nonProxyHosts=local|*.local|169.254/16|*.169.254/16, sun.cpu.isalist=}}, SystemEnvironmentPropertySource@1794992873 {name='systemEnvironment', properties={PATH=/Users/Waggi/.sdkman/candidates/grails/2.5.6/bin:/Users/Waggi/DEV/apache-maven-3.5.0/bin:/usr/local/mysql/bin:/usr/local/bin:/usr/bin:/bin:/usr/sbin:/sbin:/opt/X11/bin:/Users/Waggi/DEV/db/mongodb-osx-x86_64-3.6.3/bin:/Users/Waggi/DEV/gradle-4.6/bin, SHELL=/bin/bash, GRAILS_HOME=/Users/Waggi/.sdkman/candidates/grails/2.5.6, GRADLE_PATH=/Users/Waggi/DEV/gradle-4.6, JAVA_MAIN_CLASS_19704=worker.org.gradle.process.internal.worker.GradleWorkerMain, JAVA_HOME=/Library/Java/JavaVirtualMachines/jdk1.8.0_131.jdk/Contents/Home, MONGO_PATH=/Users/Waggi/DEV/db/mongodb-osx-x86_64-3.6.3, USER=Waggi, VERSIONER_PYTHON_PREFER_32_BIT=no, TMPDIR=/var/folders/cw/rgnzd_bn3614m4bpctqxqj980000gn/T/, SSH_AUTH_SOCK=/private/tmp/com.apple.launchd.0FqWzzkVvf/Listeners, DISPLAY=/private/tmp/com.apple.launchd.DuhbYa1eix/org.macosforge.xquartz:0, XPC_FLAGS=0x0, VERSIONER_PYTHON_VERSION=2.7, M2_HOME=/Users/Waggi/DEV/apache-maven-3.5.0, __CF_USER_TEXT_ENCODING=0x1F5:0x7:0x31, Apple_PubSub_Socket_Render=/private/tmp/com.apple.launchd.01mpuvXQhe/Render, LOGNAME=Waggi, LC_CTYPE=ru_RU.UTF-8, XPC_SERVICE_NAME=com.jetbrains.intellij.8232, HOME=/Users/Waggi}}]
17:51:58.899 [Test worker] DEBUG org.springframework.core.io.support.PathMatchingResourcePatternResolver - Resolved classpath location [com/waggy/gatewayservice/] to resources [URL [file:/Users/Waggi/Google%20Диск/Development/projects/microservices/gateway-service/build/classes/java/test/com/waggy/gatewayservice/], URL [file:/Users/Waggi/Google%20Диск/Development/projects/microservices/gateway-service/build/classes/java/main/com/waggy/gatewayservice/]]
17:51:58.900 [Test worker] DEBUG org.springframework.core.io.support.PathMatchingResourcePatternResolver - Looking for matching resources in directory tree [/Users/Waggi/Google Диск/Development/projects/microservices/gateway-service/build/classes/java/test/com/waggy/gatewayservice]
17:51:58.903 [Test worker] DEBUG org.springframework.core.io.support.PathMatchingResourcePatternResolver - Searching directory [/Users/Waggi/Google Диск/Development/projects/microservices/gateway-service/build/classes/java/test/com/waggy/gatewayservice] for files matching pattern [/Users/Waggi/Google Диск/Development/projects/microservices/gateway-service/build/classes/java/test/com/waggy/gatewayservice/*.class]
17:51:58.920 [Test worker] DEBUG org.springframework.core.io.support.PathMatchingResourcePatternResolver - Looking for matching resources in directory tree [/Users/Waggi/Google Диск/Development/projects/microservices/gateway-service/build/classes/java/main/com/waggy/gatewayservice]
17:51:58.921 [Test worker] DEBUG org.springframework.core.io.support.PathMatchingResourcePatternResolver - Searching directory [/Users/Waggi/Google Диск/Development/projects/microservices/gateway-service/build/classes/java/main/com/waggy/gatewayservice] for files matching pattern [/Users/Waggi/Google Диск/Development/projects/microservices/gateway-service/build/classes/java/main/com/waggy/gatewayservice/*.class]
17:51:58.922 [Test worker] DEBUG org.springframework.core.io.support.PathMatchingResourcePatternResolver - Resolved location pattern [classpath*:com/waggy/gatewayservice/*.class] to resources [file [/Users/Waggi/Google Диск/Development/projects/microservices/gateway-service/build/classes/java/test/com/waggy/gatewayservice/GatewayServiceApplicationTests.class], file [/Users/Waggi/Google Диск/Development/projects/microservices/gateway-service/build/classes/java/main/com/waggy/gatewayservice/GatewayServiceApplication.class]]
17:51:59.080 [Test worker] DEBUG org.springframework.context.annotation.ClassPathScanningCandidateComponentProvider - Identified candidate component class: file [/Users/Waggi/Google Диск/Development/projects/microservices/gateway-service/build/classes/java/main/com/waggy/gatewayservice/GatewayServiceApplication.class]
17:51:59.082 [Test worker] INFO org.springframework.boot.test.context.SpringBootTestContextBootstrapper - Found @SpringBootConfiguration com.waggy.gatewayservice.GatewayServiceApplication for test class com.waggy.gatewayservice.GatewayServiceApplicationTests
17:51:59.484 [Test worker] DEBUG org.springframework.boot.test.context.SpringBootTestContextBootstrapper - @TestExecutionListeners is not present for class [com.waggy.gatewayservice.GatewayServiceApplicationTests]: using defaults.
17:51:59.487 [Test worker] INFO org.springframework.boot.test.context.SpringBootTestContextBootstrapper - Loaded default TestExecutionListener class names from location [META-INF/spring.factories]: [org.springframework.boot.test.autoconfigure.restdocs.RestDocsTestExecutionListener, org.springframework.boot.test.autoconfigure.web.client.MockRestServiceServerResetTestExecutionListener, org.springframework.boot.test.autoconfigure.web.servlet.MockMvcPrintOnlyOnFailureTestExecutionListener, org.springframework.boot.test.autoconfigure.web.servlet.WebDriverTestExecutionListener, org.springframework.boot.test.mock.mockito.MockitoTestExecutionListener, org.springframework.boot.test.mock.mockito.ResetMocksTestExecutionListener, org.springframework.test.context.web.ServletTestExecutionListener, org.springframework.test.context.support.DirtiesContextBeforeModesTestExecutionListener, org.springframework.test.context.support.DependencyInjectionTestExecutionListener, org.springframework.test.context.support.DirtiesContextTestExecutionListener, org.springframework.test.context.transaction.TransactionalTestExecutionListener, org.springframework.test.context.jdbc.SqlScriptsTestExecutionListener]
17:51:59.553 [Test worker] DEBUG org.springframework.boot.test.context.SpringBootTestContextBootstrapper - Skipping candidate TestExecutionListener [org.springframework.test.context.transaction.TransactionalTestExecutionListener] due to a missing dependency. Specify custom listener classes or make the default listener classes and their required dependencies available. Offending class: [org/springframework/transaction/interceptor/TransactionAttributeSource]
17:51:59.558 [Test worker] DEBUG org.springframework.boot.test.context.SpringBootTestContextBootstrapper - Skipping candidate TestExecutionListener [org.springframework.test.context.jdbc.SqlScriptsTestExecutionListener] due to a missing dependency. Specify custom listener classes or make the default listener classes and their required dependencies available. Offending class: [org/springframework/transaction/interceptor/TransactionAttribute]
17:51:59.564 [Test worker] INFO org.springframework.boot.test.context.SpringBootTestContextBootstrapper - Using TestExecutionListeners: [org.springframework.test.context.web.ServletTestExecutionListener@118d49b6, org.springframework.test.context.support.DirtiesContextBeforeModesTestExecutionListener@63a25594, org.springframework.boot.test.mock.mockito.MockitoTestExecutionListener@1ed71556, org.springframework.boot.test.autoconfigure.SpringBootDependencyInjectionTestExecutionListener@4c478dc5, org.springframework.test.context.support.DirtiesContextTestExecutionListener@37fcbd02, org.springframework.boot.test.autoconfigure.restdocs.RestDocsTestExecutionListener@4603409c, org.springframework.boot.test.autoconfigure.web.client.MockRestServiceServerResetTestExecutionListener@605880af, org.springframework.boot.test.autoconfigure.web.servlet.MockMvcPrintOnlyOnFailureTestExecutionListener@100110c4, org.springframework.boot.test.autoconfigure.web.servlet.WebDriverTestExecutionListener@42c7bb6b, org.springframework.boot.test.mock.mockito.ResetMocksTestExecutionListener@1e1c140f]
17:51:59.570 [Test worker] DEBUG org.springframework.test.annotation.ProfileValueUtils - Retrieved @ProfileValueSourceConfiguration [null] for test class [com.waggy.gatewayservice.GatewayServiceApplicationTests]
17:51:59.571 [Test worker] DEBUG org.springframework.test.annotation.ProfileValueUtils - Retrieved ProfileValueSource type [class org.springframework.test.annotation.SystemProfileValueSource] for class [com.waggy.gatewayservice.GatewayServiceApplicationTests]
17:51:59.572 [Test worker] DEBUG org.springframework.test.annotation.ProfileValueUtils - Retrieved @ProfileValueSourceConfiguration [null] for test class [com.waggy.gatewayservice.GatewayServiceApplicationTests]
17:51:59.573 [Test worker] DEBUG org.springframework.test.annotation.ProfileValueUtils - Retrieved ProfileValueSource type [class org.springframework.test.annotation.SystemProfileValueSource] for class [com.waggy.gatewayservice.GatewayServiceApplicationTests]
17:51:59.585 [Test worker] DEBUG org.springframework.test.context.support.AbstractDirtiesContextTestExecutionListener - Before test class: context [DefaultTestContext@23563e36 testClass = GatewayServiceApplicationTests, testInstance = [null], testMethod = [null], testException = [null], mergedContextConfiguration = [WebMergedContextConfiguration@5f0c456b testClass = GatewayServiceApplicationTests, locations = '{}', classes = '{class com.waggy.gatewayservice.GatewayServiceApplication}', contextInitializerClasses = '[]', activeProfiles = '{}', propertySourceLocations = '{}', propertySourceProperties = '{org.springframework.boot.test.context.SpringBootTestContextBootstrapper=true}', contextCustomizers = set[org.springframework.boot.test.autoconfigure.properties.PropertyMappingContextCustomizer@0, org.springframework.boot.test.autoconfigure.web.servlet.WebDriverContextCustomizerFactory$Customizer@6715a108, org.springframework.boot.test.context.filter.ExcludeFilterContextCustomizer@5cdc6a7, org.springframework.boot.test.json.DuplicateJsonObjectContextCustomizerFactory$DuplicateJsonObjectContextCustomizer@554ca7fc, org.springframework.boot.test.mock.mockito.MockitoContextCustomizer@0, org.springframework.boot.test.web.client.TestRestTemplateContextCustomizer@1f45e03d], resourceBasePath = 'src/main/webapp', contextLoader = 'org.springframework.boot.test.context.SpringBootContextLoader', parent = [null]], attributes = map['org.springframework.test.context.web.ServletTestExecutionListener.activateListener' -> true]], class annotated with @DirtiesContext [false] with mode [null].
17:51:59.587 [Test worker] DEBUG org.springframework.test.annotation.ProfileValueUtils - Retrieved @ProfileValueSourceConfiguration [null] for test class [com.waggy.gatewayservice.GatewayServiceApplicationTests]
17:51:59.587 [Test worker] DEBUG org.springframework.test.annotation.ProfileValueUtils - Retrieved ProfileValueSource type [class org.springframework.test.annotation.SystemProfileValueSource] for class [com.waggy.gatewayservice.GatewayServiceApplicationTests]
17:51:59.632 [Test worker] DEBUG org.springframework.core.env.StandardEnvironment - Adding PropertySource 'systemProperties' with lowest search precedence
17:51:59.633 [Test worker] DEBUG org.springframework.core.env.StandardEnvironment - Adding PropertySource 'systemEnvironment' with lowest search precedence
17:51:59.633 [Test worker] DEBUG org.springframework.core.env.StandardEnvironment - Initialized StandardEnvironment with PropertySources [MapPropertySource@1819485488 {name='systemProperties', properties={java.runtime.name=Java(TM) SE Runtime Environment, sun.boot.library.path=/Library/Java/JavaVirtualMachines/jdk1.8.0_131.jdk/Contents/Home/jre/lib, java.vm.version=25.131-b11, gopherProxySet=false, java.vm.vendor=Oracle Corporation, java.vendor.url=http://java.oracle.com/, path.separator=:, java.vm.name=Java HotSpot(TM) 64-Bit Server VM, file.encoding.pkg=sun.io, sun.java.launcher=SUN_STANDARD, user.country=RU, sun.os.patch.level=unknown, java.vm.specification.name=Java Virtual Machine Specification, user.dir=/Users/Waggi/Google Диск/Development/projects/microservices/gateway-service, java.runtime.version=1.8.0_131-b11, java.awt.graphicsenv=sun.awt.CGraphicsEnvironment, java.endorsed.dirs=/Library/Java/JavaVirtualMachines/jdk1.8.0_131.jdk/Contents/Home/jre/lib/endorsed, os.arch=x86_64, java.io.tmpdir=/var/folders/cw/rgnzd_bn3614m4bpctqxqj980000gn/T/, line.separator=
, java.vm.specification.vendor=Oracle Corporation, user.variant=, os.name=Mac OS X, sun.jnu.encoding=UTF-8, java.library.path=/Users/Waggi/Library/Java/Extensions:/Library/Java/Extensions:/Network/Library/Java/Extensions:/System/Library/Java/Extensions:/usr/lib/java:., java.specification.name=Java Platform API Specification, java.class.version=52.0, org.gradle.native=false, sun.management.compiler=HotSpot 64-Bit Tiered Compilers, os.version=10.13.3, http.nonProxyHosts=local|*.local|169.254/16|*.169.254/16, user.home=/Users/Waggi, user.timezone=Asia/Yekaterinburg, java.awt.printerjob=sun.lwawt.macosx.CPrinterJob, file.encoding=UTF-8, java.specification.version=1.8, java.class.path=/Users/Waggi/Google Диск/Development/projects/microservices/gateway-service/build/classes/java/test:/Users/Waggi/Google Диск/Development/projects/microservices/gateway-service/build/resources/test:/Users/Waggi/Google Диск/Development/projects/microservices/gateway-service/build/classes/java/main:/Users/Waggi/Google Диск/Development/projects/microservices/gateway-service/build/resources/main:/Users/Waggi/.gradle/caches/modules-2/files-2.1/org.springframework.cloud/spring-cloud-starter-netflix-zuul/2.0.0.RC2/326d28b7e723fb90a89e5d9e231dc36139fe8e28/spring-cloud-starter-netflix-zuul-2.0.0.RC2.jar:/Users/Waggi/.gradle/caches/modules-2/files-2.1/org.springframework.boot/spring-boot-starter-web/2.0.2.RELEASE/b6ef0cf4d0a7c6c7e93ff524b84cd1d8f87f67d9/spring-boot-starter-web-2.0.2.RELEASE.jar:/Users/Waggi/.gradle/caches/modules-2/files-2.1/org.springframework.cloud/spring-cloud-starter-netflix-eureka-client/2.0.0.RC2/fec925da37b2aef14d8ad64e82152299df8aa3e4/spring-cloud-starter-netflix-eureka-client-2.0.0.RC2.jar:/Users/Waggi/.gradle/caches/modules-2/files-2.1/org.springframework.boot/spring-boot-starter-test/2.0.2.RELEASE/d9e090412f318586e0f277e24740b79b58ef190b/spring-boot-starter-test-2.0.2.RELEASE.jar:/Users/Waggi/.gradle/caches/modules-2/files-2.1/org.springframework.boot/spring-boot-starter-json/2.0.2.RELEASE/5edda979838ced5314b8f58a958fe9d6b4b3badd/spring-boot-starter-json-2.0.2.RELEASE.jar:/Users/Waggi/.gradle/caches/modules-2/files-2.1/org.springframework.cloud/spring-cloud-starter-netflix-ribbon/2.0.0.RC2/7792cbc0cacccacd16ca46a208947e398f4f3af1/spring-cloud-starter-netflix-ribbon-2.0.0.RC2.jar:/Users/Waggi/.gradle/caches/modules-2/files-2.1/org.springframework.cloud/spring-cloud-netflix-zuul/2.0.0.RC2/cbfae034331a69291a6e00b3461a941de51a3b66/spring-cloud-netflix-zuul-2.0.0.RC2.jar:/Users/Waggi/.gradle/caches/modules-2/files-2.1/org.springframework.cloud/spring-cloud-starter-netflix-hystrix/2.0.0.RC2/65e33776771b90721064ee87d961cb61100a25a3/spring-cloud-starter-netflix-hystrix-2.0.0.RC2.jar:/Users/Waggi/.gradle/caches/modules-2/files-2.1/org.springframework.cloud/spring-cloud-starter-netflix-archaius/2.0.0.RC2/e4499fbc6c3b983fcf22a1957155de718f8b2a4/spring-cloud-starter-netflix-archaius-2.0.0.RC2.jar:/Users/Waggi/.gradle/caches/modules-2/files-2.1/org.springframework.cloud/spring-cloud-starter/2.0.0.RC2/bffd52bcb84ffb0ce3e33a2c8f7a61d7d1bff950/spring-cloud-starter-2.0.0.RC2.jar:/Users/Waggi/.gradle/caches/modules-2/files-2.1/org.springframework.boot/spring-boot-starter-actuator/2.0.2.RELEASE/bf24a7e12afcebae667819b616528e9b13574275/spring-boot-starter-actuator-2.0.2.RELEASE.jar:/Users/Waggi/.gradle/caches/modules-2/files-2.1/org.springframework.cloud/spring-cloud-netflix-eureka-client/2.0.0.RC2/6e3203e141309fc5d2d1ceafa9863f782290185f/spring-cloud-netflix-eureka-client-2.0.0.RC2.jar:/Users/Waggi/.gradle/caches/modules-2/files-2.1/org.springframework.cloud/spring-cloud-netflix-core/2.0.0.RC2/c286fa794500e65a4819fbfc7b3bacda30333121/spring-cloud-netflix-core-2.0.0.RC2.jar:/Users/Waggi/.gradle/caches/modules-2/files-2.1/org.springframework.boot/spring-boot-starter-aop/2.0.2.RELEASE/b0b0c7dcfdffaef1b04886c0279772905bc7e9d2/spring-boot-starter-aop-2.0.2.RELEASE.jar:/Users/Waggi/.gradle/caches/modules-2/files-2.1/org.springframework.boot/spring-boot-starter/2.0.2.RELEASE/1cda94f0dfcf2b065191782a54b84d2abf96391/spring-boot-starter-2.0.2.RELEASE.jar:/Users/Waggi/.gradle/caches/modules-2/files-2.1/org.springframework.boot/spring-boot-starter-tomcat/2.0.2.RELEASE/cedbfb18762e1c220007c768bfc5b773f5b30f8a/spring-boot-starter-tomcat-2.0.2.RELEASE.jar:/Users/Waggi/.gradle/caches/modules-2/files-2.1/org.hibernate.validator/hibernate-validator/6.0.9.Final/b149e4cce82379f11f6129eb3187ca8ae5404005/hibernate-validator-6.0.9.Final.jar:/Users/Waggi/.gradle/caches/modules-2/files-2.1/org.springframework/spring-webmvc/5.0.6.RELEASE/1361c5d1cf46665ee01de5dc1ca447c3be174c19/spring-webmvc-5.0.6.RELEASE.jar:/Users/Waggi/.gradle/caches/modules-2/files-2.1/org.springframework/spring-web/5.0.6.RELEASE/89e89de3025165998118590613aedc6df8d64af6/spring-web-5.0.6.RELEASE.jar:/Users/Waggi/.gradle/caches/modules-2/files-2.1/com.netflix.eureka/eureka-core/1.9.0/b4def40c31ef49053056af7a5cca1175198c76c0/eureka-core-1.9.0.jar:/Users/Waggi/.gradle/caches/modules-2/files-2.1/com.netflix.ribbon/ribbon-eureka/2.2.5/58016757f3ed6e98c0c1ca1f37d7855a2409551b/ribbon-eureka-2.2.5.jar:/Users/Waggi/.gradle/caches/modules-2/files-2.1/com.netflix.eureka/eureka-client/1.9.0/f1dff2f61e1feb4a2f4bc899099c749afdb5464b/eureka-client-1.9.0.jar:/Users/Waggi/.gradle/caches/modules-2/files-2.1/com.thoughtworks.xstream/xstream/1.4.10/dfecae23647abc9d9fd0416629a4213a3882b101/xstream-1.4.10.jar:/Users/Waggi/.gradle/caches/modules-2/files-2.1/com.netflix.zuul/zuul-core/1.3.1/ac3c4bc250ccdc95d32ae2747b39c7e6dcca9fed/zuul-core-1.3.1.jar:/Users/Waggi/.gradle/caches/modules-2/files-2.1/org.springframework.boot/spring-boot-test-autoconfigure/2.0.2.RELEASE/4993bdd96a4c02bc5b5703862d99ef4c563f25d0/spring-boot-test-autoconfigure-2.0.2.RELEASE.jar:/Users/Waggi/.gradle/caches/modules-2/files-2.1/org.springframework.boot/spring-boot-test/2.0.2.RELEASE/fc85812e6543312a3b0ea9fbbdfd4a51183380a3/spring-boot-test-2.0.2.RELEASE.jar:/Users/Waggi/.gradle/caches/modules-2/files-2.1/com.jayway.jsonpath/json-path/2.4.0/765a4401ceb2dc8d40553c2075eb80a8fa35c2ae/json-path-2.4.0.jar:/Users/Waggi/.gradle/caches/modules-2/files-2.1/junit/junit/4.12/2973d150c0dc1fefe998f834810d68f278ea58ec/junit-4.12.jar:/Users/Waggi/.gradle/caches/modules-2/files-2.1/org.assertj/assertj-core/3.9.1/c5ce126b15f28d56cd8f960c1a6a058b9c9aea87/assertj-core-3.9.1.jar:/Users/Waggi/.gradle/caches/modules-2/files-2.1/org.mockito/mockito-core/2.15.0/b84bfbbc29cd22c9529409627af6ea2897f4fa85/mockito-core-2.15.0.jar:/Users/Waggi/.gradle/caches/modules-2/files-2.1/org.hamcrest/hamcrest-library/1.3/4785a3c21320980282f9f33d0d1264a69040538f/hamcrest-library-1.3.jar:/Users/Waggi/.gradle/caches/modules-2/files-2.1/org.hamcrest/hamcrest-core/1.3/42a25dc3219429f0e5d060061f71acb49bf010a0/hamcrest-core-1.3.jar:/Users/Waggi/.gradle/caches/modules-2/files-2.1/org.skyscreamer/jsonassert/1.5.0/6c9d5fe2f59da598d9aefc1cfc6528ff3cf32df3/jsonassert-1.5.0.jar:/Users/Waggi/.gradle/caches/modules-2/files-2.1/org.springframework/spring-test/5.0.6.RELEASE/dbc99b288774b2e07d94bc14fe38d556bc3ed34a/spring-test-5.0.6.RELEASE.jar:/Users/Waggi/.gradle/caches/modules-2/files-2.1/org.springframework.boot/spring-boot-actuator-autoconfigure/2.0.2.RELEASE/5165c5f431baf565bf9b07ce1956b71706fa37d/spring-boot-actuator-autoconfigure-2.0.2.RELEASE.jar:/Users/Waggi/.gradle/caches/modules-2/files-2.1/org.springframework.boot/spring-boot-autoconfigure/2.0.2.RELEASE/f4b25e753e4955337a138d8b1550236b5efe5b3b/spring-boot-autoconfigure-2.0.2.RELEASE.jar:/Users/Waggi/.gradle/caches/modules-2/files-2.1/org.springframework.boot/spring-boot-actuator/2.0.2.RELEASE/b849b4a60d01e6a17d563314d67bae4697b6ed04/spring-boot-actuator-2.0.2.RELEASE.jar:/Users/Waggi/.gradle/caches/modules-2/files-2.1/org.springframework.boot/spring-boot/2.0.2.RELEASE/15012cf02e9f77938244e554f0598535fdd1cb38/spring-boot-2.0.2.RELEASE.jar:/Users/Waggi/.gradle/caches/modules-2/files-2.1/org.springframework/spring-context/5.0.6.RELEASE/8b73b742ef0ddce04f0f1068f305de240b00ce0d/spring-context-5.0.6.RELEASE.jar:/Users/Waggi/.gradle/caches/modules-2/files-2.1/org.springframework/spring-expression/5.0.6.RELEASE/dec57ae5e6f0dfd4c6cfc199aa13ed268c3e1a65/spring-expression-5.0.6.RELEASE.jar:/Users/Waggi/.gradle/caches/modules-2/files-2.1/org.springframework/spring-aop/5.0.6.RELEASE/74078df698992054c1c1a8f705763a6c7b4b914c/spring-aop-5.0.6.RELEASE.jar:/Users/Waggi/.gradle/caches/modules-2/files-2.1/org.springframework/spring-beans/5.0.6.RELEASE/d609b83cd8a71650a70778cf8d02c9a05b9161fe/spring-beans-5.0.6.RELEASE.jar:/Users/Waggi/.gradle/caches/modules-2/files-2.1/org.springframework/spring-core/5.0.6.RELEASE/984a52455b1be596b7f1a29f62d21d2f483eb764/spring-core-5.0.6.RELEASE.jar:/Users/Waggi/.gradle/caches/modules-2/files-2.1/org.xmlunit/xmlunit-core/2.5.1/4ffdb346572a7356f7521cd3119ce5287d2e339d/xmlunit-core-2.5.1.jar:/Users/Waggi/.gradle/caches/modules-2/files-2.1/org.springframework.boot/spring-boot-starter-logging/2.0.2.RELEASE/b56d7d1931792d6e58dbd41f956912359ba85238/spring-boot-starter-logging-2.0.2.RELEASE.jar:/Users/Waggi/.gradle/caches/modules-2/files-2.1/javax.annotation/javax.annotation-api/1.3.2/934c04d3cfef185a8008e7bf34331b79730a9d43/javax.annotation-api-1.3.2.jar:/Users/Waggi/.gradle/caches/modules-2/files-2.1/org.yaml/snakeyaml/1.19/2d998d3d674b172a588e54ab619854d073f555b5/snakeyaml-1.19.jar:/Users/Waggi/.gradle/caches/modules-2/files-2.1/com.fasterxml.jackson.datatype/jackson-datatype-jdk8/2.9.5/23e37f085279ba316c0df923513b81609e1d1f6/jackson-datatype-jdk8-2.9.5.jar:/Users/Waggi/.gradle/caches/modules-2/files-2.1/com.fasterxml.jackson.datatype/jackson-datatype-jsr310/2.9.5/d1f0d11e816bc04e222a261106ca138801841c2d/jackson-datatype-jsr310-2.9.5.jar:/Users/Waggi/.gradle/caches/modules-2/files-2.1/com.fasterxml.jackson.module/jackson-module-parameter-names/2.9.5/f824c60751ffb7bfc3a0d30dfe0e42317d8e67f5/jackson-module-parameter-names-2.9.5.jar:/Users/Waggi/.gradle/caches/modules-2/files-2.1/com.netflix.netflix-commons/netflix-eventbus/0.3.0/3f864adbe81f0849729fcbba3fe693c32be739ea/netflix-eventbus-0.3.0.jar:/Users/Waggi/.gradle/caches/modules-2/files-2.1/com.netflix.ribbon/ribbon/2.2.5/3f97c8acfc68c35012f00d10b9ac63fc8f48d790/ribbon-2.2.5.jar:/Users/Waggi/.gradle/caches/modules-2/files-2.1/com.netflix.ribbon/ribbon-httpclient/2.2.5/e2662937935d218f2c63105f6df39c3dfa0d06a1/ribbon-httpclient-2.2.5.jar:/Users/Waggi/.gradle/caches/modules-2/files-2.1/com.netflix.ribbon/ribbon-transport/2.2.5/7c8e321322a98c72a36f4a81f84cafe21273c010/ribbon-transport-2.2.5.jar:/Users/Waggi/.gradle/caches/modules-2/files-2.1/com.netflix.ribbon/ribbon-loadbalancer/2.2.5/5f713ef0b8d01580666face5e91d8c6af1daa468/ribbon-loadbalancer-2.2.5.jar:/Users/Waggi/.gradle/caches/modules-2/files-2.1/com.netflix.ribbon/ribbon-core/2.2.5/80b6fe934799269073e69c5d7e67334459ef7e2e/ribbon-core-2.2.5.jar:/Users/Waggi/.gradle/caches/modules-2/files-2.1/com.netflix.hystrix/hystrix-metrics-event-stream/1.5.12/3b3beae83ab5e8c10154c9e9581d7c210276e227/hystrix-metrics-event-stream-1.5.12.jar:/Users/Waggi/.gradle/caches/modules-2/files-2.1/com.netflix.hystrix/hystrix-serialization/1.5.12/ef4a2758e5bc6cf42ae848d4ba3d5363e0a2b27/hystrix-serialization-1.5.12.jar:/Users/Waggi/.gradle/caches/modules-2/files-2.1/com.netflix.hystrix/hystrix-javanica/1.5.12/5e4d888e0dba811e8ac3a9dbc8cbcc511734ace4/hystrix-javanica-1.5.12.jar:/Users/Waggi/.gradle/caches/modules-2/files-2.1/com.netflix.hystrix/hystrix-core/1.5.12/75379b6671fcaa9cec33035df684a68ec7741ca6/hystrix-core-1.5.12.jar:/Users/Waggi/.gradle/caches/modules-2/files-2.1/com.netflix.archaius/archaius-core/0.7.6/be0c1024d08ad68ec25f9f32b0e9df1ab7ecb45b/archaius-core-0.7.6.jar:/Users/Waggi/.gradle/caches/modules-2/files-2.1/com.fasterxml.jackson.module/jackson-module-afterburner/2.9.5/1bdf7fe138879a07df877ccc2bc1c6d172e39144/jackson-module-afterburner-2.9.5.jar:/Users/Waggi/.gradle/caches/modules-2/files-2.1/com.fasterxml.jackson.core/jackson-databind/2.9.5/3490508379d065fe3fcb80042b62f630f7588606/jackson-databind-2.9.5.jar:/Users/Waggi/.gradle/caches/modules-2/files-2.1/org.apache.tomcat.embed/tomcat-embed-websocket/8.5.31/6564e716b89de5eaa0dd234ae7989576503ddf3/tomcat-embed-websocket-8.5.31.jar:/Users/Waggi/.gradle/caches/modules-2/files-2.1/org.apache.tomcat.embed/tomcat-embed-core/8.5.31/f5adf7ed8c34aa005b22b6a2dc7b6796e10e9c79/tomcat-embed-core-8.5.31.jar:/Users/Waggi/.gradle/caches/modules-2/files-2.1/org.apache.tomcat.embed/tomcat-embed-el/8.5.31/3a536e1ac71b82627c3a7408eb38fa0704cb9034/tomcat-embed-el-8.5.31.jar:/Users/Waggi/.gradle/caches/modules-2/files-2.1/javax.validation/validation-api/2.0.1.Final/cb855558e6271b1b32e716d24cb85c7f583ce09e/validation-api-2.0.1.Final.jar:/Users/Waggi/.gradle/caches/modules-2/files-2.1/org.jboss.logging/jboss-logging/3.3.2.Final/3789d00e859632e6c6206adc0c71625559e6e3b0/jboss-logging-3.3.2.Final.jar:/Users/Waggi/.gradle/caches/modules-2/files-2.1/com.fasterxml/classmate/1.3.4/3d5f48f10bbe4eb7bd862f10c0583be2e0053c6/classmate-1.3.4.jar:/Users/Waggi/.gradle/caches/modules-2/files-2.1/org.springframework.cloud/spring-cloud-context/2.0.0.RC2/f6d84a868d3d67cc4426c23f2ab9280d77c7f400/spring-cloud-context-2.0.0.RC2.jar:/Users/Waggi/.gradle/caches/modules-2/files-2.1/org.springframework.cloud/spring-cloud-commons/2.0.0.RC2/2bca59a30163c6cc84e6730629b27a54cbc9da54/spring-cloud-commons-2.0.0.RC2.jar:/Users/Waggi/.gradle/caches/modules-2/files-2.1/org.springframework.security/spring-security-rsa/1.0.5.RELEASE/31bd1111ada2f455eb0f492ed09e39deda18ca99/spring-security-rsa-1.0.5.RELEASE.jar:/Users/Waggi/.gradle/caches/modules-2/files-2.1/org.codehaus.jettison/jettison/1.3.7/7d36a59a0577f11b12088b9e215d6860345b9e1d/jettison-1.3.7.jar:/Users/Waggi/.gradle/caches/modules-2/files-2.1/com.sun.jersey.contribs/jersey-apache-client4/1.19.1/e1c45701a003097ace96bed4bc8fb937e9867498/jersey-apache-client4-1.19.1.jar:/Users/Waggi/.gradle/caches/modules-2/files-2.1/com.sun.jersey/jersey-client/1.19.1/2df97ebd4e5c01599584c45caa3aeb563d268eef/jersey-client-1.19.1.jar:/Users/Waggi/.gradle/caches/modules-2/files-2.1/com.sun.jersey/jersey-core/1.19.1/4282d106f2acd5051bd9bc2935ed9a2920c9385/jersey-core-1.19.1.jar:/Users/Waggi/.gradle/caches/modules-2/files-2.1/javax.ws.rs/jsr311-api/1.1.1/59033da2a1afd56af1ac576750a8d0b1830d59e6/jsr311-api-1.1.1.jar:/Users/Waggi/.gradle/caches/modules-2/files-2.1/io.reactivex/rxnetty-servo/0.4.9/b7d6d6e132686c280f16710eaa3e90719f6808f8/rxnetty-servo-0.4.9.jar:/Users/Waggi/.gradle/caches/modules-2/files-2.1/com.netflix.servo/servo-core/0.12.21/f56c3bf161217be98fbe4135adf8480590db9c37/servo-core-0.12.21.jar:/Users/Waggi/.gradle/caches/modules-2/files-2.1/org.apache.httpcomponents/httpclient/4.5.5/1603dfd56ebcd583ccdf337b6c3984ac55d89e58/httpclient-4.5.5.jar:/Users/Waggi/.gradle/caches/modules-2/files-2.1/com.google.inject/guice/4.1.0/eeb69005da379a10071aa4948c48d89250febb07/guice-4.1.0.jar:/Users/Waggi/.gradle/caches/modules-2/files-2.1/com.github.vlsi.compactmap/compactmap/1.2.1/27aec1f3162c14b8a1178bb5c75ab43b618308ef/compactmap-1.2.1.jar:/Users/Waggi/.gradle/caches/modules-2/files-2.1/com.fasterxml.jackson.core/jackson-annotations/2.9.0/7c10d545325e3a6e72e06381afe469fd40eb701/jackson-annotations-2.9.0.jar:/Users/Waggi/.gradle/caches/modules-2/files-2.1/com.fasterxml.jackson.core/jackson-core/2.9.5/a22ac51016944b06fd9ffbc9541c6e7ce5eea117/jackson-core-2.9.5.jar:/Users/Waggi/.gradle/caches/modules-2/files-2.1/org.codehaus.woodstox/woodstox-core-asl/4.4.1/84fee5eb1a4a1cefe65b6883c73b3fa83be3c1a1/woodstox-core-asl-4.4.1.jar:/Users/Waggi/.gradle/caches/modules-2/files-2.1/org.springframework.cloud/spring-cloud-netflix-ribbon/2.0.0.RC2/e6fb9a8beecdb7e225bc435c810a7248000ef750/spring-cloud-netflix-ribbon-2.0.0.RC2.jar:/Users/Waggi/.gradle/caches/modules-2/files-2.1/org.springframework.cloud/spring-cloud-netflix-archaius/2.0.0.RC2/f14a6375082f06a26c5e1c1aa0f18305aea74af8/spring-cloud-netflix-archaius-2.0.0.RC2.jar:/Users/Waggi/.gradle/caches/modules-2/files-2.1/commons-configuration/commons-configuration/1.8/6cce40435bcd8018018f16898de01976b319941a/commons-configuration-1.8.jar:/Users/Waggi/.gradle/caches/modules-2/files-2.1/io.reactivex/rxjava-reactive-streams/1.2.1/dac56d021c092c34662943dae3ab1432542005/rxjava-reactive-streams-1.2.1.jar:/Users/Waggi/.gradle/caches/modules-2/files-2.1/io.reactivex/rxnetty-contexts/0.4.9/6efe17a25602a5424c18ab975aa9c28b6d6b7f56/rxnetty-contexts-0.4.9.jar:/Users/Waggi/.gradle/caches/modules-2/files-2.1/io.reactivex/rxnetty/0.4.9/5aff3c9d6bb9d9066c378bb3d2a4413ed1773bcf/rxnetty-0.4.9.jar:/Users/Waggi/.gradle/caches/modules-2/files-2.1/io.reactivex/rxjava/1.3.8/8c192792ad2e65a90867ab418ac49703f44d2baf/rxjava-1.3.8.jar:/Users/Waggi/.gradle/caches/modules-2/files-2.1/com.netflix.netflix-commons/netflix-commons-util/0.3.0/8a6ffc41308c300197918eff3df1a7447ddaf468/netflix-commons-util-0.3.0.jar:/Users/Waggi/.gradle/caches/modules-2/files-2.1/ch.qos.logback/logback-classic/1.2.3/7c4f3c474fb2c041d8028740440937705ebb473a/logback-classic-1.2.3.jar:/Users/Waggi/.gradle/caches/modules-2/files-2.1/org.apache.logging.log4j/log4j-to-slf4j/2.10.0/f7e631ccf49cfc0aefa4a2a728da7d374c05bd3c/log4j-to-slf4j-2.10.0.jar:/Users/Waggi/.gradle/caches/modules-2/files-2.1/org.slf4j/jul-to-slf4j/1.7.25/af5364cd6679bfffb114f0dec8a157aaa283b76/jul-to-slf4j-1.7.25.jar:/Users/Waggi/.gradle/caches/modules-2/files-2.1/com.netflix.netflix-commons/netflix-infix/0.3.0/acc65969f7367ddd2f1265e0cd7330509ed530dc/netflix-infix-0.3.0.jar:/Users/Waggi/.gradle/caches/modules-2/files-2.1/com.netflix.netflix-commons/netflix-statistics/0.1.1/12f6e48253f9cafa0e24d7d232ff504c52143212/netflix-statistics-0.1.1.jar:/Users/Waggi/.gradle/caches/modules-2/files-2.1/org.slf4j/slf4j-api/1.7.25/da76ca59f6a57ee3102f8f9bd9cee742973efa8a/slf4j-api-1.7.25.jar:/Users/Waggi/.gradle/caches/modules-2/files-2.1/xmlpull/xmlpull/1.1.3.1/2b8e230d2ab644e4ecaa94db7cdedbc40c805dfa/xmlpull-1.1.3.1.jar:/Users/Waggi/.gradle/caches/modules-2/files-2.1/xpp3/xpp3_min/1.1.4c/19d4e90b43059058f6e056f794f0ea4030d60b86/xpp3_min-1.1.4c.jar:/Users/Waggi/.gradle/caches/modules-2/files-2.1/io.micrometer/micrometer-core/1.0.4/469c27eee20e79bdfd31ea93adfe43f95bfa4887/micrometer-core-1.0.4.jar:/Users/Waggi/.gradle/caches/modules-2/files-2.1/commons-io/commons-io/2.4/b1b6ea3b7e4aa4f492509a4952029cd8e48019ad/commons-io-2.4.jar:/Users/Waggi/.gradle/caches/modules-2/files-2.1/net.minidev/json-smart/2.3/7396407491352ce4fa30de92efb158adb76b5b/json-smart-2.3.jar:/Users/Waggi/.gradle/caches/modules-2/files-2.1/net.bytebuddy/byte-buddy/1.7.11/f02857a4e2c66ccbe7aaad6100a0a6c461bce9b3/byte-buddy-1.7.11.jar:/Users/Waggi/.gradle/caches/modules-2/files-2.1/net.bytebuddy/byte-buddy-agent/1.7.11/b425a8933ca07edd03c6dbc8bc3b595fba9780de/byte-buddy-agent-1.7.11.jar:/Users/Waggi/.gradle/caches/modules-2/files-2.1/org.objenesis/objenesis/2.6/639033469776fd37c08358c6b92a4761feb2af4b/objenesis-2.6.jar:/Users/Waggi/.gradle/caches/modules-2/files-2.1/com.vaadin.external.google/android-json/0.0.20131108.vaadin1/fa26d351fe62a6a17f5cda1287c1c6110dec413f/android-json-0.0.20131108.vaadin1.jar:/Users/Waggi/.gradle/caches/modules-2/files-2.1/org.springframework/spring-jcl/5.0.6.RELEASE/295ee4e8657e9c1fd327735c01d5fbce339cc44d/spring-jcl-5.0.6.RELEASE.jar:/Users/Waggi/.gradle/caches/modules-2/files-2.1/org.springframework.security/spring-security-crypto/5.0.5.RELEASE/23256a0513b1a3c0ede42ae605d6fa25c1241ad/spring-security-crypto-5.0.5.RELEASE.jar:/Users/Waggi/.gradle/caches/modules-2/files-2.1/org.bouncycastle/bcpkix-jdk15on/1.56/4648af70268b6fdb24674fb1fd7c1fcc73db1231/bcpkix-jdk15on-1.56.jar:/Users/Waggi/.gradle/caches/modules-2/files-2.1/org.aspectj/aspectjweaver/1.8.13/ad94df2a28d658a40dc27bbaff6a1ce5fbf04e9b/aspectjweaver-1.8.13.jar:/Users/Waggi/.gradle/caches/modules-2/files-2.1/stax/stax-api/1.0.1/49c100caf72d658aca8e58bd74a4ba90fa2b0d70/stax-api-1.0.1.jar:/Users/Waggi/.gradle/caches/modules-2/files-2.1/org.apache.commons/commons-math/2.2/4877b85d388275f994a5cfc7eceb73a8045d3006/commons-math-2.2.jar:/Users/Waggi/.gradle/caches/modules-2/files-2.1/com.google.guava/guava/19.0/6ce200f6b23222af3d8abb6b6459e6c44f4bb0e9/guava-19.0.jar:/Users/Waggi/.gradle/caches/modules-2/files-2.1/org.apache.httpcomponents/httpcore/4.4.9/a86ce739e5a7175b4b234c290a00a5fdb80957a0/httpcore-4.4.9.jar:/Users/Waggi/.gradle/caches/modules-2/files-2.1/commons-codec/commons-codec/1.11/3acb4705652e16236558f0f4f2192cc33c3bd189/commons-codec-1.11.jar:/Users/Waggi/.gradle/caches/modules-2/files-2.1/javax.inject/javax.inject/1/6975da39a7040257bd51d21a231b76c915872d38/javax.inject-1.jar:/Users/Waggi/.gradle/caches/modules-2/files-2.1/aopalliance/aopalliance/1.0/235ba8b489512805ac13a8f9ea77a1ca5ebe3e8/aopalliance-1.0.jar:/Users/Waggi/.gradle/caches/modules-2/files-2.1/com.github.andrewoma.dexx/dexx-collections/0.2/a1cff10827ee471c215a99585b99f00d3a602194/dexx-collections-0.2.jar:/Users/Waggi/.gradle/caches/modules-2/files-2.1/javax.xml.stream/stax-api/1.0-2/d6337b0de8b25e53e81b922352fbea9f9f57ba0b/stax-api-1.0-2.jar:/Users/Waggi/.gradle/caches/modules-2/files-2.1/org.codehaus.woodstox/stax2-api/3.1.4/ac19014b1e6a7c08aad07fe114af792676b685b7/stax2-api-3.1.4.jar:/Users/Waggi/.gradle/caches/modules-2/files-2.1/commons-lang/commons-lang/2.6/ce1edb914c94ebc388f086c6827e8bdeec71ac2/commons-lang-2.6.jar:/Users/Waggi/.gradle/caches/modules-2/files-2.1/commons-collections/commons-collections/3.2.2/8ad72fe39fa8c91eaaf12aadb21e0c3661fe26d5/commons-collections-3.2.2.jar:/Users/Waggi/.gradle/caches/modules-2/files-2.1/org.hdrhistogram/HdrHistogram/2.1.10/9e1ac84eed220281841b75e72fb9de5a297fbf04/HdrHistogram-2.1.10.jar:/Users/Waggi/.gradle/caches/modules-2/files-2.1/org.latencyutils/LatencyUtils/2.0.3/769c0b82cb2421c8256300e907298a9410a2a3d3/LatencyUtils-2.0.3.jar:/Users/Waggi/.gradle/caches/modules-2/files-2.1/org.apache.commons/commons-lang3/3.7/557edd918fd41f9260963583ebf5a61a43a6b423/commons-lang3-3.7.jar:/Users/Waggi/.gradle/caches/modules-2/files-2.1/net.minidev/accessors-smart/1.2/c592b500269bfde36096641b01238a8350f8aa31/accessors-smart-1.2.jar:/Users/Waggi/.gradle/caches/modules-2/files-2.1/org.ow2.asm/asm/5.0.4/da08b8cce7bbf903602a25a3a163ae252435795/asm-5.0.4.jar:/Users/Waggi/.gradle/caches/modules-2/files-2.1/org.reactivestreams/reactive-streams/1.0.2/323964c36556eb0e6209f65c1cef72b53b461ab8/reactive-streams-1.0.2.jar:/Users/Waggi/.gradle/caches/modules-2/files-2.1/ch.qos.logback/logback-core/1.2.3/864344400c3d4d92dfeb0a305dc87d953677c03c/logback-core-1.2.3.jar:/Users/Waggi/.gradle/caches/modules-2/files-2.1/org.apache.logging.log4j/log4j-api/2.10.0/fec5797a55b786184a537abd39c3fa1449d752d6/log4j-api-2.10.0.jar:/Users/Waggi/.gradle/caches/modules-2/files-2.1/org.bouncycastle/bcprov-jdk15on/1.56/a153c6f9744a3e9dd6feab5e210e1c9861362ec7/bcprov-jdk15on-1.56.jar:/Users/Waggi/.gradle/caches/modules-2/files-2.1/commons-jxpath/commons-jxpath/1.3/c22d7d0f0f40eb7059a23cfa61773a416768b137/commons-jxpath-1.3.jar:/Users/Waggi/.gradle/caches/modules-2/files-2.1/joda-time/joda-time/2.9.9/f7b520c458572890807d143670c9b24f4de90897/joda-time-2.9.9.jar:/Users/Waggi/.gradle/caches/modules-2/files-2.1/org.antlr/antlr-runtime/3.4/8f011408269a8e42b8548687e137d8eeb56df4b4/antlr-runtime-3.4.jar:/Users/Waggi/.gradle/caches/modules-2/files-2.1/com.google.code.gson/gson/2.8.4/d0de1ca9b69e69d1d497ee3c6009d015f64dad57/gson-2.8.4.jar:/Users/Waggi/.gradle/caches/modules-2/files-2.1/io.netty/netty-codec-http/4.1.24.Final/8f20009953b2c7c3d860cef928007bc01aa58ac/netty-codec-http-4.1.24.Final.jar:/Users/Waggi/.gradle/caches/modules-2/files-2.1/io.netty/netty-transport-native-epoll/4.1.24.Final/4059baf083c81fa17b317f11c58f1443504ba587/netty-transport-native-epoll-4.1.24.Final.jar:/Users/Waggi/.gradle/caches/modules-2/files-2.1/org.antlr/stringtemplate/3.2.1/59ec8083721eae215c6f3caee944c410d2be34de/stringtemplate-3.2.1.jar:/Users/Waggi/.gradle/caches/modules-2/files-2.1/antlr/antlr/2.7.7/83cd2cd674a217ade95a4bb83a8a14f351f48bd0/antlr-2.7.7.jar:/Users/Waggi/.gradle/caches/modules-2/files-2.1/io.netty/netty-codec/4.1.24.Final/290857e5103956bbda11836e33245f2439226b77/netty-codec-4.1.24.Final.jar:/Users/Waggi/.gradle/caches/modules-2/files-2.1/io.netty/netty-transport-native-unix-common/4.1.24.Final/16a46eaa33853af1fdec5682fcebc3ca5f5d196b/netty-transport-native-unix-common-4.1.24.Final.jar:/Users/Waggi/.gradle/caches/modules-2/files-2.1/io.netty/netty-transport/4.1.24.Final/d37292c94d3a4cba48d9b6cfb6e8e55282035d0d/netty-transport-4.1.24.Final.jar:/Users/Waggi/.gradle/caches/modules-2/files-2.1/io.netty/netty-buffer/4.1.24.Final/e354bed2e60b568307138e403f55ba241c1c16d2/netty-buffer-4.1.24.Final.jar:/Users/Waggi/.gradle/caches/modules-2/files-2.1/io.netty/netty-resolver/4.1.24.Final/dbc1e5b50d31aed883ea3beeb6489e1977d0687f/netty-resolver-4.1.24.Final.jar:/Users/Waggi/.gradle/caches/modules-2/files-2.1/io.netty/netty-common/4.1.24.Final/7eeecd7906543214c3c1c984d275d3c6de10b99d/netty-common-4.1.24.Final.jar, user.name=Waggi, java.vm.specification.version=1.8, sun.java.command=worker.org.gradle.process.internal.worker.GradleWorkerMain 'Gradle Test Executor 3', java.home=/Library/Java/JavaVirtualMachines/jdk1.8.0_131.jdk/Contents/Home/jre, sun.arch.data.model=64, user.language=ru, java.specification.vendor=Oracle Corporation, awt.toolkit=sun.lwawt.macosx.LWCToolkit, java.vm.info=mixed mode, java.version=1.8.0_131, java.ext.dirs=/Users/Waggi/Library/Java/Extensions:/Library/Java/JavaVirtualMachines/jdk1.8.0_131.jdk/Contents/Home/jre/lib/ext:/Library/Java/Extensions:/Network/Library/Java/Extensions:/System/Library/Java/Extensions:/usr/lib/java, sun.boot.class.path=/Library/Java/JavaVirtualMachines/jdk1.8.0_131.jdk/Contents/Home/jre/lib/resources.jar:/Library/Java/JavaVirtualMachines/jdk1.8.0_131.jdk/Contents/Home/jre/lib/rt.jar:/Library/Java/JavaVirtualMachines/jdk1.8.0_131.jdk/Contents/Home/jre/lib/sunrsasign.jar:/Library/Java/JavaVirtualMachines/jdk1.8.0_131.jdk/Contents/Home/jre/lib/jsse.jar:/Library/Java/JavaVirtualMachines/jdk1.8.0_131.jdk/Contents/Home/jre/lib/jce.jar:/Library/Java/JavaVirtualMachines/jdk1.8.0_131.jdk/Contents/Home/jre/lib/charsets.jar:/Library/Java/JavaVirtualMachines/jdk1.8.0_131.jdk/Contents/Home/jre/lib/jfr.jar:/Library/Java/JavaVirtualMachines/jdk1.8.0_131.jdk/Contents/Home/jre/classes, java.vendor=Oracle Corporation, org.gradle.test.worker=3, file.separator=/, java.vendor.url.bug=http://bugreport.sun.com/bugreport/, sun.io.unicode.encoding=UnicodeBig, sun.cpu.endian=little, socksNonProxyHosts=local|*.local|169.254/16|*.169.254/16, ftp.nonProxyHosts=local|*.local|169.254/16|*.169.254/16, sun.cpu.isalist=}}, SystemEnvironmentPropertySource@786153753 {name='systemEnvironment', properties={PATH=/Users/Waggi/.sdkman/candidates/grails/2.5.6/bin:/Users/Waggi/DEV/apache-maven-3.5.0/bin:/usr/local/mysql/bin:/usr/local/bin:/usr/bin:/bin:/usr/sbin:/sbin:/opt/X11/bin:/Users/Waggi/DEV/db/mongodb-osx-x86_64-3.6.3/bin:/Users/Waggi/DEV/gradle-4.6/bin, SHELL=/bin/bash, GRAILS_HOME=/Users/Waggi/.sdkman/candidates/grails/2.5.6, GRADLE_PATH=/Users/Waggi/DEV/gradle-4.6, JAVA_MAIN_CLASS_19704=worker.org.gradle.process.internal.worker.GradleWorkerMain, JAVA_HOME=/Library/Java/JavaVirtualMachines/jdk1.8.0_131.jdk/Contents/Home, MONGO_PATH=/Users/Waggi/DEV/db/mongodb-osx-x86_64-3.6.3, USER=Waggi, VERSIONER_PYTHON_PREFER_32_BIT=no, TMPDIR=/var/folders/cw/rgnzd_bn3614m4bpctqxqj980000gn/T/, SSH_AUTH_SOCK=/private/tmp/com.apple.launchd.0FqWzzkVvf/Listeners, DISPLAY=/private/tmp/com.apple.launchd.DuhbYa1eix/org.macosforge.xquartz:0, XPC_FLAGS=0x0, VERSIONER_PYTHON_VERSION=2.7, M2_HOME=/Users/Waggi/DEV/apache-maven-3.5.0, __CF_USER_TEXT_ENCODING=0x1F5:0x7:0x31, Apple_PubSub_Socket_Render=/private/tmp/com.apple.launchd.01mpuvXQhe/Render, LOGNAME=Waggi, LC_CTYPE=ru_RU.UTF-8, XPC_SERVICE_NAME=com.jetbrains.intellij.8232, HOME=/Users/Waggi}}]
17:51:59.646 [Test worker] DEBUG org.springframework.test.context.support.TestPropertySourceUtils - Adding inlined properties to environment: {spring.jmx.enabled=false, org.springframework.boot.test.context.SpringBootTestContextBootstrapper=true, server.port=-1}
17:51:59.647 [Test worker] DEBUG org.springframework.core.env.StandardEnvironment - Adding PropertySource 'Inlined Test Properties' with highest search precedence
2018-06-12 17:52:00.968  INFO 19704 --- [    Test worker] s.c.a.AnnotationConfigApplicationContext : Refreshing org.springframework.context.annotation.AnnotationConfigApplicationContext@2cd1004a: startup date [Tue Jun 12 17:52:00 YEKT 2018]; root of context hierarchy
2018-06-12 17:52:01.754  INFO 19704 --- [    Test worker] f.a.AutowiredAnnotationBeanPostProcessor : JSR-330 'javax.inject.Inject' annotation found and supported for autowiring
2018-06-12 17:52:01.882  INFO 19704 --- [    Test worker] trationDelegate$BeanPostProcessorChecker : Bean 'configurationPropertiesRebinderAutoConfiguration' of type [org.springframework.cloud.autoconfigure.ConfigurationPropertiesRebinderAutoConfiguration$$EnhancerBySpringCGLIB$$975b8fc5] is not eligible for getting processed by all BeanPostProcessors (for example: not eligible for auto-proxying)

  .   ____          _            __ _ _
 /\\ / ___'_ __ _ _(_)_ __  __ _ \ \ \ \
( ( )\___ | '_ | '_| | '_ \/ _` | \ \ \ \
 \\/  ___)| |_)| | | | | || (_| |  ) ) ) )
  '  |____| .__|_| |_|_| |_\__, | / / / /
 =========|_|==============|___/=/_/_/_/
 :: Spring Boot ::        (v2.0.2.RELEASE)

2018-06-12 17:52:02.281  INFO 19704 --- [    Test worker] c.w.g.GatewayServiceApplicationTests     : No active profile set, falling back to default profiles: default
2018-06-12 17:52:02.291  INFO 19704 --- [    Test worker] o.s.w.c.s.GenericWebApplicationContext   : Refreshing org.springframework.web.context.support.GenericWebApplicationContext@735f5abf: startup date [Tue Jun 12 17:52:02 YEKT 2018]; parent: org.springframework.context.annotation.AnnotationConfigApplicationContext@2cd1004a
2018-06-12 17:52:04.233  INFO 19704 --- [    Test worker] o.s.b.f.s.DefaultListableBeanFactory     : Overriding bean definition for bean 'proxyRequestHelper' with a different definition: replacing [Root bean: class [null]; scope=; abstract=false; lazyInit=false; autowireMode=3; dependencyCheck=0; autowireCandidate=true; primary=false; factoryBeanName=org.springframework.cloud.netflix.zuul.ZuulProxyAutoConfiguration$EndpointConfiguration; factoryMethodName=proxyRequestHelper; initMethodName=null; destroyMethodName=(inferred); defined in class path resource [org/springframework/cloud/netflix/zuul/ZuulProxyAutoConfiguration$EndpointConfiguration.class]] with [Root bean: class [null]; scope=; abstract=false; lazyInit=false; autowireMode=3; dependencyCheck=0; autowireCandidate=true; primary=false; factoryBeanName=org.springframework.cloud.netflix.zuul.ZuulProxyAutoConfiguration$NoActuatorConfiguration; factoryMethodName=proxyRequestHelper; initMethodName=null; destroyMethodName=(inferred); defined in class path resource [org/springframework/cloud/netflix/zuul/ZuulProxyAutoConfiguration$NoActuatorConfiguration.class]]
2018-06-12 17:52:04.254  INFO 19704 --- [    Test worker] o.s.b.f.s.DefaultListableBeanFactory     : Overriding bean definition for bean 'counterFactory' with a different definition: replacing [Root bean: class [null]; scope=; abstract=false; lazyInit=false; autowireMode=3; dependencyCheck=0; autowireCandidate=true; primary=false; factoryBeanName=org.springframework.cloud.netflix.zuul.ZuulServerAutoConfiguration$ZuulMetricsConfiguration; factoryMethodName=counterFactory; initMethodName=null; destroyMethodName=(inferred); defined in class path resource [org/springframework/cloud/netflix/zuul/ZuulServerAutoConfiguration$ZuulMetricsConfiguration.class]] with [Root bean: class [null]; scope=; abstract=false; lazyInit=false; autowireMode=3; dependencyCheck=0; autowireCandidate=true; primary=false; factoryBeanName=org.springframework.cloud.netflix.zuul.ZuulServerAutoConfiguration$ZuulCounterFactoryConfiguration; factoryMethodName=counterFactory; initMethodName=null; destroyMethodName=(inferred); defined in class path resource [org/springframework/cloud/netflix/zuul/ZuulServerAutoConfiguration$ZuulCounterFactoryConfiguration.class]]
2018-06-12 17:52:05.127  INFO 19704 --- [    Test worker] o.s.cloud.context.scope.GenericScope     : BeanFactory id=7da0a738-afa3-3d33-9473-2024375737f0
2018-06-12 17:52:05.416  INFO 19704 --- [    Test worker] f.a.AutowiredAnnotationBeanPostProcessor : JSR-330 'javax.inject.Inject' annotation found and supported for autowiring
2018-06-12 17:52:06.153  INFO 19704 --- [    Test worker] trationDelegate$BeanPostProcessorChecker : Bean 'org.springframework.cloud.autoconfigure.ConfigurationPropertiesRebinderAutoConfiguration' of type [org.springframework.cloud.autoconfigure.ConfigurationPropertiesRebinderAutoConfiguration$$EnhancerBySpringCGLIB$$975b8fc5] is not eligible for getting processed by all BeanPostProcessors (for example: not eligible for auto-proxying)
2018-06-12 17:52:07.016  WARN 19704 --- [    Test worker] c.n.c.sources.URLConfigurationSource     : No URLs will be polled as dynamic configuration sources.
2018-06-12 17:52:07.017  INFO 19704 --- [    Test worker] c.n.c.sources.URLConfigurationSource     : To enable URLs as dynamic configuration sources, define System property archaius.configurationSource.additionalUrls or make config.properties available on classpath.
2018-06-12 17:52:07.035  WARN 19704 --- [    Test worker] c.n.c.sources.URLConfigurationSource     : No URLs will be polled as dynamic configuration sources.
2018-06-12 17:52:07.036  INFO 19704 --- [    Test worker] c.n.c.sources.URLConfigurationSource     : To enable URLs as dynamic configuration sources, define System property archaius.configurationSource.additionalUrls or make config.properties available on classpath.
2018-06-12 17:52:07.378  INFO 19704 --- [    Test worker] o.s.w.s.handler.SimpleUrlHandlerMapping  : Mapped URL path [/**/favicon.ico] onto handler of type [class org.springframework.web.servlet.resource.ResourceHttpRequestHandler]
2018-06-12 17:52:07.930  INFO 19704 --- [    Test worker] s.w.s.m.m.a.RequestMappingHandlerAdapter : Looking for @ControllerAdvice: org.springframework.web.context.support.GenericWebApplicationContext@735f5abf: startup date [Tue Jun 12 17:52:02 YEKT 2018]; parent: org.springframework.context.annotation.AnnotationConfigApplicationContext@2cd1004a
2018-06-12 17:52:08.105  INFO 19704 --- [    Test worker] s.w.s.m.m.a.RequestMappingHandlerMapping : Mapped "{[/error]}" onto public org.springframework.http.ResponseEntity<java.util.Map<java.lang.String, java.lang.Object>> org.springframework.boot.autoconfigure.web.servlet.error.BasicErrorController.error(javax.servlet.http.HttpServletRequest)
2018-06-12 17:52:08.109  INFO 19704 --- [    Test worker] s.w.s.m.m.a.RequestMappingHandlerMapping : Mapped "{[/error],produces=[text/html]}" onto public org.springframework.web.servlet.ModelAndView org.springframework.boot.autoconfigure.web.servlet.error.BasicErrorController.errorHtml(javax.servlet.http.HttpServletRequest,javax.servlet.http.HttpServletResponse)
2018-06-12 17:52:08.186  INFO 19704 --- [    Test worker] o.s.w.s.handler.SimpleUrlHandlerMapping  : Mapped URL path [/webjars/**] onto handler of type [class org.springframework.web.servlet.resource.ResourceHttpRequestHandler]
2018-06-12 17:52:08.186  INFO 19704 --- [    Test worker] o.s.w.s.handler.SimpleUrlHandlerMapping  : Mapped URL path [/**] onto handler of type [class org.springframework.web.servlet.resource.ResourceHttpRequestHandler]
2018-06-12 17:52:13.910  INFO 19704 --- [    Test worker] o.s.c.n.zuul.ZuulFilterInitializer       : Starting filter initializer
2018-06-12 17:52:14.044  INFO 19704 --- [    Test worker] o.s.b.a.e.web.EndpointLinksResolver      : Exposing 2 endpoint(s) beneath base path '/actuator'
2018-06-12 17:52:14.076  INFO 19704 --- [    Test worker] s.b.a.e.w.s.WebMvcEndpointHandlerMapping : Mapped "{[/actuator/health],methods=[GET],produces=[application/vnd.spring-boot.actuator.v2+json || application/json]}" onto public java.lang.Object org.springframework.boot.actuate.endpoint.web.servlet.AbstractWebMvcEndpointHandlerMapping$OperationHandler.handle(javax.servlet.http.HttpServletRequest,java.util.Map<java.lang.String, java.lang.String>)
2018-06-12 17:52:14.078  INFO 19704 --- [    Test worker] s.b.a.e.w.s.WebMvcEndpointHandlerMapping : Mapped "{[/actuator/info],methods=[GET],produces=[application/vnd.spring-boot.actuator.v2+json || application/json]}" onto public java.lang.Object org.springframework.boot.actuate.endpoint.web.servlet.AbstractWebMvcEndpointHandlerMapping$OperationHandler.handle(javax.servlet.http.HttpServletRequest,java.util.Map<java.lang.String, java.lang.String>)
[...]
	at com.sun.proxy.$Proxy1.processTestClass(Unknown Source) ~[na:na]
	at org.gradle.api.internal.tasks.testing.worker.TestWorker.processTestClass(TestWorker.java:108) ~[na:na]
	at sun.reflect.NativeMethodAccessorImpl.invoke0(Native Method) ~[na:1.8.0_131]
	at sun.reflect.NativeMethodAccessorImpl.invoke(NativeMethodAccessorImpl.java:62) ~[na:1.8.0_131]
	at sun.reflect.DelegatingMethodAccessorImpl.invoke(DelegatingMethodAccessorImpl.java:43) ~[na:1.8.0_131]
	at java.lang.reflect.Method.invoke(Method.java:498) ~[na:1.8.0_131]
	at org.gradle.internal.dispatch.ReflectionDispatch.dispatch(ReflectionDispatch.java:35) ~[na:na]
	at org.gradle.internal.dispatch.ReflectionDispatch.dispatch(ReflectionDispatch.java:24) ~[na:na]
	at org.gradle.internal.remote.internal.hub.MessageHubBackedObjectConnection$DispatchWrapper.dispatch(MessageHubBackedObjectConnection.java:146) ~[na:na]
	at org.gradle.internal.remote.internal.hub.MessageHubBackedObjectConnection$DispatchWrapper.dispatch(MessageHubBackedObjectConnection.java:128) ~[na:na]
	at org.gradle.internal.remote.internal.hub.MessageHub$Handler.run(MessageHub.java:404) ~[na:na]
	at org.gradle.internal.concurrent.ExecutorPolicy$CatchAndRecordFailures.onExecute(ExecutorPolicy.java:63) ~[na:na]
	at org.gradle.internal.concurrent.ManagedExecutorImpl$1.run(ManagedExecutorImpl.java:46) ~[na:na]
	at java.util.concurrent.ThreadPoolExecutor.runWorker(ThreadPoolExecutor.java:1142) ~[na:1.8.0_131]
	at java.util.concurrent.ThreadPoolExecutor$Worker.run(ThreadPoolExecutor.java:617) ~[na:1.8.0_131]
	at org.gradle.internal.concurrent.ThreadFactoryImpl$ManagedThreadRunnable.run(ThreadFactoryImpl.java:55) ~[na:na]
	at java.lang.Thread.run(Thread.java:748) ~[na:1.8.0_131]
Caused by: java.net.ConnectException: Connection refused (Connection refused)
	at java.net.PlainSocketImpl.socketConnect(Native Method) ~[na:1.8.0_131]
	at java.net.AbstractPlainSocketImpl.doConnect(AbstractPlainSocketImpl.java:350) ~[na:1.8.0_131]
	at java.net.AbstractPlainSocketImpl.connectToAddress(AbstractPlainSocketImpl.java:206) ~[na:1.8.0_131]
	at java.net.AbstractPlainSocketImpl.connect(AbstractPlainSocketImpl.java:188) ~[na:1.8.0_131]
	at java.net.SocksSocketImpl.connect(SocksSocketImpl.java:392) ~[na:1.8.0_131]
	at java.net.Socket.connect(Socket.java:589) ~[na:1.8.0_131]
	at org.apache.http.conn.scheme.PlainSocketFactory.connectSocket(PlainSocketFactory.java:121) ~[httpclient-4.5.5.jar:4.5.5]
	at org.apache.http.impl.conn.DefaultClientConnectionOperator.openConnection(DefaultClientConnectionOperator.java:180) ~[httpclient-4.5.5.jar:4.5.5]
	at org.apache.http.impl.conn.AbstractPoolEntry.open(AbstractPoolEntry.java:144) ~[httpclient-4.5.5.jar:4.5.5]
	at org.apache.http.impl.conn.AbstractPooledConnAdapter.open(AbstractPooledConnAdapter.java:134) ~[httpclient-4.5.5.jar:4.5.5]
	at org.apache.http.impl.client.DefaultRequestDirector.tryConnect(DefaultRequestDirector.java:610) ~[httpclient-4.5.5.jar:4.5.5]
	at org.apache.http.impl.client.DefaultRequestDirector.execute(DefaultRequestDirector.java:445) ~[httpclient-4.5.5.jar:4.5.5]
	at org.apache.http.impl.client.AbstractHttpClient.doExecute(AbstractHttpClient.java:835) ~[httpclient-4.5.5.jar:4.5.5]
	at org.apache.http.impl.client.CloseableHttpClient.execute(CloseableHttpClient.java:118) ~[httpclient-4.5.5.jar:4.5.5]
	at org.apache.http.impl.client.CloseableHttpClient.execute(CloseableHttpClient.java:56) ~[httpclient-4.5.5.jar:4.5.5]
	at com.sun.jersey.client.apache4.ApacheHttpClient4Handler.handle(ApacheHttpClient4Handler.java:173) ~[jersey-apache-client4-1.19.1.jar:1.19.1]
	... 121 common frames omitted

2018-06-12 17:52:16.559  WARN 19704 --- [    Test worker] c.n.d.s.t.d.RetryableEurekaHttpClient    : Request execution failed with message: java.net.ConnectException: Connection refused (Connection refused)
2018-06-12 17:52:16.672 ERROR 19704 --- [    Test worker] com.netflix.discovery.DiscoveryClient    : DiscoveryClient_GATEWAY-SERVICE/mbp-ivan:gateway-service:-1 - was unable to refresh its cache! status = Cannot execute request on any known server

com.netflix.discovery.shared.transport.TransportException: Cannot execute request on any known server
	at com.netflix.discovery.shared.transport.decorator.RetryableEurekaHttpClient.execute(RetryableEurekaHttpClient.java:112) ~[eureka-client-1.9.0.jar:1.9.0]
	at com.netflix.discovery.shared.transport.decorator.EurekaHttpClientDecorator.getApplications(EurekaHttpClientDecorator.java:134) ~[eureka-client-1.9.0.jar:1.9.0]
	at com.netflix.discovery.shared.transport.decorator.EurekaHttpClientDecorator$6.execute(EurekaHttpClientDecorator.java:137) ~[eureka-client-1.9.0.jar:1.9.0]
	at com.netflix.discovery.shared.transport.decorator.SessionedEurekaHttpClient.execute(SessionedEurekaHttpClient.java:77) ~[eureka-client-1.9.0.jar:1.9.0]
	at com.netflix.discovery.shared.transport.decorator.EurekaHttpClientDecorator.getApplications(EurekaHttpClientDecorator.java:134) ~[eureka-client-1.9.0.jar:1.9.0]
	at com.netflix.discovery.DiscoveryClient.getAndStoreFullRegistry(DiscoveryClient.java:1051) [eureka-client-1.9.0.jar:1.9.0]
	at com.netflix.discovery.DiscoveryClient.fetchRegistry(DiscoveryClient.java:965) [eureka-client-1.9.0.jar:1.9.0]
	at com.netflix.discovery.DiscoveryClient.<init>(DiscoveryClient.java:414) [eureka-client-1.9.0.jar:1.9.0]
	at com.netflix.discovery.DiscoveryClient.<init>(DiscoveryClient.java:269) [eureka-client-1.9.0.jar:1.9.0]
	at org.springframework.cloud.netflix.eureka.CloudEurekaClient.<init>(CloudEurekaClient.java:63) [spring-cloud-netflix-eureka-client-2.0.0.RC2.jar:2.0.0.RC2]
	at org.springframework.cloud.netflix.eureka.EurekaClientAutoConfiguration$RefreshableEurekaClientConfiguration.eurekaClient(EurekaClientAutoConfiguration.java:269) [spring-cloud-netflix-eureka-client-2.0.0.RC2.jar:2.0.0.RC2]
	at org.springframework.cloud.netflix.eureka.EurekaClientAutoConfiguration$RefreshableEurekaClientConfiguration$$EnhancerBySpringCGLIB$$9ec488e4.CGLIB$eurekaClient$1(<generated>) [spring-cloud-netflix-eureka-client-2.0.0.RC2.jar:2.0.0.RC2]
	at org.springframework.cloud.netflix.eureka.EurekaClientAutoConfiguration$RefreshableEurekaClientConfiguration$$EnhancerBySpringCGLIB$$9ec488e4$$FastClassBySpringCGLIB$$367c97ae.invoke(<generated>) [spring-cloud-netflix-eureka-client-2.0.0.RC2.jar:2.0.0.RC2]
	at org.springframework.cglib.proxy.MethodProxy.invokeSuper(MethodProxy.java:228) [spring-core-5.0.6.RELEASE.jar:5.0.6.RELEASE]
	at org.springframework.context.annotation.ConfigurationClassEnhancer$BeanMethodInterceptor.intercept(ConfigurationClassEnhancer.java:361) [spring-context-5.0.6.RELEASE.jar:5.0.6.RELEASE]
	at org.springframework.cloud.netflix.eureka.EurekaClientAutoConfiguration$RefreshableEurekaClientConfiguration$$EnhancerBySpringCGLIB$$9ec488e4.eurekaClient(<generated>) [spring-cloud-netflix-eureka-client-2.0.0.RC2.jar:2.0.0.RC2]
	at sun.reflect.NativeMethodAccessorImpl.invoke0(Native Method) ~[na:1.8.0_131]
	at sun.reflect.NativeMethodAccessorImpl.invoke(NativeMethodAccessorImpl.java:62) ~[na:1.8.0_131]
	at sun.reflect.DelegatingMethodAccessorImpl.invoke(DelegatingMethodAccessorImpl.java:43) ~[na:1.8.0_131]
	at java.lang.reflect.Method.invoke(Method.java:498) ~[na:1.8.0_131]
	at org.springframework.beans.factory.support.SimpleInstantiationStrategy.instantiate(SimpleInstantiationStrategy.java:154) [spring-beans-5.0.6.RELEASE.jar:5.0.6.RELEASE]
	at org.springframework.beans.factory.support.ConstructorResolver.instantiateUsingFactoryMethod(ConstructorResolver.java:579) [spring-beans-5.0.6.RELEASE.jar:5.0.6.RELEASE]
	at org.springframework.beans.factory.support.AbstractAutowireCapableBeanFactory.instantiateUsingFactoryMethod(AbstractAutowireCapableBeanFactory.java:1254) [spring-beans-5.0.6.RELEASE.jar:5.0.6.RELEASE]
	at org.springframework.beans.factory.support.AbstractAutowireCapableBeanFactory.createBeanInstance(AbstractAutowireCapableBeanFactory.java:1103) [spring-beans-5.0.6.RELEASE.jar:5.0.6.RELEASE]
	at org.springframework.beans.factory.support.AbstractAutowireCapableBeanFactory.doCreateBean(AbstractAutowireCapableBeanFactory.java:541) [spring-beans-5.0.6.RELEASE.jar:5.0.6.RELEASE]
	at org.springframework.beans.factory.support.AbstractAutowireCapableBeanFactory.createBean(AbstractAutowireCapableBeanFactory.java:501) [spring-beans-5.0.6.RELEASE.jar:5.0.6.RELEASE]
	at org.springframework.beans.factory.support.AbstractBeanFactory.lambda$doGetBean$1(AbstractBeanFactory.java:353) [spring-beans-5.0.6.RELEASE.jar:5.0.6.RELEASE]
	at org.springframework.cloud.context.scope.GenericScope$BeanLifecycleWrapper.getBean(GenericScope.java:385) ~[spring-cloud-context-2.0.0.RC2.jar:2.0.0.RC2]
	at org.springframework.cloud.context.scope.GenericScope.get(GenericScope.java:184) ~[spring-cloud-context-2.0.0.RC2.jar:2.0.0.RC2]
	at org.springframework.beans.factory.support.AbstractBeanFactory.doGetBean(AbstractBeanFactory.java:350) [spring-beans-5.0.6.RELEASE.jar:5.0.6.RELEASE]
	at org.springframework.beans.factory.support.AbstractBeanFactory.getBean(AbstractBeanFactory.java:199) [spring-beans-5.0.6.RELEASE.jar:5.0.6.RELEASE]
	at org.springframework.aop.target.SimpleBeanTargetSource.getTarget(SimpleBeanTargetSource.java:35) ~[spring-aop-5.0.6.RELEASE.jar:5.0.6.RELEASE]
	at org.springframework.aop.framework.JdkDynamicAopProxy.invoke(JdkDynamicAopProxy.java:193) ~[spring-aop-5.0.6.RELEASE.jar:5.0.6.RELEASE]
	at com.sun.proxy.$Proxy120.getApplications(Unknown Source) ~[na:na]
	at org.springframework.cloud.netflix.eureka.EurekaDiscoveryClient.getServices(EurekaDiscoveryClient.java:119) ~[spring-cloud-netflix-eureka-client-2.0.0.RC2.jar:2.0.0.RC2]
	at org.springframework.cloud.client.discovery.composite.CompositeDiscoveryClient.getServices(CompositeDiscoveryClient.java:48) ~[spring-cloud-commons-2.0.0.RC2.jar:2.0.0.RC2]
	at org.springframework.cloud.netflix.zuul.filters.discovery.DiscoveryClientRouteLocator.locateRoutes(DiscoveryClientRouteLocator.java:116) ~[spring-cloud-netflix-zuul-2.0.0.RC2.jar:2.0.0.RC2]
	at org.springframework.cloud.netflix.zuul.filters.discovery.DiscoveryClientRouteLocator.locateRoutes(DiscoveryClientRouteLocator.java:43) ~[spring-cloud-netflix-zuul-2.0.0.RC2.jar:2.0.0.RC2]
	at org.springframework.cloud.netflix.zuul.filters.SimpleRouteLocator.doRefresh(SimpleRouteLocator.java:170) ~[spring-cloud-netflix-zuul-2.0.0.RC2.jar:2.0.0.RC2]
	at org.springframework.cloud.netflix.zuul.filters.discovery.DiscoveryClientRouteLocator.refresh(DiscoveryClientRouteLocator.java:166) ~[spring-cloud-netflix-zuul-2.0.0.RC2.jar:2.0.0.RC2]
	at org.springframework.cloud.netflix.zuul.filters.CompositeRouteLocator.refresh(CompositeRouteLocator.java:75) ~[spring-cloud-netflix-zuul-2.0.0.RC2.jar:2.0.0.RC2]
	at org.springframework.cloud.netflix.zuul.web.ZuulHandlerMapping.setDirty(ZuulHandlerMapping.java:79) ~[spring-cloud-netflix-zuul-2.0.0.RC2.jar:2.0.0.RC2]
	at org.springframework.cloud.netflix.zuul.ZuulServerAutoConfiguration$ZuulRefreshListener.reset(ZuulServerAutoConfiguration.java:264) ~[spring-cloud-netflix-zuul-2.0.0.RC2.jar:2.0.0.RC2]
	at org.springframework.cloud.netflix.zuul.ZuulServerAutoConfiguration$ZuulRefreshListener.onApplicationEvent(ZuulServerAutoConfiguration.java:245) ~[spring-cloud-netflix-zuul-2.0.0.RC2.jar:2.0.0.RC2]
	at org.springframework.context.event.SimpleApplicationEventMulticaster.doInvokeListener(SimpleApplicationEventMulticaster.java:172) ~[spring-context-5.0.6.RELEASE.jar:5.0.6.RELEASE]
	at org.springframework.context.event.SimpleApplicationEventMulticaster.invokeListener(SimpleApplicationEventMulticaster.java:165) ~[spring-context-5.0.6.RELEASE.jar:5.0.6.RELEASE]
	at org.springframework.context.event.SimpleApplicationEventMulticaster.multicastEvent(SimpleApplicationEventMulticaster.java:139) ~[spring-context-5.0.6.RELEASE.jar:5.0.6.RELEASE]
	at org.springframework.context.support.AbstractApplicationContext.publishEvent(AbstractApplicationContext.java:400) ~[spring-context-5.0.6.RELEASE.jar:5.0.6.RELEASE]
	at org.springframework.context.support.AbstractApplicationContext.publishEvent(AbstractApplicationContext.java:354) ~[spring-context-5.0.6.RELEASE.jar:5.0.6.RELEASE]
	at org.springframework.context.support.AbstractApplicationContext.finishRefresh(AbstractApplicationContext.java:888) ~[spring-context-5.0.6.RELEASE.jar:5.0.6.RELEASE]
	at org.springframework.context.support.AbstractApplicationContext.refresh(AbstractApplicationContext.java:553) ~[spring-context-5.0.6.RELEASE.jar:5.0.6.RELEASE]
	at org.springframework.boot.SpringApplication.refresh(SpringApplication.java:759) ~[spring-boot-2.0.2.RELEASE.jar:2.0.2.RELEASE]
	at org.springframework.boot.SpringApplication.refreshContext(SpringApplication.java:395) ~[spring-boot-2.0.2.RELEASE.jar:2.0.2.RELEASE]
	at org.springframework.boot.SpringApplication.run(SpringApplication.java:327) ~[spring-boot-2.0.2.RELEASE.jar:2.0.2.RELEASE]
	at org.springframework.boot.test.context.SpringBootContextLoader.loadContext(SpringBootContextLoader.java:139) ~[spring-boot-test-2.0.2.RELEASE.jar:2.0.2.RELEASE]
	at org.springframework.test.context.cache.DefaultCacheAwareContextLoaderDelegate.loadContextInternal(DefaultCacheAwareContextLoaderDelegate.java:99) ~[spring-test-5.0.6.RELEASE.jar:5.0.6.RELEASE]
	at org.springframework.test.context.cache.DefaultCacheAwareContextLoaderDelegate.loadContext(DefaultCacheAwareContextLoaderDelegate.java:117) ~[spring-test-5.0.6.RELEASE.jar:5.0.6.RELEASE]
	at org.springframework.test.context.support.DefaultTestContext.getApplicationContext(DefaultTestContext.java:108) ~[spring-test-5.0.6.RELEASE.jar:5.0.6.RELEASE]
	at org.springframework.test.context.web.ServletTestExecutionListener.setUpRequestContextIfNecessary(ServletTestExecutionListener.java:190) ~[spring-test-5.0.6.RELEASE.jar:5.0.6.RELEASE]
	at org.springframework.test.context.web.ServletTestExecutionListener.prepareTestInstance(ServletTestExecutionListener.java:132) ~[spring-test-5.0.6.RELEASE.jar:5.0.6.RELEASE]
	at org.springframework.test.context.TestContextManager.prepareTestInstance(TestContextManager.java:246) ~[spring-test-5.0.6.RELEASE.jar:5.0.6.RELEASE]
	at org.springframework.test.context.junit4.SpringJUnit4ClassRunner.createTest(SpringJUnit4ClassRunner.java:227) ~[spring-test-5.0.6.RELEASE.jar:5.0.6.RELEASE]
	at org.springframework.test.context.junit4.SpringJUnit4ClassRunner$1.runReflectiveCall(SpringJUnit4ClassRunner.java:289) ~[spring-test-5.0.6.RELEASE.jar:5.0.6.RELEASE]
	at org.junit.internal.runners.model.ReflectiveCallable.run(ReflectiveCallable.java:12) ~[junit-4.12.jar:4.12]
	at org.springframework.test.context.junit4.SpringJUnit4ClassRunner.methodBlock(SpringJUnit4ClassRunner.java:291) ~[spring-test-5.0.6.RELEASE.jar:5.0.6.RELEASE]
	at org.springframework.test.context.junit4.SpringJUnit4ClassRunner.runChild(SpringJUnit4ClassRunner.java:246) ~[spring-test-5.0.6.RELEASE.jar:5.0.6.RELEASE]
	at org.springframework.test.context.junit4.SpringJUnit4ClassRunner.runChild(SpringJUnit4ClassRunner.java:97) ~[spring-test-5.0.6.RELEASE.jar:5.0.6.RELEASE]
	at org.junit.runners.ParentRunner$3.run(ParentRunner.java:290) ~[junit-4.12.jar:4.12]
	at org.junit.runners.ParentRunner$1.schedule(ParentRunner.java:71) ~[junit-4.12.jar:4.12]
	at org.junit.runners.ParentRunner.runChildren(ParentRunner.java:288) ~[junit-4.12.jar:4.12]
	at org.junit.runners.ParentRunner.access$000(ParentRunner.java:58) ~[junit-4.12.jar:4.12]
	at org.junit.runners.ParentRunner$2.evaluate(ParentRunner.java:268) ~[junit-4.12.jar:4.12]
	at org.springframework.test.context.junit4.statements.RunBeforeTestClassCallbacks.evaluate(RunBeforeTestClassCallbacks.java:61) ~[spring-test-5.0.6.RELEASE.jar:5.0.6.RELEASE]
	at org.springframework.test.context.junit4.statements.RunAfterTestClassCallbacks.evaluate(RunAfterTestClassCallbacks.java:70) ~[spring-test-5.0.6.RELEASE.jar:5.0.6.RELEASE]
	at org.junit.runners.ParentRunner.run(ParentRunner.java:363) ~[junit-4.12.jar:4.12]
	at org.springframework.test.context.junit4.SpringJUnit4ClassRunner.run(SpringJUnit4ClassRunner.java:190) ~[spring-test-5.0.6.RELEASE.jar:5.0.6.RELEASE]
	at org.gradle.api.internal.tasks.testing.junit.JUnitTestClassExecuter.runTestClass(JUnitTestClassExecuter.java:114) ~[na:na]
	at org.gradle.api.internal.tasks.testing.junit.JUnitTestClassExecuter.execute(JUnitTestClassExecuter.java:57) ~[na:na]
	at org.gradle.api.internal.tasks.testing.junit.JUnitTestClassProcessor.processTestClass(JUnitTestClassProcessor.java:66) ~[na:na]
	at org.gradle.api.internal.tasks.testing.SuiteTestClassProcessor.processTestClass(SuiteTestClassProcessor.java:51) ~[na:na]
	at sun.reflect.NativeMethodAccessorImpl.invoke0(Native Method) ~[na:1.8.0_131]
	at sun.reflect.NativeMethodAccessorImpl.invoke(NativeMethodAccessorImpl.java:62) ~[na:1.8.0_131]
	at sun.reflect.DelegatingMethodAccessorImpl.invoke(DelegatingMethodAccessorImpl.java:43) ~[na:1.8.0_131]
	at java.lang.reflect.Method.invoke(Method.java:498) ~[na:1.8.0_131]
	at org.gradle.internal.dispatch.ReflectionDispatch.dispatch(ReflectionDispatch.java:35) ~[na:na]
	at org.gradle.internal.dispatch.ReflectionDispatch.dispatch(ReflectionDispatch.java:24) ~[na:na]
	at org.gradle.internal.dispatch.ContextClassLoaderDispatch.dispatch(ContextClassLoaderDispatch.java:32) ~[na:na]
	at org.gradle.internal.dispatch.ProxyDispatchAdapter$DispatchingInvocationHandler.invoke(ProxyDispatchAdapter.java:93) ~[na:na]
	at com.sun.proxy.$Proxy1.processTestClass(Unknown Source) ~[na:na]
	at org.gradle.api.internal.tasks.testing.worker.TestWorker.processTestClass(TestWorker.java:108) ~[na:na]
	at sun.reflect.NativeMethodAccessorImpl.invoke0(Native Method) ~[na:1.8.0_131]
	at sun.reflect.NativeMethodAccessorImpl.invoke(NativeMethodAccessorImpl.java:62) ~[na:1.8.0_131]
	at sun.reflect.DelegatingMethodAccessorImpl.invoke(DelegatingMethodAccessorImpl.java:43) ~[na:1.8.0_131]
	at java.lang.reflect.Method.invoke(Method.java:498) ~[na:1.8.0_131]
	at org.gradle.internal.dispatch.ReflectionDispatch.dispatch(ReflectionDispatch.java:35) ~[na:na]
	at org.gradle.internal.dispatch.ReflectionDispatch.dispatch(ReflectionDispatch.java:24) ~[na:na]
	at org.gradle.internal.remote.internal.hub.MessageHubBackedObjectConnection$DispatchWrapper.dispatch(MessageHubBackedObjectConnection.java:146) ~[na:na]
	at org.gradle.internal.remote.internal.hub.MessageHubBackedObjectConnection$DispatchWrapper.dispatch(MessageHubBackedObjectConnection.java:128) ~[na:na]
	at org.gradle.internal.remote.internal.hub.MessageHub$Handler.run(MessageHub.java:404) ~[na:na]
	at org.gradle.internal.concurrent.ExecutorPolicy$CatchAndRecordFailures.onExecute(ExecutorPolicy.java:63) ~[na:na]
	at org.gradle.internal.concurrent.ManagedExecutorImpl$1.run(ManagedExecutorImpl.java:46) ~[na:na]
	at java.util.concurrent.ThreadPoolExecutor.runWorker(ThreadPoolExecutor.java:1142) ~[na:1.8.0_131]
	at java.util.concurrent.ThreadPoolExecutor$Worker.run(ThreadPoolExecutor.java:617) ~[na:1.8.0_131]
	at org.gradle.internal.concurrent.ThreadFactoryImpl$ManagedThreadRunnable.run(ThreadFactoryImpl.java:55) ~[na:na]
	at java.lang.Thread.run(Thread.java:748) ~[na:1.8.0_131]

2018-06-12 17:52:16.759  WARN 19704 --- [    Test worker] com.netflix.discovery.DiscoveryClient    : Using default backup registry implementation which does not do anything.
2018-06-12 17:52:16.944  INFO 19704 --- [    Test worker] com.netflix.discovery.DiscoveryClient    : Starting heartbeat executor: renew interval is: 30
2018-06-12 17:52:16.958  INFO 19704 --- [    Test worker] c.n.discovery.InstanceInfoReplicator     : InstanceInfoReplicator onDemand update allowed rate per min is 4
2018-06-12 17:52:16.967  INFO 19704 --- [    Test worker] com.netflix.discovery.DiscoveryClient    : Discovery Client initialized at timestamp 1528807936963 with initial instances count: 0
2018-06-12 17:52:17.008  INFO 19704 --- [    Test worker] c.w.g.GatewayServiceApplicationTests     : Started GatewayServiceApplicationTests in 17.33 seconds (JVM running for 21.071)
]]></system-out>
  <system-err><![CDATA[]]></system-err>
</testsuite>
