<?xml version="1.0" encoding="UTF-8"?>
<testsuite name="com.waggy.authorizationservice.AuthorizationServiceApplicationTests" tests="1" skipped="0" failures="0" errors="0" timestamp="2018-06-12T12:50:41" hostname="mbp-ivan" time="0.367">
  <properties/>
  <testcase name="contextLoads" classname="com.waggy.authorizationservice.AuthorizationServiceApplicationTests" time="0.367"/>
  <system-out><![CDATA[17:50:18.477 [Test worker] DEBUG org.springframework.test.context.junit4.SpringJUnit4ClassRunner - SpringJUnit4ClassRunner constructor called with [class com.waggy.authorizationservice.AuthorizationServiceApplicationTests]
17:50:18.484 [Test worker] DEBUG org.springframework.test.context.BootstrapUtils - Instantiating CacheAwareContextLoaderDelegate from class [org.springframework.test.context.cache.DefaultCacheAwareContextLoaderDelegate]
17:50:18.505 [Test worker] DEBUG org.springframework.test.context.BootstrapUtils - Instantiating BootstrapContext using constructor [public org.springframework.test.context.support.DefaultBootstrapContext(java.lang.Class,org.springframework.test.context.CacheAwareContextLoaderDelegate)]
17:50:18.543 [Test worker] DEBUG org.springframework.test.context.BootstrapUtils - Instantiating TestContextBootstrapper for test class [com.waggy.authorizationservice.AuthorizationServiceApplicationTests] from class [org.springframework.boot.test.context.SpringBootTestContextBootstrapper]
17:50:18.586 [Test worker] INFO org.springframework.boot.test.context.SpringBootTestContextBootstrapper - Neither @ContextConfiguration nor @ContextHierarchy found for test class [com.waggy.authorizationservice.AuthorizationServiceApplicationTests], using SpringBootContextLoader
17:50:18.594 [Test worker] DEBUG org.springframework.test.context.support.AbstractContextLoader - Did not detect default resource location for test class [com.waggy.authorizationservice.AuthorizationServiceApplicationTests]: class path resource [com/waggy/authorizationservice/AuthorizationServiceApplicationTests-context.xml] does not exist
17:50:18.595 [Test worker] DEBUG org.springframework.test.context.support.AbstractContextLoader - Did not detect default resource location for test class [com.waggy.authorizationservice.AuthorizationServiceApplicationTests]: class path resource [com/waggy/authorizationservice/AuthorizationServiceApplicationTestsContext.groovy] does not exist
17:50:18.596 [Test worker] INFO org.springframework.test.context.support.AbstractContextLoader - Could not detect default resource locations for test class [com.waggy.authorizationservice.AuthorizationServiceApplicationTests]: no resource found for suffixes {-context.xml, Context.groovy}.
17:50:18.597 [Test worker] INFO org.springframework.test.context.support.AnnotationConfigContextLoaderUtils - Could not detect default configuration classes for test class [com.waggy.authorizationservice.AuthorizationServiceApplicationTests]: AuthorizationServiceApplicationTests does not declare any static, non-private, non-final, nested classes annotated with @Configuration.
17:50:18.682 [Test worker] DEBUG org.springframework.test.context.support.ActiveProfilesUtils - Could not find an 'annotation declaring class' for annotation type [org.springframework.test.context.ActiveProfiles] and class [com.waggy.authorizationservice.AuthorizationServiceApplicationTests]
17:50:18.698 [Test worker] DEBUG org.springframework.core.env.StandardEnvironment - Adding PropertySource 'systemProperties' with lowest search precedence
17:50:18.699 [Test worker] DEBUG org.springframework.core.env.StandardEnvironment - Adding PropertySource 'systemEnvironment' with lowest search precedence
17:50:18.700 [Test worker] DEBUG org.springframework.core.env.StandardEnvironment - Initialized StandardEnvironment with PropertySources [MapPropertySource@1660906066 {name='systemProperties', properties={java.runtime.name=Java(TM) SE Runtime Environment, sun.boot.library.path=/Library/Java/JavaVirtualMachines/jdk1.8.0_131.jdk/Contents/Home/jre/lib, java.vm.version=25.131-b11, gopherProxySet=false, java.vm.vendor=Oracle Corporation, java.vendor.url=http://java.oracle.com/, path.separator=:, java.vm.name=Java HotSpot(TM) 64-Bit Server VM, file.encoding.pkg=sun.io, sun.java.launcher=SUN_STANDARD, user.country=RU, sun.os.patch.level=unknown, java.vm.specification.name=Java Virtual Machine Specification, user.dir=/Users/Waggi/Google Диск/Development/projects/microservices/authorization-service, java.runtime.version=1.8.0_131-b11, java.awt.graphicsenv=sun.awt.CGraphicsEnvironment, java.endorsed.dirs=/Library/Java/JavaVirtualMachines/jdk1.8.0_131.jdk/Contents/Home/jre/lib/endorsed, os.arch=x86_64, java.io.tmpdir=/var/folders/cw/rgnzd_bn3614m4bpctqxqj980000gn/T/, line.separator=
, java.vm.specification.vendor=Oracle Corporation, user.variant=, os.name=Mac OS X, sun.jnu.encoding=UTF-8, java.library.path=/Users/Waggi/Library/Java/Extensions:/Library/Java/Extensions:/Network/Library/Java/Extensions:/System/Library/Java/Extensions:/usr/lib/java:., java.specification.name=Java Platform API Specification, java.class.version=52.0, org.gradle.native=false, sun.management.compiler=HotSpot 64-Bit Tiered Compilers, os.version=10.13.3, http.nonProxyHosts=local|*.local|169.254/16|*.169.254/16, user.home=/Users/Waggi, user.timezone=Asia/Yekaterinburg, java.awt.printerjob=sun.lwawt.macosx.CPrinterJob, file.encoding=UTF-8, java.specification.version=1.8, java.class.path=/Users/Waggi/Google Диск/Development/projects/microservices/authorization-service/build/classes/java/test:/Users/Waggi/Google Диск/Development/projects/microservices/authorization-service/build/resources/test:/Users/Waggi/Google Диск/Development/projects/microservices/authorization-service/build/classes/java/main:/Users/Waggi/Google Диск/Development/projects/microservices/authorization-service/build/resources/main:/Users/Waggi/.gradle/caches/modules-2/files-2.1/org.springframework.cloud/spring-cloud-starter-oauth2/2.0.0.RC1/3b35fd77c42164f1c04a1e757e8e21423121eaf8/spring-cloud-starter-oauth2-2.0.0.RC1.jar:/Users/Waggi/.gradle/caches/modules-2/files-2.1/org.springframework.cloud/spring-cloud-starter-security/2.0.0.RC1/23fd7da02af82e12c5635833270bc3ed20f82dce/spring-cloud-starter-security-2.0.0.RC1.jar:/Users/Waggi/.gradle/caches/modules-2/files-2.1/org.springframework.cloud/spring-cloud-security/2.0.0.RC1/1ec77feedd2c8c04d033a926cab84da840330537/spring-cloud-security-2.0.0.RC1.jar:/Users/Waggi/.gradle/caches/modules-2/files-2.1/org.springframework.boot/spring-boot-starter-web/2.0.2.RELEASE/b6ef0cf4d0a7c6c7e93ff524b84cd1d8f87f67d9/spring-boot-starter-web-2.0.2.RELEASE.jar:/Users/Waggi/.gradle/caches/modules-2/files-2.1/org.springframework.boot/spring-boot-starter-security/2.0.2.RELEASE/ef280d41ff37acd66d5b411b1de845cc33067102/spring-boot-starter-security-2.0.2.RELEASE.jar:/Users/Waggi/.gradle/caches/modules-2/files-2.1/org.springframework.cloud/spring-cloud-starter-netflix-eureka-client/2.0.0.RC2/fec925da37b2aef14d8ad64e82152299df8aa3e4/spring-cloud-starter-netflix-eureka-client-2.0.0.RC2.jar:/Users/Waggi/.gradle/caches/modules-2/files-2.1/org.springframework.boot/spring-boot-starter-test/2.0.2.RELEASE/d9e090412f318586e0f277e24740b79b58ef190b/spring-boot-starter-test-2.0.2.RELEASE.jar:/Users/Waggi/.gradle/caches/modules-2/files-2.1/org.springframework.security/spring-security-test/5.0.5.RELEASE/d620e383128de4426db18016a667891eed89091/spring-security-test-5.0.5.RELEASE.jar:/Users/Waggi/.gradle/caches/modules-2/files-2.1/org.springframework.boot/spring-boot-starter-json/2.0.2.RELEASE/5edda979838ced5314b8f58a958fe9d6b4b3badd/spring-boot-starter-json-2.0.2.RELEASE.jar:/Users/Waggi/.gradle/caches/modules-2/files-2.1/org.springframework.cloud/spring-cloud-starter-netflix-ribbon/2.0.0.RC2/7792cbc0cacccacd16ca46a208947e398f4f3af1/spring-cloud-starter-netflix-ribbon-2.0.0.RC2.jar:/Users/Waggi/.gradle/caches/modules-2/files-2.1/org.springframework.cloud/spring-cloud-starter-netflix-archaius/2.0.0.RC2/e4499fbc6c3b983fcf22a1957155de718f8b2a4/spring-cloud-starter-netflix-archaius-2.0.0.RC2.jar:/Users/Waggi/.gradle/caches/modules-2/files-2.1/org.springframework.cloud/spring-cloud-starter/2.0.0.RC2/bffd52bcb84ffb0ce3e33a2c8f7a61d7d1bff950/spring-cloud-starter-2.0.0.RC2.jar:/Users/Waggi/.gradle/caches/modules-2/files-2.1/org.springframework.cloud/spring-cloud-netflix-eureka-client/2.0.0.RC2/6e3203e141309fc5d2d1ceafa9863f782290185f/spring-cloud-netflix-eureka-client-2.0.0.RC2.jar:/Users/Waggi/.gradle/caches/modules-2/files-2.1/org.springframework.cloud/spring-cloud-netflix-core/2.0.0.RC2/c286fa794500e65a4819fbfc7b3bacda30333121/spring-cloud-netflix-core-2.0.0.RC2.jar:/Users/Waggi/.gradle/caches/modules-2/files-2.1/org.springframework.boot/spring-boot-starter-aop/2.0.2.RELEASE/b0b0c7dcfdffaef1b04886c0279772905bc7e9d2/spring-boot-starter-aop-2.0.2.RELEASE.jar:/Users/Waggi/.gradle/caches/modules-2/files-2.1/org.springframework.boot/spring-boot-starter-actuator/2.0.2.RELEASE/bf24a7e12afcebae667819b616528e9b13574275/spring-boot-starter-actuator-2.0.2.RELEASE.jar:/Users/Waggi/.gradle/caches/modules-2/files-2.1/org.springframework.boot/spring-boot-starter/2.0.2.RELEASE/1cda94f0dfcf2b065191782a54b84d2abf96391/spring-boot-starter-2.0.2.RELEASE.jar:/Users/Waggi/.gradle/caches/modules-2/files-2.1/org.springframework.boot/spring-boot-starter-tomcat/2.0.2.RELEASE/cedbfb18762e1c220007c768bfc5b773f5b30f8a/spring-boot-starter-tomcat-2.0.2.RELEASE.jar:/Users/Waggi/.gradle/caches/modules-2/files-2.1/org.hibernate.validator/hibernate-validator/6.0.9.Final/b149e4cce82379f11f6129eb3187ca8ae5404005/hibernate-validator-6.0.9.Final.jar:/Users/Waggi/.gradle/caches/modules-2/files-2.1/org.springframework.security.oauth.boot/spring-security-oauth2-autoconfigure/2.0.0.RELEASE/33a13c816d32b6360c4ab4fa34a80dbab4b4bbf1/spring-security-oauth2-autoconfigure-2.0.0.RELEASE.jar:/Users/Waggi/.gradle/caches/modules-2/files-2.1/org.springframework.security.oauth/spring-security-oauth2/2.2.1.RELEASE/963dee6004e5969511d594269af42b9cfc13a19f/spring-security-oauth2-2.2.1.RELEASE.jar:/Users/Waggi/.gradle/caches/modules-2/files-2.1/org.springframework/spring-webmvc/5.0.6.RELEASE/1361c5d1cf46665ee01de5dc1ca447c3be174c19/spring-webmvc-5.0.6.RELEASE.jar:/Users/Waggi/.gradle/caches/modules-2/files-2.1/org.springframework.security/spring-security-web/5.0.5.RELEASE/14b987fee57348c373c5228e23ceb244d872e298/spring-security-web-5.0.5.RELEASE.jar:/Users/Waggi/.gradle/caches/modules-2/files-2.1/org.springframework/spring-web/5.0.6.RELEASE/89e89de3025165998118590613aedc6df8d64af6/spring-web-5.0.6.RELEASE.jar:/Users/Waggi/.gradle/caches/modules-2/files-2.1/org.springframework.security/spring-security-config/5.0.5.RELEASE/5d360adc638fc5f55e7364f2544a962ae26e0cfd/spring-security-config-5.0.5.RELEASE.jar:/Users/Waggi/.gradle/caches/modules-2/files-2.1/org.springframework.security/spring-security-core/5.0.5.RELEASE/d8fb6f4bcb03a1b124b4a0a50b574978496ae0ba/spring-security-core-5.0.5.RELEASE.jar:/Users/Waggi/.gradle/caches/modules-2/files-2.1/org.springframework.boot/spring-boot-test-autoconfigure/2.0.2.RELEASE/4993bdd96a4c02bc5b5703862d99ef4c563f25d0/spring-boot-test-autoconfigure-2.0.2.RELEASE.jar:/Users/Waggi/.gradle/caches/modules-2/files-2.1/org.springframework.boot/spring-boot-test/2.0.2.RELEASE/fc85812e6543312a3b0ea9fbbdfd4a51183380a3/spring-boot-test-2.0.2.RELEASE.jar:/Users/Waggi/.gradle/caches/modules-2/files-2.1/org.springframework.boot/spring-boot-actuator-autoconfigure/2.0.2.RELEASE/5165c5f431baf565bf9b07ce1956b71706fa37d/spring-boot-actuator-autoconfigure-2.0.2.RELEASE.jar:/Users/Waggi/.gradle/caches/modules-2/files-2.1/org.springframework.boot/spring-boot-autoconfigure/2.0.2.RELEASE/f4b25e753e4955337a138d8b1550236b5efe5b3b/spring-boot-autoconfigure-2.0.2.RELEASE.jar:/Users/Waggi/.gradle/caches/modules-2/files-2.1/org.springframework.boot/spring-boot-actuator/2.0.2.RELEASE/b849b4a60d01e6a17d563314d67bae4697b6ed04/spring-boot-actuator-2.0.2.RELEASE.jar:/Users/Waggi/.gradle/caches/modules-2/files-2.1/org.springframework.boot/spring-boot/2.0.2.RELEASE/15012cf02e9f77938244e554f0598535fdd1cb38/spring-boot-2.0.2.RELEASE.jar:/Users/Waggi/.gradle/caches/modules-2/files-2.1/org.springframework/spring-context/5.0.6.RELEASE/8b73b742ef0ddce04f0f1068f305de240b00ce0d/spring-context-5.0.6.RELEASE.jar:/Users/Waggi/.gradle/caches/modules-2/files-2.1/org.springframework/spring-aop/5.0.6.RELEASE/74078df698992054c1c1a8f705763a6c7b4b914c/spring-aop-5.0.6.RELEASE.jar:/Users/Waggi/.gradle/caches/modules-2/files-2.1/com.netflix.eureka/eureka-core/1.9.0/b4def40c31ef49053056af7a5cca1175198c76c0/eureka-core-1.9.0.jar:/Users/Waggi/.gradle/caches/modules-2/files-2.1/com.netflix.ribbon/ribbon-eureka/2.2.5/58016757f3ed6e98c0c1ca1f37d7855a2409551b/ribbon-eureka-2.2.5.jar:/Users/Waggi/.gradle/caches/modules-2/files-2.1/com.netflix.eureka/eureka-client/1.9.0/f1dff2f61e1feb4a2f4bc899099c749afdb5464b/eureka-client-1.9.0.jar:/Users/Waggi/.gradle/caches/modules-2/files-2.1/com.thoughtworks.xstream/xstream/1.4.10/dfecae23647abc9d9fd0416629a4213a3882b101/xstream-1.4.10.jar:/Users/Waggi/.gradle/caches/modules-2/files-2.1/com.jayway.jsonpath/json-path/2.4.0/765a4401ceb2dc8d40553c2075eb80a8fa35c2ae/json-path-2.4.0.jar:/Users/Waggi/.gradle/caches/modules-2/files-2.1/junit/junit/4.12/2973d150c0dc1fefe998f834810d68f278ea58ec/junit-4.12.jar:/Users/Waggi/.gradle/caches/modules-2/files-2.1/org.assertj/assertj-core/3.9.1/c5ce126b15f28d56cd8f960c1a6a058b9c9aea87/assertj-core-3.9.1.jar:/Users/Waggi/.gradle/caches/modules-2/files-2.1/org.mockito/mockito-core/2.15.0/b84bfbbc29cd22c9529409627af6ea2897f4fa85/mockito-core-2.15.0.jar:/Users/Waggi/.gradle/caches/modules-2/files-2.1/org.hamcrest/hamcrest-library/1.3/4785a3c21320980282f9f33d0d1264a69040538f/hamcrest-library-1.3.jar:/Users/Waggi/.gradle/caches/modules-2/files-2.1/org.hamcrest/hamcrest-core/1.3/42a25dc3219429f0e5d060061f71acb49bf010a0/hamcrest-core-1.3.jar:/Users/Waggi/.gradle/caches/modules-2/files-2.1/org.skyscreamer/jsonassert/1.5.0/6c9d5fe2f59da598d9aefc1cfc6528ff3cf32df3/jsonassert-1.5.0.jar:/Users/Waggi/.gradle/caches/modules-2/files-2.1/org.springframework/spring-test/5.0.6.RELEASE/dbc99b288774b2e07d94bc14fe38d556bc3ed34a/spring-test-5.0.6.RELEASE.jar:/Users/Waggi/.gradle/caches/modules-2/files-2.1/org.springframework/spring-beans/5.0.6.RELEASE/d609b83cd8a71650a70778cf8d02c9a05b9161fe/spring-beans-5.0.6.RELEASE.jar:/Users/Waggi/.gradle/caches/modules-2/files-2.1/org.springframework/spring-expression/5.0.6.RELEASE/dec57ae5e6f0dfd4c6cfc199aa13ed268c3e1a65/spring-expression-5.0.6.RELEASE.jar:/Users/Waggi/.gradle/caches/modules-2/files-2.1/org.springframework/spring-core/5.0.6.RELEASE/984a52455b1be596b7f1a29f62d21d2f483eb764/spring-core-5.0.6.RELEASE.jar:/Users/Waggi/.gradle/caches/modules-2/files-2.1/org.xmlunit/xmlunit-core/2.5.1/4ffdb346572a7356f7521cd3119ce5287d2e339d/xmlunit-core-2.5.1.jar:/Users/Waggi/.gradle/caches/modules-2/files-2.1/org.springframework.boot/spring-boot-starter-logging/2.0.2.RELEASE/b56d7d1931792d6e58dbd41f956912359ba85238/spring-boot-starter-logging-2.0.2.RELEASE.jar:/Users/Waggi/.gradle/caches/modules-2/files-2.1/javax.annotation/javax.annotation-api/1.3.2/934c04d3cfef185a8008e7bf34331b79730a9d43/javax.annotation-api-1.3.2.jar:/Users/Waggi/.gradle/caches/modules-2/files-2.1/org.yaml/snakeyaml/1.19/2d998d3d674b172a588e54ab619854d073f555b5/snakeyaml-1.19.jar:/Users/Waggi/.gradle/caches/modules-2/files-2.1/com.fasterxml.jackson.datatype/jackson-datatype-jdk8/2.9.5/23e37f085279ba316c0df923513b81609e1d1f6/jackson-datatype-jdk8-2.9.5.jar:/Users/Waggi/.gradle/caches/modules-2/files-2.1/com.fasterxml.jackson.datatype/jackson-datatype-jsr310/2.9.5/d1f0d11e816bc04e222a261106ca138801841c2d/jackson-datatype-jsr310-2.9.5.jar:/Users/Waggi/.gradle/caches/modules-2/files-2.1/com.fasterxml.jackson.module/jackson-module-parameter-names/2.9.5/f824c60751ffb7bfc3a0d30dfe0e42317d8e67f5/jackson-module-parameter-names-2.9.5.jar:/Users/Waggi/.gradle/caches/modules-2/files-2.1/com.netflix.netflix-commons/netflix-eventbus/0.3.0/3f864adbe81f0849729fcbba3fe693c32be739ea/netflix-eventbus-0.3.0.jar:/Users/Waggi/.gradle/caches/modules-2/files-2.1/com.netflix.ribbon/ribbon/2.2.5/3f97c8acfc68c35012f00d10b9ac63fc8f48d790/ribbon-2.2.5.jar:/Users/Waggi/.gradle/caches/modules-2/files-2.1/com.netflix.ribbon/ribbon-httpclient/2.2.5/e2662937935d218f2c63105f6df39c3dfa0d06a1/ribbon-httpclient-2.2.5.jar:/Users/Waggi/.gradle/caches/modules-2/files-2.1/com.netflix.ribbon/ribbon-transport/2.2.5/7c8e321322a98c72a36f4a81f84cafe21273c010/ribbon-transport-2.2.5.jar:/Users/Waggi/.gradle/caches/modules-2/files-2.1/com.netflix.ribbon/ribbon-loadbalancer/2.2.5/5f713ef0b8d01580666face5e91d8c6af1daa468/ribbon-loadbalancer-2.2.5.jar:/Users/Waggi/.gradle/caches/modules-2/files-2.1/com.netflix.ribbon/ribbon-core/2.2.5/80b6fe934799269073e69c5d7e67334459ef7e2e/ribbon-core-2.2.5.jar:/Users/Waggi/.gradle/caches/modules-2/files-2.1/com.netflix.hystrix/hystrix-core/1.5.12/75379b6671fcaa9cec33035df684a68ec7741ca6/hystrix-core-1.5.12.jar:/Users/Waggi/.gradle/caches/modules-2/files-2.1/com.netflix.archaius/archaius-core/0.7.6/be0c1024d08ad68ec25f9f32b0e9df1ab7ecb45b/archaius-core-0.7.6.jar:/Users/Waggi/.gradle/caches/modules-2/files-2.1/com.fasterxml.jackson.core/jackson-databind/2.9.5/3490508379d065fe3fcb80042b62f630f7588606/jackson-databind-2.9.5.jar:/Users/Waggi/.gradle/caches/modules-2/files-2.1/org.apache.tomcat.embed/tomcat-embed-websocket/8.5.31/6564e716b89de5eaa0dd234ae7989576503ddf3/tomcat-embed-websocket-8.5.31.jar:/Users/Waggi/.gradle/caches/modules-2/files-2.1/org.apache.tomcat.embed/tomcat-embed-core/8.5.31/f5adf7ed8c34aa005b22b6a2dc7b6796e10e9c79/tomcat-embed-core-8.5.31.jar:/Users/Waggi/.gradle/caches/modules-2/files-2.1/org.apache.tomcat.embed/tomcat-embed-el/8.5.31/3a536e1ac71b82627c3a7408eb38fa0704cb9034/tomcat-embed-el-8.5.31.jar:/Users/Waggi/.gradle/caches/modules-2/files-2.1/javax.validation/validation-api/2.0.1.Final/cb855558e6271b1b32e716d24cb85c7f583ce09e/validation-api-2.0.1.Final.jar:/Users/Waggi/.gradle/caches/modules-2/files-2.1/org.jboss.logging/jboss-logging/3.3.2.Final/3789d00e859632e6c6206adc0c71625559e6e3b0/jboss-logging-3.3.2.Final.jar:/Users/Waggi/.gradle/caches/modules-2/files-2.1/com.fasterxml/classmate/1.3.4/3d5f48f10bbe4eb7bd862f10c0583be2e0053c6/classmate-1.3.4.jar:/Users/Waggi/.gradle/caches/modules-2/files-2.1/org.springframework.cloud/spring-cloud-context/2.0.0.RC2/f6d84a868d3d67cc4426c23f2ab9280d77c7f400/spring-cloud-context-2.0.0.RC2.jar:/Users/Waggi/.gradle/caches/modules-2/files-2.1/org.springframework.cloud/spring-cloud-commons/2.0.0.RC2/2bca59a30163c6cc84e6730629b27a54cbc9da54/spring-cloud-commons-2.0.0.RC2.jar:/Users/Waggi/.gradle/caches/modules-2/files-2.1/org.springframework.security/spring-security-rsa/1.0.5.RELEASE/31bd1111ada2f455eb0f492ed09e39deda18ca99/spring-security-rsa-1.0.5.RELEASE.jar:/Users/Waggi/.gradle/caches/modules-2/files-2.1/org.codehaus.jettison/jettison/1.3.7/7d36a59a0577f11b12088b9e215d6860345b9e1d/jettison-1.3.7.jar:/Users/Waggi/.gradle/caches/modules-2/files-2.1/com.sun.jersey.contribs/jersey-apache-client4/1.19.1/e1c45701a003097ace96bed4bc8fb937e9867498/jersey-apache-client4-1.19.1.jar:/Users/Waggi/.gradle/caches/modules-2/files-2.1/com.sun.jersey/jersey-client/1.19.1/2df97ebd4e5c01599584c45caa3aeb563d268eef/jersey-client-1.19.1.jar:/Users/Waggi/.gradle/caches/modules-2/files-2.1/com.sun.jersey/jersey-core/1.19.1/4282d106f2acd5051bd9bc2935ed9a2920c9385/jersey-core-1.19.1.jar:/Users/Waggi/.gradle/caches/modules-2/files-2.1/javax.ws.rs/jsr311-api/1.1.1/59033da2a1afd56af1ac576750a8d0b1830d59e6/jsr311-api-1.1.1.jar:/Users/Waggi/.gradle/caches/modules-2/files-2.1/io.reactivex/rxnetty-servo/0.4.9/b7d6d6e132686c280f16710eaa3e90719f6808f8/rxnetty-servo-0.4.9.jar:/Users/Waggi/.gradle/caches/modules-2/files-2.1/com.netflix.servo/servo-core/0.12.21/f56c3bf161217be98fbe4135adf8480590db9c37/servo-core-0.12.21.jar:/Users/Waggi/.gradle/caches/modules-2/files-2.1/org.apache.httpcomponents/httpclient/4.5.5/1603dfd56ebcd583ccdf337b6c3984ac55d89e58/httpclient-4.5.5.jar:/Users/Waggi/.gradle/caches/modules-2/files-2.1/com.google.inject/guice/4.1.0/eeb69005da379a10071aa4948c48d89250febb07/guice-4.1.0.jar:/Users/Waggi/.gradle/caches/modules-2/files-2.1/com.github.vlsi.compactmap/compactmap/1.2.1/27aec1f3162c14b8a1178bb5c75ab43b618308ef/compactmap-1.2.1.jar:/Users/Waggi/.gradle/caches/modules-2/files-2.1/com.fasterxml.jackson.core/jackson-annotations/2.9.0/7c10d545325e3a6e72e06381afe469fd40eb701/jackson-annotations-2.9.0.jar:/Users/Waggi/.gradle/caches/modules-2/files-2.1/com.fasterxml.jackson.core/jackson-core/2.9.5/a22ac51016944b06fd9ffbc9541c6e7ce5eea117/jackson-core-2.9.5.jar:/Users/Waggi/.gradle/caches/modules-2/files-2.1/org.codehaus.woodstox/woodstox-core-asl/4.4.1/84fee5eb1a4a1cefe65b6883c73b3fa83be3c1a1/woodstox-core-asl-4.4.1.jar:/Users/Waggi/.gradle/caches/modules-2/files-2.1/org.springframework.cloud/spring-cloud-netflix-ribbon/2.0.0.RC2/e6fb9a8beecdb7e225bc435c810a7248000ef750/spring-cloud-netflix-ribbon-2.0.0.RC2.jar:/Users/Waggi/.gradle/caches/modules-2/files-2.1/org.springframework.cloud/spring-cloud-netflix-archaius/2.0.0.RC2/f14a6375082f06a26c5e1c1aa0f18305aea74af8/spring-cloud-netflix-archaius-2.0.0.RC2.jar:/Users/Waggi/.gradle/caches/modules-2/files-2.1/commons-configuration/commons-configuration/1.8/6cce40435bcd8018018f16898de01976b319941a/commons-configuration-1.8.jar:/Users/Waggi/.gradle/caches/modules-2/files-2.1/io.reactivex/rxnetty-contexts/0.4.9/6efe17a25602a5424c18ab975aa9c28b6d6b7f56/rxnetty-contexts-0.4.9.jar:/Users/Waggi/.gradle/caches/modules-2/files-2.1/io.reactivex/rxnetty/0.4.9/5aff3c9d6bb9d9066c378bb3d2a4413ed1773bcf/rxnetty-0.4.9.jar:/Users/Waggi/.gradle/caches/modules-2/files-2.1/io.reactivex/rxjava/1.3.8/8c192792ad2e65a90867ab418ac49703f44d2baf/rxjava-1.3.8.jar:/Users/Waggi/.gradle/caches/modules-2/files-2.1/ch.qos.logback/logback-classic/1.2.3/7c4f3c474fb2c041d8028740440937705ebb473a/logback-classic-1.2.3.jar:/Users/Waggi/.gradle/caches/modules-2/files-2.1/org.apache.logging.log4j/log4j-to-slf4j/2.10.0/f7e631ccf49cfc0aefa4a2a728da7d374c05bd3c/log4j-to-slf4j-2.10.0.jar:/Users/Waggi/.gradle/caches/modules-2/files-2.1/org.slf4j/jul-to-slf4j/1.7.25/af5364cd6679bfffb114f0dec8a157aaa283b76/jul-to-slf4j-1.7.25.jar:/Users/Waggi/.gradle/caches/modules-2/files-2.1/com.netflix.netflix-commons/netflix-infix/0.3.0/acc65969f7367ddd2f1265e0cd7330509ed530dc/netflix-infix-0.3.0.jar:/Users/Waggi/.gradle/caches/modules-2/files-2.1/com.netflix.netflix-commons/netflix-commons-util/0.3.0/8a6ffc41308c300197918eff3df1a7447ddaf468/netflix-commons-util-0.3.0.jar:/Users/Waggi/.gradle/caches/modules-2/files-2.1/com.netflix.netflix-commons/netflix-statistics/0.1.1/12f6e48253f9cafa0e24d7d232ff504c52143212/netflix-statistics-0.1.1.jar:/Users/Waggi/.gradle/caches/modules-2/files-2.1/org.slf4j/slf4j-api/1.7.25/da76ca59f6a57ee3102f8f9bd9cee742973efa8a/slf4j-api-1.7.25.jar:/Users/Waggi/.gradle/caches/modules-2/files-2.1/xmlpull/xmlpull/1.1.3.1/2b8e230d2ab644e4ecaa94db7cdedbc40c805dfa/xmlpull-1.1.3.1.jar:/Users/Waggi/.gradle/caches/modules-2/files-2.1/xpp3/xpp3_min/1.1.4c/19d4e90b43059058f6e056f794f0ea4030d60b86/xpp3_min-1.1.4c.jar:/Users/Waggi/.gradle/caches/modules-2/files-2.1/org.springframework.security/spring-security-jwt/1.0.9.RELEASE/3b060c3c397a7638b07c2a4850e03affd335097f/spring-security-jwt-1.0.9.RELEASE.jar:/Users/Waggi/.gradle/caches/modules-2/files-2.1/net.minidev/json-smart/2.3/7396407491352ce4fa30de92efb158adb76b5b/json-smart-2.3.jar:/Users/Waggi/.gradle/caches/modules-2/files-2.1/net.bytebuddy/byte-buddy/1.7.11/f02857a4e2c66ccbe7aaad6100a0a6c461bce9b3/byte-buddy-1.7.11.jar:/Users/Waggi/.gradle/caches/modules-2/files-2.1/net.bytebuddy/byte-buddy-agent/1.7.11/b425a8933ca07edd03c6dbc8bc3b595fba9780de/byte-buddy-agent-1.7.11.jar:/Users/Waggi/.gradle/caches/modules-2/files-2.1/org.objenesis/objenesis/2.6/639033469776fd37c08358c6b92a4761feb2af4b/objenesis-2.6.jar:/Users/Waggi/.gradle/caches/modules-2/files-2.1/com.vaadin.external.google/android-json/0.0.20131108.vaadin1/fa26d351fe62a6a17f5cda1287c1c6110dec413f/android-json-0.0.20131108.vaadin1.jar:/Users/Waggi/.gradle/caches/modules-2/files-2.1/org.springframework/spring-jcl/5.0.6.RELEASE/295ee4e8657e9c1fd327735c01d5fbce339cc44d/spring-jcl-5.0.6.RELEASE.jar:/Users/Waggi/.gradle/caches/modules-2/files-2.1/org.springframework.security/spring-security-crypto/5.0.5.RELEASE/23256a0513b1a3c0ede42ae605d6fa25c1241ad/spring-security-crypto-5.0.5.RELEASE.jar:/Users/Waggi/.gradle/caches/modules-2/files-2.1/org.bouncycastle/bcpkix-jdk15on/1.56/4648af70268b6fdb24674fb1fd7c1fcc73db1231/bcpkix-jdk15on-1.56.jar:/Users/Waggi/.gradle/caches/modules-2/files-2.1/org.aspectj/aspectjweaver/1.8.13/ad94df2a28d658a40dc27bbaff6a1ce5fbf04e9b/aspectjweaver-1.8.13.jar:/Users/Waggi/.gradle/caches/modules-2/files-2.1/stax/stax-api/1.0.1/49c100caf72d658aca8e58bd74a4ba90fa2b0d70/stax-api-1.0.1.jar:/Users/Waggi/.gradle/caches/modules-2/files-2.1/org.apache.commons/commons-math/2.2/4877b85d388275f994a5cfc7eceb73a8045d3006/commons-math-2.2.jar:/Users/Waggi/.gradle/caches/modules-2/files-2.1/com.google.guava/guava/19.0/6ce200f6b23222af3d8abb6b6459e6c44f4bb0e9/guava-19.0.jar:/Users/Waggi/.gradle/caches/modules-2/files-2.1/org.apache.httpcomponents/httpcore/4.4.9/a86ce739e5a7175b4b234c290a00a5fdb80957a0/httpcore-4.4.9.jar:/Users/Waggi/.gradle/caches/modules-2/files-2.1/commons-codec/commons-codec/1.11/3acb4705652e16236558f0f4f2192cc33c3bd189/commons-codec-1.11.jar:/Users/Waggi/.gradle/caches/modules-2/files-2.1/javax.inject/javax.inject/1/6975da39a7040257bd51d21a231b76c915872d38/javax.inject-1.jar:/Users/Waggi/.gradle/caches/modules-2/files-2.1/aopalliance/aopalliance/1.0/235ba8b489512805ac13a8f9ea77a1ca5ebe3e8/aopalliance-1.0.jar:/Users/Waggi/.gradle/caches/modules-2/files-2.1/com.github.andrewoma.dexx/dexx-collections/0.2/a1cff10827ee471c215a99585b99f00d3a602194/dexx-collections-0.2.jar:/Users/Waggi/.gradle/caches/modules-2/files-2.1/javax.xml.stream/stax-api/1.0-2/d6337b0de8b25e53e81b922352fbea9f9f57ba0b/stax-api-1.0-2.jar:/Users/Waggi/.gradle/caches/modules-2/files-2.1/org.codehaus.woodstox/stax2-api/3.1.4/ac19014b1e6a7c08aad07fe114af792676b685b7/stax2-api-3.1.4.jar:/Users/Waggi/.gradle/caches/modules-2/files-2.1/commons-lang/commons-lang/2.6/ce1edb914c94ebc388f086c6827e8bdeec71ac2/commons-lang-2.6.jar:/Users/Waggi/.gradle/caches/modules-2/files-2.1/commons-collections/commons-collections/3.2.2/8ad72fe39fa8c91eaaf12aadb21e0c3661fe26d5/commons-collections-3.2.2.jar:/Users/Waggi/.gradle/caches/modules-2/files-2.1/io.micrometer/micrometer-core/1.0.4/469c27eee20e79bdfd31ea93adfe43f95bfa4887/micrometer-core-1.0.4.jar:/Users/Waggi/.gradle/caches/modules-2/files-2.1/org.codehaus.jackson/jackson-mapper-asl/1.9.13/1ee2f2bed0e5dd29d1cb155a166e6f8d50bbddb7/jackson-mapper-asl-1.9.13.jar:/Users/Waggi/.gradle/caches/modules-2/files-2.1/net.minidev/accessors-smart/1.2/c592b500269bfde36096641b01238a8350f8aa31/accessors-smart-1.2.jar:/Users/Waggi/.gradle/caches/modules-2/files-2.1/ch.qos.logback/logback-core/1.2.3/864344400c3d4d92dfeb0a305dc87d953677c03c/logback-core-1.2.3.jar:/Users/Waggi/.gradle/caches/modules-2/files-2.1/org.apache.logging.log4j/log4j-api/2.10.0/fec5797a55b786184a537abd39c3fa1449d752d6/log4j-api-2.10.0.jar:/Users/Waggi/.gradle/caches/modules-2/files-2.1/org.bouncycastle/bcprov-jdk15on/1.56/a153c6f9744a3e9dd6feab5e210e1c9861362ec7/bcprov-jdk15on-1.56.jar:/Users/Waggi/.gradle/caches/modules-2/files-2.1/commons-jxpath/commons-jxpath/1.3/c22d7d0f0f40eb7059a23cfa61773a416768b137/commons-jxpath-1.3.jar:/Users/Waggi/.gradle/caches/modules-2/files-2.1/joda-time/joda-time/2.9.9/f7b520c458572890807d143670c9b24f4de90897/joda-time-2.9.9.jar:/Users/Waggi/.gradle/caches/modules-2/files-2.1/org.antlr/antlr-runtime/3.4/8f011408269a8e42b8548687e137d8eeb56df4b4/antlr-runtime-3.4.jar:/Users/Waggi/.gradle/caches/modules-2/files-2.1/com.google.code.gson/gson/2.8.4/d0de1ca9b69e69d1d497ee3c6009d015f64dad57/gson-2.8.4.jar:/Users/Waggi/.gradle/caches/modules-2/files-2.1/org.hdrhistogram/HdrHistogram/2.1.10/9e1ac84eed220281841b75e72fb9de5a297fbf04/HdrHistogram-2.1.10.jar:/Users/Waggi/.gradle/caches/modules-2/files-2.1/io.netty/netty-codec-http/4.1.24.Final/8f20009953b2c7c3d860cef928007bc01aa58ac/netty-codec-http-4.1.24.Final.jar:/Users/Waggi/.gradle/caches/modules-2/files-2.1/io.netty/netty-transport-native-epoll/4.1.24.Final/4059baf083c81fa17b317f11c58f1443504ba587/netty-transport-native-epoll-4.1.24.Final.jar:/Users/Waggi/.gradle/caches/modules-2/files-2.1/org.latencyutils/LatencyUtils/2.0.3/769c0b82cb2421c8256300e907298a9410a2a3d3/LatencyUtils-2.0.3.jar:/Users/Waggi/.gradle/caches/modules-2/files-2.1/org.codehaus.jackson/jackson-core-asl/1.9.13/3c304d70f42f832e0a86d45bd437f692129299a4/jackson-core-asl-1.9.13.jar:/Users/Waggi/.gradle/caches/modules-2/files-2.1/org.ow2.asm/asm/5.0.4/da08b8cce7bbf903602a25a3a163ae252435795/asm-5.0.4.jar:/Users/Waggi/.gradle/caches/modules-2/files-2.1/org.antlr/stringtemplate/3.2.1/59ec8083721eae215c6f3caee944c410d2be34de/stringtemplate-3.2.1.jar:/Users/Waggi/.gradle/caches/modules-2/files-2.1/antlr/antlr/2.7.7/83cd2cd674a217ade95a4bb83a8a14f351f48bd0/antlr-2.7.7.jar:/Users/Waggi/.gradle/caches/modules-2/files-2.1/io.netty/netty-codec/4.1.24.Final/290857e5103956bbda11836e33245f2439226b77/netty-codec-4.1.24.Final.jar:/Users/Waggi/.gradle/caches/modules-2/files-2.1/io.netty/netty-transport-native-unix-common/4.1.24.Final/16a46eaa33853af1fdec5682fcebc3ca5f5d196b/netty-transport-native-unix-common-4.1.24.Final.jar:/Users/Waggi/.gradle/caches/modules-2/files-2.1/io.netty/netty-transport/4.1.24.Final/d37292c94d3a4cba48d9b6cfb6e8e55282035d0d/netty-transport-4.1.24.Final.jar:/Users/Waggi/.gradle/caches/modules-2/files-2.1/io.netty/netty-buffer/4.1.24.Final/e354bed2e60b568307138e403f55ba241c1c16d2/netty-buffer-4.1.24.Final.jar:/Users/Waggi/.gradle/caches/modules-2/files-2.1/io.netty/netty-resolver/4.1.24.Final/dbc1e5b50d31aed883ea3beeb6489e1977d0687f/netty-resolver-4.1.24.Final.jar:/Users/Waggi/.gradle/caches/modules-2/files-2.1/io.netty/netty-common/4.1.24.Final/7eeecd7906543214c3c1c984d275d3c6de10b99d/netty-common-4.1.24.Final.jar, user.name=Waggi, java.vm.specification.version=1.8, sun.java.command=worker.org.gradle.process.internal.worker.GradleWorkerMain 'Gradle Test Executor 1', java.home=/Library/Java/JavaVirtualMachines/jdk1.8.0_131.jdk/Contents/Home/jre, sun.arch.data.model=64, user.language=ru, java.specification.vendor=Oracle Corporation, awt.toolkit=sun.lwawt.macosx.LWCToolkit, java.vm.info=mixed mode, java.version=1.8.0_131, java.ext.dirs=/Users/Waggi/Library/Java/Extensions:/Library/Java/JavaVirtualMachines/jdk1.8.0_131.jdk/Contents/Home/jre/lib/ext:/Library/Java/Extensions:/Network/Library/Java/Extensions:/System/Library/Java/Extensions:/usr/lib/java, sun.boot.class.path=/Library/Java/JavaVirtualMachines/jdk1.8.0_131.jdk/Contents/Home/jre/lib/resources.jar:/Library/Java/JavaVirtualMachines/jdk1.8.0_131.jdk/Contents/Home/jre/lib/rt.jar:/Library/Java/JavaVirtualMachines/jdk1.8.0_131.jdk/Contents/Home/jre/lib/sunrsasign.jar:/Library/Java/JavaVirtualMachines/jdk1.8.0_131.jdk/Contents/Home/jre/lib/jsse.jar:/Library/Java/JavaVirtualMachines/jdk1.8.0_131.jdk/Contents/Home/jre/lib/jce.jar:/Library/Java/JavaVirtualMachines/jdk1.8.0_131.jdk/Contents/Home/jre/lib/charsets.jar:/Library/Java/JavaVirtualMachines/jdk1.8.0_131.jdk/Contents/Home/jre/lib/jfr.jar:/Library/Java/JavaVirtualMachines/jdk1.8.0_131.jdk/Contents/Home/jre/classes, java.vendor=Oracle Corporation, org.gradle.test.worker=1, file.separator=/, java.vendor.url.bug=http://bugreport.sun.com/bugreport/, sun.io.unicode.encoding=UnicodeBig, sun.cpu.endian=little, socksNonProxyHosts=local|*.local|169.254/16|*.169.254/16, ftp.nonProxyHosts=local|*.local|169.254/16|*.169.254/16, sun.cpu.isalist=}}, SystemEnvironmentPropertySource@1893306343 {name='systemEnvironment', properties={PATH=/Users/Waggi/.sdkman/candidates/grails/2.5.6/bin:/Users/Waggi/DEV/apache-maven-3.5.0/bin:/usr/local/mysql/bin:/usr/local/bin:/usr/bin:/bin:/usr/sbin:/sbin:/opt/X11/bin:/Users/Waggi/DEV/db/mongodb-osx-x86_64-3.6.3/bin:/Users/Waggi/DEV/gradle-4.6/bin, SHELL=/bin/bash, JAVA_MAIN_CLASS_19635=worker.org.gradle.process.internal.worker.GradleWorkerMain, GRAILS_HOME=/Users/Waggi/.sdkman/candidates/grails/2.5.6, GRADLE_PATH=/Users/Waggi/DEV/gradle-4.6, JAVA_HOME=/Library/Java/JavaVirtualMachines/jdk1.8.0_131.jdk/Contents/Home, MONGO_PATH=/Users/Waggi/DEV/db/mongodb-osx-x86_64-3.6.3, USER=Waggi, VERSIONER_PYTHON_PREFER_32_BIT=no, TMPDIR=/var/folders/cw/rgnzd_bn3614m4bpctqxqj980000gn/T/, SSH_AUTH_SOCK=/private/tmp/com.apple.launchd.0FqWzzkVvf/Listeners, DISPLAY=/private/tmp/com.apple.launchd.DuhbYa1eix/org.macosforge.xquartz:0, XPC_FLAGS=0x0, VERSIONER_PYTHON_VERSION=2.7, M2_HOME=/Users/Waggi/DEV/apache-maven-3.5.0, __CF_USER_TEXT_ENCODING=0x1F5:0x7:0x31, Apple_PubSub_Socket_Render=/private/tmp/com.apple.launchd.01mpuvXQhe/Render, LOGNAME=Waggi, LC_CTYPE=ru_RU.UTF-8, XPC_SERVICE_NAME=com.jetbrains.intellij.8232, HOME=/Users/Waggi}}]
17:50:18.743 [Test worker] DEBUG org.springframework.core.io.support.PathMatchingResourcePatternResolver - Resolved classpath location [com/waggy/authorizationservice/] to resources [URL [file:/Users/Waggi/Google%20Диск/Development/projects/microservices/authorization-service/build/classes/java/test/com/waggy/authorizationservice/], URL [file:/Users/Waggi/Google%20Диск/Development/projects/microservices/authorization-service/build/classes/java/main/com/waggy/authorizationservice/]]
17:50:18.744 [Test worker] DEBUG org.springframework.core.io.support.PathMatchingResourcePatternResolver - Looking for matching resources in directory tree [/Users/Waggi/Google Диск/Development/projects/microservices/authorization-service/build/classes/java/test/com/waggy/authorizationservice]
17:50:18.744 [Test worker] DEBUG org.springframework.core.io.support.PathMatchingResourcePatternResolver - Searching directory [/Users/Waggi/Google Диск/Development/projects/microservices/authorization-service/build/classes/java/test/com/waggy/authorizationservice] for files matching pattern [/Users/Waggi/Google Диск/Development/projects/microservices/authorization-service/build/classes/java/test/com/waggy/authorizationservice/*.class]
17:50:18.749 [Test worker] DEBUG org.springframework.core.io.support.PathMatchingResourcePatternResolver - Looking for matching resources in directory tree [/Users/Waggi/Google Диск/Development/projects/microservices/authorization-service/build/classes/java/main/com/waggy/authorizationservice]
17:50:18.749 [Test worker] DEBUG org.springframework.core.io.support.PathMatchingResourcePatternResolver - Searching directory [/Users/Waggi/Google Диск/Development/projects/microservices/authorization-service/build/classes/java/main/com/waggy/authorizationservice] for files matching pattern [/Users/Waggi/Google Диск/Development/projects/microservices/authorization-service/build/classes/java/main/com/waggy/authorizationservice/*.class]
17:50:18.750 [Test worker] DEBUG org.springframework.core.io.support.PathMatchingResourcePatternResolver - Resolved location pattern [classpath*:com/waggy/authorizationservice/*.class] to resources [file [/Users/Waggi/Google Диск/Development/projects/microservices/authorization-service/build/classes/java/test/com/waggy/authorizationservice/AuthorizationServiceApplicationTests.class], file [/Users/Waggi/Google Диск/Development/projects/microservices/authorization-service/build/classes/java/main/com/waggy/authorizationservice/AuthorizationServiceApplication$OAuth2AuthorizationConfig.class], file [/Users/Waggi/Google Диск/Development/projects/microservices/authorization-service/build/classes/java/main/com/waggy/authorizationservice/AuthorizationServiceApplication$WebSecurityConfig.class], file [/Users/Waggi/Google Диск/Development/projects/microservices/authorization-service/build/classes/java/main/com/waggy/authorizationservice/AuthorizationServiceApplication.class]]
17:50:18.944 [Test worker] DEBUG org.springframework.context.annotation.ClassPathScanningCandidateComponentProvider - Identified candidate component class: file [/Users/Waggi/Google Диск/Development/projects/microservices/authorization-service/build/classes/java/main/com/waggy/authorizationservice/AuthorizationServiceApplication.class]
17:50:18.946 [Test worker] INFO org.springframework.boot.test.context.SpringBootTestContextBootstrapper - Found @SpringBootConfiguration com.waggy.authorizationservice.AuthorizationServiceApplication for test class com.waggy.authorizationservice.AuthorizationServiceApplicationTests
17:50:19.383 [Test worker] DEBUG org.springframework.boot.test.context.SpringBootTestContextBootstrapper - @TestExecutionListeners is not present for class [com.waggy.authorizationservice.AuthorizationServiceApplicationTests]: using defaults.
17:50:19.384 [Test worker] INFO org.springframework.boot.test.context.SpringBootTestContextBootstrapper - Loaded default TestExecutionListener class names from location [META-INF/spring.factories]: [org.springframework.security.test.context.support.WithSecurityContextTestExecutionListener, org.springframework.security.test.context.support.ReactorContextTestExecutionListener, org.springframework.boot.test.autoconfigure.restdocs.RestDocsTestExecutionListener, org.springframework.boot.test.autoconfigure.web.client.MockRestServiceServerResetTestExecutionListener, org.springframework.boot.test.autoconfigure.web.servlet.MockMvcPrintOnlyOnFailureTestExecutionListener, org.springframework.boot.test.autoconfigure.web.servlet.WebDriverTestExecutionListener, org.springframework.boot.test.mock.mockito.MockitoTestExecutionListener, org.springframework.boot.test.mock.mockito.ResetMocksTestExecutionListener, org.springframework.test.context.web.ServletTestExecutionListener, org.springframework.test.context.support.DirtiesContextBeforeModesTestExecutionListener, org.springframework.test.context.support.DependencyInjectionTestExecutionListener, org.springframework.test.context.support.DirtiesContextTestExecutionListener, org.springframework.test.context.transaction.TransactionalTestExecutionListener, org.springframework.test.context.jdbc.SqlScriptsTestExecutionListener]
17:50:19.444 [Test worker] DEBUG org.springframework.boot.test.context.SpringBootTestContextBootstrapper - Skipping candidate TestExecutionListener [org.springframework.test.context.transaction.TransactionalTestExecutionListener] due to a missing dependency. Specify custom listener classes or make the default listener classes and their required dependencies available. Offending class: [org/springframework/transaction/interceptor/TransactionAttributeSource]
17:50:19.447 [Test worker] DEBUG org.springframework.boot.test.context.SpringBootTestContextBootstrapper - Skipping candidate TestExecutionListener [org.springframework.test.context.jdbc.SqlScriptsTestExecutionListener] due to a missing dependency. Specify custom listener classes or make the default listener classes and their required dependencies available. Offending class: [org/springframework/transaction/interceptor/TransactionAttribute]
17:50:19.447 [Test worker] INFO org.springframework.boot.test.context.SpringBootTestContextBootstrapper - Using TestExecutionListeners: [org.springframework.test.context.web.ServletTestExecutionListener@2c52880c, org.springframework.test.context.support.DirtiesContextBeforeModesTestExecutionListener@7ffe0379, org.springframework.boot.test.mock.mockito.MockitoTestExecutionListener@3cb60c38, org.springframework.boot.test.autoconfigure.SpringBootDependencyInjectionTestExecutionListener@4131537e, org.springframework.test.context.support.DirtiesContextTestExecutionListener@791ba1bc, org.springframework.security.test.context.support.WithSecurityContextTestExecutionListener@7671802d, org.springframework.security.test.context.support.ReactorContextTestExecutionListener@7aaa8517, org.springframework.boot.test.autoconfigure.restdocs.RestDocsTestExecutionListener@31cb939f, org.springframework.boot.test.autoconfigure.web.client.MockRestServiceServerResetTestExecutionListener@1579c25b, org.springframework.boot.test.autoconfigure.web.servlet.MockMvcPrintOnlyOnFailureTestExecutionListener@6f734831, org.springframework.boot.test.autoconfigure.web.servlet.WebDriverTestExecutionListener@415feaf5, org.springframework.boot.test.mock.mockito.ResetMocksTestExecutionListener@2c65de2a]
17:50:19.450 [Test worker] DEBUG org.springframework.test.annotation.ProfileValueUtils - Retrieved @ProfileValueSourceConfiguration [null] for test class [com.waggy.authorizationservice.AuthorizationServiceApplicationTests]
17:50:19.451 [Test worker] DEBUG org.springframework.test.annotation.ProfileValueUtils - Retrieved ProfileValueSource type [class org.springframework.test.annotation.SystemProfileValueSource] for class [com.waggy.authorizationservice.AuthorizationServiceApplicationTests]
17:50:19.452 [Test worker] DEBUG org.springframework.test.annotation.ProfileValueUtils - Retrieved @ProfileValueSourceConfiguration [null] for test class [com.waggy.authorizationservice.AuthorizationServiceApplicationTests]
17:50:19.452 [Test worker] DEBUG org.springframework.test.annotation.ProfileValueUtils - Retrieved ProfileValueSource type [class org.springframework.test.annotation.SystemProfileValueSource] for class [com.waggy.authorizationservice.AuthorizationServiceApplicationTests]
17:50:19.464 [Test worker] DEBUG org.springframework.test.context.support.AbstractDirtiesContextTestExecutionListener - Before test class: context [DefaultTestContext@4dc71973 testClass = AuthorizationServiceApplicationTests, testInstance = [null], testMethod = [null], testException = [null], mergedContextConfiguration = [WebMergedContextConfiguration@16e9dfb2 testClass = AuthorizationServiceApplicationTests, locations = '{}', classes = '{class com.waggy.authorizationservice.AuthorizationServiceApplication}', contextInitializerClasses = '[]', activeProfiles = '{}', propertySourceLocations = '{}', propertySourceProperties = '{org.springframework.boot.test.context.SpringBootTestContextBootstrapper=true, server.port=0}', contextCustomizers = set[org.springframework.boot.test.autoconfigure.properties.PropertyMappingContextCustomizer@0, org.springframework.boot.test.autoconfigure.web.servlet.WebDriverContextCustomizerFactory$Customizer@4f1f22fc, org.springframework.boot.test.context.filter.ExcludeFilterContextCustomizer@6455adba, org.springframework.boot.test.json.DuplicateJsonObjectContextCustomizerFactory$DuplicateJsonObjectContextCustomizer@1b5528ab, org.springframework.boot.test.mock.mockito.MockitoContextCustomizer@0, org.springframework.boot.test.web.client.TestRestTemplateContextCustomizer@4273f042], resourceBasePath = 'src/main/webapp', contextLoader = 'org.springframework.boot.test.context.SpringBootContextLoader', parent = [null]], attributes = map['org.springframework.test.context.web.ServletTestExecutionListener.activateListener' -> false]], class annotated with @DirtiesContext [false] with mode [null].
17:50:19.466 [Test worker] DEBUG org.springframework.test.annotation.ProfileValueUtils - Retrieved @ProfileValueSourceConfiguration [null] for test class [com.waggy.authorizationservice.AuthorizationServiceApplicationTests]
17:50:19.470 [Test worker] DEBUG org.springframework.test.annotation.ProfileValueUtils - Retrieved ProfileValueSource type [class org.springframework.test.annotation.SystemProfileValueSource] for class [com.waggy.authorizationservice.AuthorizationServiceApplicationTests]
17:50:19.502 [Test worker] DEBUG org.springframework.test.context.support.DependencyInjectionTestExecutionListener - Performing dependency injection for test context [[DefaultTestContext@4dc71973 testClass = AuthorizationServiceApplicationTests, testInstance = com.waggy.authorizationservice.AuthorizationServiceApplicationTests@101232a7, testMethod = [null], testException = [null], mergedContextConfiguration = [WebMergedContextConfiguration@16e9dfb2 testClass = AuthorizationServiceApplicationTests, locations = '{}', classes = '{class com.waggy.authorizationservice.AuthorizationServiceApplication}', contextInitializerClasses = '[]', activeProfiles = '{}', propertySourceLocations = '{}', propertySourceProperties = '{org.springframework.boot.test.context.SpringBootTestContextBootstrapper=true, server.port=0}', contextCustomizers = set[org.springframework.boot.test.autoconfigure.properties.PropertyMappingContextCustomizer@0, org.springframework.boot.test.autoconfigure.web.servlet.WebDriverContextCustomizerFactory$Customizer@4f1f22fc, org.springframework.boot.test.context.filter.ExcludeFilterContextCustomizer@6455adba, org.springframework.boot.test.json.DuplicateJsonObjectContextCustomizerFactory$DuplicateJsonObjectContextCustomizer@1b5528ab, org.springframework.boot.test.mock.mockito.MockitoContextCustomizer@0, org.springframework.boot.test.web.client.TestRestTemplateContextCustomizer@4273f042], resourceBasePath = 'src/main/webapp', contextLoader = 'org.springframework.boot.test.context.SpringBootContextLoader', parent = [null]], attributes = map['org.springframework.test.context.web.ServletTestExecutionListener.activateListener' -> false]]].
17:50:19.592 [Test worker] DEBUG org.springframework.core.env.StandardEnvironment - Adding PropertySource 'systemProperties' with lowest search precedence
17:50:19.592 [Test worker] DEBUG org.springframework.core.env.StandardEnvironment - Adding PropertySource 'systemEnvironment' with lowest search precedence
17:50:19.594 [Test worker] DEBUG org.springframework.core.env.StandardEnvironment - Initialized StandardEnvironment with PropertySources [MapPropertySource@1566961814 {name='systemProperties', properties={java.runtime.name=Java(TM) SE Runtime Environment, sun.boot.library.path=/Library/Java/JavaVirtualMachines/jdk1.8.0_131.jdk/Contents/Home/jre/lib, java.vm.version=25.131-b11, gopherProxySet=false, java.vm.vendor=Oracle Corporation, java.vendor.url=http://java.oracle.com/, path.separator=:, java.vm.name=Java HotSpot(TM) 64-Bit Server VM, file.encoding.pkg=sun.io, sun.java.launcher=SUN_STANDARD, user.country=RU, sun.os.patch.level=unknown, java.vm.specification.name=Java Virtual Machine Specification, user.dir=/Users/Waggi/Google Диск/Development/projects/microservices/authorization-service, java.runtime.version=1.8.0_131-b11, java.awt.graphicsenv=sun.awt.CGraphicsEnvironment, java.endorsed.dirs=/Library/Java/JavaVirtualMachines/jdk1.8.0_131.jdk/Contents/Home/jre/lib/endorsed, os.arch=x86_64, java.io.tmpdir=/var/folders/cw/rgnzd_bn3614m4bpctqxqj980000gn/T/, line.separator=
, java.vm.specification.vendor=Oracle Corporation, user.variant=, os.name=Mac OS X, sun.jnu.encoding=UTF-8, java.library.path=/Users/Waggi/Library/Java/Extensions:/Library/Java/Extensions:/Network/Library/Java/Extensions:/System/Library/Java/Extensions:/usr/lib/java:., java.specification.name=Java Platform API Specification, java.class.version=52.0, org.gradle.native=false, sun.management.compiler=HotSpot 64-Bit Tiered Compilers, os.version=10.13.3, http.nonProxyHosts=local|*.local|169.254/16|*.169.254/16, user.home=/Users/Waggi, user.timezone=Asia/Yekaterinburg, java.awt.printerjob=sun.lwawt.macosx.CPrinterJob, file.encoding=UTF-8, java.specification.version=1.8, java.class.path=/Users/Waggi/Google Диск/Development/projects/microservices/authorization-service/build/classes/java/test:/Users/Waggi/Google Диск/Development/projects/microservices/authorization-service/build/resources/test:/Users/Waggi/Google Диск/Development/projects/microservices/authorization-service/build/classes/java/main:/Users/Waggi/Google Диск/Development/projects/microservices/authorization-service/build/resources/main:/Users/Waggi/.gradle/caches/modules-2/files-2.1/org.springframework.cloud/spring-cloud-starter-oauth2/2.0.0.RC1/3b35fd77c42164f1c04a1e757e8e21423121eaf8/spring-cloud-starter-oauth2-2.0.0.RC1.jar:/Users/Waggi/.gradle/caches/modules-2/files-2.1/org.springframework.cloud/spring-cloud-starter-security/2.0.0.RC1/23fd7da02af82e12c5635833270bc3ed20f82dce/spring-cloud-starter-security-2.0.0.RC1.jar:/Users/Waggi/.gradle/caches/modules-2/files-2.1/org.springframework.cloud/spring-cloud-security/2.0.0.RC1/1ec77feedd2c8c04d033a926cab84da840330537/spring-cloud-security-2.0.0.RC1.jar:/Users/Waggi/.gradle/caches/modules-2/files-2.1/org.springframework.boot/spring-boot-starter-web/2.0.2.RELEASE/b6ef0cf4d0a7c6c7e93ff524b84cd1d8f87f67d9/spring-boot-starter-web-2.0.2.RELEASE.jar:/Users/Waggi/.gradle/caches/modules-2/files-2.1/org.springframework.boot/spring-boot-starter-security/2.0.2.RELEASE/ef280d41ff37acd66d5b411b1de845cc33067102/spring-boot-starter-security-2.0.2.RELEASE.jar:/Users/Waggi/.gradle/caches/modules-2/files-2.1/org.springframework.cloud/spring-cloud-starter-netflix-eureka-client/2.0.0.RC2/fec925da37b2aef14d8ad64e82152299df8aa3e4/spring-cloud-starter-netflix-eureka-client-2.0.0.RC2.jar:/Users/Waggi/.gradle/caches/modules-2/files-2.1/org.springframework.boot/spring-boot-starter-test/2.0.2.RELEASE/d9e090412f318586e0f277e24740b79b58ef190b/spring-boot-starter-test-2.0.2.RELEASE.jar:/Users/Waggi/.gradle/caches/modules-2/files-2.1/org.springframework.security/spring-security-test/5.0.5.RELEASE/d620e383128de4426db18016a667891eed89091/spring-security-test-5.0.5.RELEASE.jar:/Users/Waggi/.gradle/caches/modules-2/files-2.1/org.springframework.boot/spring-boot-starter-json/2.0.2.RELEASE/5edda979838ced5314b8f58a958fe9d6b4b3badd/spring-boot-starter-json-2.0.2.RELEASE.jar:/Users/Waggi/.gradle/caches/modules-2/files-2.1/org.springframework.cloud/spring-cloud-starter-netflix-ribbon/2.0.0.RC2/7792cbc0cacccacd16ca46a208947e398f4f3af1/spring-cloud-starter-netflix-ribbon-2.0.0.RC2.jar:/Users/Waggi/.gradle/caches/modules-2/files-2.1/org.springframework.cloud/spring-cloud-starter-netflix-archaius/2.0.0.RC2/e4499fbc6c3b983fcf22a1957155de718f8b2a4/spring-cloud-starter-netflix-archaius-2.0.0.RC2.jar:/Users/Waggi/.gradle/caches/modules-2/files-2.1/org.springframework.cloud/spring-cloud-starter/2.0.0.RC2/bffd52bcb84ffb0ce3e33a2c8f7a61d7d1bff950/spring-cloud-starter-2.0.0.RC2.jar:/Users/Waggi/.gradle/caches/modules-2/files-2.1/org.springframework.cloud/spring-cloud-netflix-eureka-client/2.0.0.RC2/6e3203e141309fc5d2d1ceafa9863f782290185f/spring-cloud-netflix-eureka-client-2.0.0.RC2.jar:/Users/Waggi/.gradle/caches/modules-2/files-2.1/org.springframework.cloud/spring-cloud-netflix-core/2.0.0.RC2/c286fa794500e65a4819fbfc7b3bacda30333121/spring-cloud-netflix-core-2.0.0.RC2.jar:/Users/Waggi/.gradle/caches/modules-2/files-2.1/org.springframework.boot/spring-boot-starter-aop/2.0.2.RELEASE/b0b0c7dcfdffaef1b04886c0279772905bc7e9d2/spring-boot-starter-aop-2.0.2.RELEASE.jar:/Users/Waggi/.gradle/caches/modules-2/files-2.1/org.springframework.boot/spring-boot-starter-actuator/2.0.2.RELEASE/bf24a7e12afcebae667819b616528e9b13574275/spring-boot-starter-actuator-2.0.2.RELEASE.jar:/Users/Waggi/.gradle/caches/modules-2/files-2.1/org.springframework.boot/spring-boot-starter/2.0.2.RELEASE/1cda94f0dfcf2b065191782a54b84d2abf96391/spring-boot-starter-2.0.2.RELEASE.jar:/Users/Waggi/.gradle/caches/modules-2/files-2.1/org.springframework.boot/spring-boot-starter-tomcat/2.0.2.RELEASE/cedbfb18762e1c220007c768bfc5b773f5b30f8a/spring-boot-starter-tomcat-2.0.2.RELEASE.jar:/Users/Waggi/.gradle/caches/modules-2/files-2.1/org.hibernate.validator/hibernate-validator/6.0.9.Final/b149e4cce82379f11f6129eb3187ca8ae5404005/hibernate-validator-6.0.9.Final.jar:/Users/Waggi/.gradle/caches/modules-2/files-2.1/org.springframework.security.oauth.boot/spring-security-oauth2-autoconfigure/2.0.0.RELEASE/33a13c816d32b6360c4ab4fa34a80dbab4b4bbf1/spring-security-oauth2-autoconfigure-2.0.0.RELEASE.jar:/Users/Waggi/.gradle/caches/modules-2/files-2.1/org.springframework.security.oauth/spring-security-oauth2/2.2.1.RELEASE/963dee6004e5969511d594269af42b9cfc13a19f/spring-security-oauth2-2.2.1.RELEASE.jar:/Users/Waggi/.gradle/caches/modules-2/files-2.1/org.springframework/spring-webmvc/5.0.6.RELEASE/1361c5d1cf46665ee01de5dc1ca447c3be174c19/spring-webmvc-5.0.6.RELEASE.jar:/Users/Waggi/.gradle/caches/modules-2/files-2.1/org.springframework.security/spring-security-web/5.0.5.RELEASE/14b987fee57348c373c5228e23ceb244d872e298/spring-security-web-5.0.5.RELEASE.jar:/Users/Waggi/.gradle/caches/modules-2/files-2.1/org.springframework/spring-web/5.0.6.RELEASE/89e89de3025165998118590613aedc6df8d64af6/spring-web-5.0.6.RELEASE.jar:/Users/Waggi/.gradle/caches/modules-2/files-2.1/org.springframework.security/spring-security-config/5.0.5.RELEASE/5d360adc638fc5f55e7364f2544a962ae26e0cfd/spring-security-config-5.0.5.RELEASE.jar:/Users/Waggi/.gradle/caches/modules-2/files-2.1/org.springframework.security/spring-security-core/5.0.5.RELEASE/d8fb6f4bcb03a1b124b4a0a50b574978496ae0ba/spring-security-core-5.0.5.RELEASE.jar:/Users/Waggi/.gradle/caches/modules-2/files-2.1/org.springframework.boot/spring-boot-test-autoconfigure/2.0.2.RELEASE/4993bdd96a4c02bc5b5703862d99ef4c563f25d0/spring-boot-test-autoconfigure-2.0.2.RELEASE.jar:/Users/Waggi/.gradle/caches/modules-2/files-2.1/org.springframework.boot/spring-boot-test/2.0.2.RELEASE/fc85812e6543312a3b0ea9fbbdfd4a51183380a3/spring-boot-test-2.0.2.RELEASE.jar:/Users/Waggi/.gradle/caches/modules-2/files-2.1/org.springframework.boot/spring-boot-actuator-autoconfigure/2.0.2.RELEASE/5165c5f431baf565bf9b07ce1956b71706fa37d/spring-boot-actuator-autoconfigure-2.0.2.RELEASE.jar:/Users/Waggi/.gradle/caches/modules-2/files-2.1/org.springframework.boot/spring-boot-autoconfigure/2.0.2.RELEASE/f4b25e753e4955337a138d8b1550236b5efe5b3b/spring-boot-autoconfigure-2.0.2.RELEASE.jar:/Users/Waggi/.gradle/caches/modules-2/files-2.1/org.springframework.boot/spring-boot-actuator/2.0.2.RELEASE/b849b4a60d01e6a17d563314d67bae4697b6ed04/spring-boot-actuator-2.0.2.RELEASE.jar:/Users/Waggi/.gradle/caches/modules-2/files-2.1/org.springframework.boot/spring-boot/2.0.2.RELEASE/15012cf02e9f77938244e554f0598535fdd1cb38/spring-boot-2.0.2.RELEASE.jar:/Users/Waggi/.gradle/caches/modules-2/files-2.1/org.springframework/spring-context/5.0.6.RELEASE/8b73b742ef0ddce04f0f1068f305de240b00ce0d/spring-context-5.0.6.RELEASE.jar:/Users/Waggi/.gradle/caches/modules-2/files-2.1/org.springframework/spring-aop/5.0.6.RELEASE/74078df698992054c1c1a8f705763a6c7b4b914c/spring-aop-5.0.6.RELEASE.jar:/Users/Waggi/.gradle/caches/modules-2/files-2.1/com.netflix.eureka/eureka-core/1.9.0/b4def40c31ef49053056af7a5cca1175198c76c0/eureka-core-1.9.0.jar:/Users/Waggi/.gradle/caches/modules-2/files-2.1/com.netflix.ribbon/ribbon-eureka/2.2.5/58016757f3ed6e98c0c1ca1f37d7855a2409551b/ribbon-eureka-2.2.5.jar:/Users/Waggi/.gradle/caches/modules-2/files-2.1/com.netflix.eureka/eureka-client/1.9.0/f1dff2f61e1feb4a2f4bc899099c749afdb5464b/eureka-client-1.9.0.jar:/Users/Waggi/.gradle/caches/modules-2/files-2.1/com.thoughtworks.xstream/xstream/1.4.10/dfecae23647abc9d9fd0416629a4213a3882b101/xstream-1.4.10.jar:/Users/Waggi/.gradle/caches/modules-2/files-2.1/com.jayway.jsonpath/json-path/2.4.0/765a4401ceb2dc8d40553c2075eb80a8fa35c2ae/json-path-2.4.0.jar:/Users/Waggi/.gradle/caches/modules-2/files-2.1/junit/junit/4.12/2973d150c0dc1fefe998f834810d68f278ea58ec/junit-4.12.jar:/Users/Waggi/.gradle/caches/modules-2/files-2.1/org.assertj/assertj-core/3.9.1/c5ce126b15f28d56cd8f960c1a6a058b9c9aea87/assertj-core-3.9.1.jar:/Users/Waggi/.gradle/caches/modules-2/files-2.1/org.mockito/mockito-core/2.15.0/b84bfbbc29cd22c9529409627af6ea2897f4fa85/mockito-core-2.15.0.jar:/Users/Waggi/.gradle/caches/modules-2/files-2.1/org.hamcrest/hamcrest-library/1.3/4785a3c21320980282f9f33d0d1264a69040538f/hamcrest-library-1.3.jar:/Users/Waggi/.gradle/caches/modules-2/files-2.1/org.hamcrest/hamcrest-core/1.3/42a25dc3219429f0e5d060061f71acb49bf010a0/hamcrest-core-1.3.jar:/Users/Waggi/.gradle/caches/modules-2/files-2.1/org.skyscreamer/jsonassert/1.5.0/6c9d5fe2f59da598d9aefc1cfc6528ff3cf32df3/jsonassert-1.5.0.jar:/Users/Waggi/.gradle/caches/modules-2/files-2.1/org.springframework/spring-test/5.0.6.RELEASE/dbc99b288774b2e07d94bc14fe38d556bc3ed34a/spring-test-5.0.6.RELEASE.jar:/Users/Waggi/.gradle/caches/modules-2/files-2.1/org.springframework/spring-beans/5.0.6.RELEASE/d609b83cd8a71650a70778cf8d02c9a05b9161fe/spring-beans-5.0.6.RELEASE.jar:/Users/Waggi/.gradle/caches/modules-2/files-2.1/org.springframework/spring-expression/5.0.6.RELEASE/dec57ae5e6f0dfd4c6cfc199aa13ed268c3e1a65/spring-expression-5.0.6.RELEASE.jar:/Users/Waggi/.gradle/caches/modules-2/files-2.1/org.springframework/spring-core/5.0.6.RELEASE/984a52455b1be596b7f1a29f62d21d2f483eb764/spring-core-5.0.6.RELEASE.jar:/Users/Waggi/.gradle/caches/modules-2/files-2.1/org.xmlunit/xmlunit-core/2.5.1/4ffdb346572a7356f7521cd3119ce5287d2e339d/xmlunit-core-2.5.1.jar:/Users/Waggi/.gradle/caches/modules-2/files-2.1/org.springframework.boot/spring-boot-starter-logging/2.0.2.RELEASE/b56d7d1931792d6e58dbd41f956912359ba85238/spring-boot-starter-logging-2.0.2.RELEASE.jar:/Users/Waggi/.gradle/caches/modules-2/files-2.1/javax.annotation/javax.annotation-api/1.3.2/934c04d3cfef185a8008e7bf34331b79730a9d43/javax.annotation-api-1.3.2.jar:/Users/Waggi/.gradle/caches/modules-2/files-2.1/org.yaml/snakeyaml/1.19/2d998d3d674b172a588e54ab619854d073f555b5/snakeyaml-1.19.jar:/Users/Waggi/.gradle/caches/modules-2/files-2.1/com.fasterxml.jackson.datatype/jackson-datatype-jdk8/2.9.5/23e37f085279ba316c0df923513b81609e1d1f6/jackson-datatype-jdk8-2.9.5.jar:/Users/Waggi/.gradle/caches/modules-2/files-2.1/com.fasterxml.jackson.datatype/jackson-datatype-jsr310/2.9.5/d1f0d11e816bc04e222a261106ca138801841c2d/jackson-datatype-jsr310-2.9.5.jar:/Users/Waggi/.gradle/caches/modules-2/files-2.1/com.fasterxml.jackson.module/jackson-module-parameter-names/2.9.5/f824c60751ffb7bfc3a0d30dfe0e42317d8e67f5/jackson-module-parameter-names-2.9.5.jar:/Users/Waggi/.gradle/caches/modules-2/files-2.1/com.netflix.netflix-commons/netflix-eventbus/0.3.0/3f864adbe81f0849729fcbba3fe693c32be739ea/netflix-eventbus-0.3.0.jar:/Users/Waggi/.gradle/caches/modules-2/files-2.1/com.netflix.ribbon/ribbon/2.2.5/3f97c8acfc68c35012f00d10b9ac63fc8f48d790/ribbon-2.2.5.jar:/Users/Waggi/.gradle/caches/modules-2/files-2.1/com.netflix.ribbon/ribbon-httpclient/2.2.5/e2662937935d218f2c63105f6df39c3dfa0d06a1/ribbon-httpclient-2.2.5.jar:/Users/Waggi/.gradle/caches/modules-2/files-2.1/com.netflix.ribbon/ribbon-transport/2.2.5/7c8e321322a98c72a36f4a81f84cafe21273c010/ribbon-transport-2.2.5.jar:/Users/Waggi/.gradle/caches/modules-2/files-2.1/com.netflix.ribbon/ribbon-loadbalancer/2.2.5/5f713ef0b8d01580666face5e91d8c6af1daa468/ribbon-loadbalancer-2.2.5.jar:/Users/Waggi/.gradle/caches/modules-2/files-2.1/com.netflix.ribbon/ribbon-core/2.2.5/80b6fe934799269073e69c5d7e67334459ef7e2e/ribbon-core-2.2.5.jar:/Users/Waggi/.gradle/caches/modules-2/files-2.1/com.netflix.hystrix/hystrix-core/1.5.12/75379b6671fcaa9cec33035df684a68ec7741ca6/hystrix-core-1.5.12.jar:/Users/Waggi/.gradle/caches/modules-2/files-2.1/com.netflix.archaius/archaius-core/0.7.6/be0c1024d08ad68ec25f9f32b0e9df1ab7ecb45b/archaius-core-0.7.6.jar:/Users/Waggi/.gradle/caches/modules-2/files-2.1/com.fasterxml.jackson.core/jackson-databind/2.9.5/3490508379d065fe3fcb80042b62f630f7588606/jackson-databind-2.9.5.jar:/Users/Waggi/.gradle/caches/modules-2/files-2.1/org.apache.tomcat.embed/tomcat-embed-websocket/8.5.31/6564e716b89de5eaa0dd234ae7989576503ddf3/tomcat-embed-websocket-8.5.31.jar:/Users/Waggi/.gradle/caches/modules-2/files-2.1/org.apache.tomcat.embed/tomcat-embed-core/8.5.31/f5adf7ed8c34aa005b22b6a2dc7b6796e10e9c79/tomcat-embed-core-8.5.31.jar:/Users/Waggi/.gradle/caches/modules-2/files-2.1/org.apache.tomcat.embed/tomcat-embed-el/8.5.31/3a536e1ac71b82627c3a7408eb38fa0704cb9034/tomcat-embed-el-8.5.31.jar:/Users/Waggi/.gradle/caches/modules-2/files-2.1/javax.validation/validation-api/2.0.1.Final/cb855558e6271b1b32e716d24cb85c7f583ce09e/validation-api-2.0.1.Final.jar:/Users/Waggi/.gradle/caches/modules-2/files-2.1/org.jboss.logging/jboss-logging/3.3.2.Final/3789d00e859632e6c6206adc0c71625559e6e3b0/jboss-logging-3.3.2.Final.jar:/Users/Waggi/.gradle/caches/modules-2/files-2.1/com.fasterxml/classmate/1.3.4/3d5f48f10bbe4eb7bd862f10c0583be2e0053c6/classmate-1.3.4.jar:/Users/Waggi/.gradle/caches/modules-2/files-2.1/org.springframework.cloud/spring-cloud-context/2.0.0.RC2/f6d84a868d3d67cc4426c23f2ab9280d77c7f400/spring-cloud-context-2.0.0.RC2.jar:/Users/Waggi/.gradle/caches/modules-2/files-2.1/org.springframework.cloud/spring-cloud-commons/2.0.0.RC2/2bca59a30163c6cc84e6730629b27a54cbc9da54/spring-cloud-commons-2.0.0.RC2.jar:/Users/Waggi/.gradle/caches/modules-2/files-2.1/org.springframework.security/spring-security-rsa/1.0.5.RELEASE/31bd1111ada2f455eb0f492ed09e39deda18ca99/spring-security-rsa-1.0.5.RELEASE.jar:/Users/Waggi/.gradle/caches/modules-2/files-2.1/org.codehaus.jettison/jettison/1.3.7/7d36a59a0577f11b12088b9e215d6860345b9e1d/jettison-1.3.7.jar:/Users/Waggi/.gradle/caches/modules-2/files-2.1/com.sun.jersey.contribs/jersey-apache-client4/1.19.1/e1c45701a003097ace96bed4bc8fb937e9867498/jersey-apache-client4-1.19.1.jar:/Users/Waggi/.gradle/caches/modules-2/files-2.1/com.sun.jersey/jersey-client/1.19.1/2df97ebd4e5c01599584c45caa3aeb563d268eef/jersey-client-1.19.1.jar:/Users/Waggi/.gradle/caches/modules-2/files-2.1/com.sun.jersey/jersey-core/1.19.1/4282d106f2acd5051bd9bc2935ed9a2920c9385/jersey-core-1.19.1.jar:/Users/Waggi/.gradle/caches/modules-2/files-2.1/javax.ws.rs/jsr311-api/1.1.1/59033da2a1afd56af1ac576750a8d0b1830d59e6/jsr311-api-1.1.1.jar:/Users/Waggi/.gradle/caches/modules-2/files-2.1/io.reactivex/rxnetty-servo/0.4.9/b7d6d6e132686c280f16710eaa3e90719f6808f8/rxnetty-servo-0.4.9.jar:/Users/Waggi/.gradle/caches/modules-2/files-2.1/com.netflix.servo/servo-core/0.12.21/f56c3bf161217be98fbe4135adf8480590db9c37/servo-core-0.12.21.jar:/Users/Waggi/.gradle/caches/modules-2/files-2.1/org.apache.httpcomponents/httpclient/4.5.5/1603dfd56ebcd583ccdf337b6c3984ac55d89e58/httpclient-4.5.5.jar:/Users/Waggi/.gradle/caches/modules-2/files-2.1/com.google.inject/guice/4.1.0/eeb69005da379a10071aa4948c48d89250febb07/guice-4.1.0.jar:/Users/Waggi/.gradle/caches/modules-2/files-2.1/com.github.vlsi.compactmap/compactmap/1.2.1/27aec1f3162c14b8a1178bb5c75ab43b618308ef/compactmap-1.2.1.jar:/Users/Waggi/.gradle/caches/modules-2/files-2.1/com.fasterxml.jackson.core/jackson-annotations/2.9.0/7c10d545325e3a6e72e06381afe469fd40eb701/jackson-annotations-2.9.0.jar:/Users/Waggi/.gradle/caches/modules-2/files-2.1/com.fasterxml.jackson.core/jackson-core/2.9.5/a22ac51016944b06fd9ffbc9541c6e7ce5eea117/jackson-core-2.9.5.jar:/Users/Waggi/.gradle/caches/modules-2/files-2.1/org.codehaus.woodstox/woodstox-core-asl/4.4.1/84fee5eb1a4a1cefe65b6883c73b3fa83be3c1a1/woodstox-core-asl-4.4.1.jar:/Users/Waggi/.gradle/caches/modules-2/files-2.1/org.springframework.cloud/spring-cloud-netflix-ribbon/2.0.0.RC2/e6fb9a8beecdb7e225bc435c810a7248000ef750/spring-cloud-netflix-ribbon-2.0.0.RC2.jar:/Users/Waggi/.gradle/caches/modules-2/files-2.1/org.springframework.cloud/spring-cloud-netflix-archaius/2.0.0.RC2/f14a6375082f06a26c5e1c1aa0f18305aea74af8/spring-cloud-netflix-archaius-2.0.0.RC2.jar:/Users/Waggi/.gradle/caches/modules-2/files-2.1/commons-configuration/commons-configuration/1.8/6cce40435bcd8018018f16898de01976b319941a/commons-configuration-1.8.jar:/Users/Waggi/.gradle/caches/modules-2/files-2.1/io.reactivex/rxnetty-contexts/0.4.9/6efe17a25602a5424c18ab975aa9c28b6d6b7f56/rxnetty-contexts-0.4.9.jar:/Users/Waggi/.gradle/caches/modules-2/files-2.1/io.reactivex/rxnetty/0.4.9/5aff3c9d6bb9d9066c378bb3d2a4413ed1773bcf/rxnetty-0.4.9.jar:/Users/Waggi/.gradle/caches/modules-2/files-2.1/io.reactivex/rxjava/1.3.8/8c192792ad2e65a90867ab418ac49703f44d2baf/rxjava-1.3.8.jar:/Users/Waggi/.gradle/caches/modules-2/files-2.1/ch.qos.logback/logback-classic/1.2.3/7c4f3c474fb2c041d8028740440937705ebb473a/logback-classic-1.2.3.jar:/Users/Waggi/.gradle/caches/modules-2/files-2.1/org.apache.logging.log4j/log4j-to-slf4j/2.10.0/f7e631ccf49cfc0aefa4a2a728da7d374c05bd3c/log4j-to-slf4j-2.10.0.jar:/Users/Waggi/.gradle/caches/modules-2/files-2.1/org.slf4j/jul-to-slf4j/1.7.25/af5364cd6679bfffb114f0dec8a157aaa283b76/jul-to-slf4j-1.7.25.jar:/Users/Waggi/.gradle/caches/modules-2/files-2.1/com.netflix.netflix-commons/netflix-infix/0.3.0/acc65969f7367ddd2f1265e0cd7330509ed530dc/netflix-infix-0.3.0.jar:/Users/Waggi/.gradle/caches/modules-2/files-2.1/com.netflix.netflix-commons/netflix-commons-util/0.3.0/8a6ffc41308c300197918eff3df1a7447ddaf468/netflix-commons-util-0.3.0.jar:/Users/Waggi/.gradle/caches/modules-2/files-2.1/com.netflix.netflix-commons/netflix-statistics/0.1.1/12f6e48253f9cafa0e24d7d232ff504c52143212/netflix-statistics-0.1.1.jar:/Users/Waggi/.gradle/caches/modules-2/files-2.1/org.slf4j/slf4j-api/1.7.25/da76ca59f6a57ee3102f8f9bd9cee742973efa8a/slf4j-api-1.7.25.jar:/Users/Waggi/.gradle/caches/modules-2/files-2.1/xmlpull/xmlpull/1.1.3.1/2b8e230d2ab644e4ecaa94db7cdedbc40c805dfa/xmlpull-1.1.3.1.jar:/Users/Waggi/.gradle/caches/modules-2/files-2.1/xpp3/xpp3_min/1.1.4c/19d4e90b43059058f6e056f794f0ea4030d60b86/xpp3_min-1.1.4c.jar:/Users/Waggi/.gradle/caches/modules-2/files-2.1/org.springframework.security/spring-security-jwt/1.0.9.RELEASE/3b060c3c397a7638b07c2a4850e03affd335097f/spring-security-jwt-1.0.9.RELEASE.jar:/Users/Waggi/.gradle/caches/modules-2/files-2.1/net.minidev/json-smart/2.3/7396407491352ce4fa30de92efb158adb76b5b/json-smart-2.3.jar:/Users/Waggi/.gradle/caches/modules-2/files-2.1/net.bytebuddy/byte-buddy/1.7.11/f02857a4e2c66ccbe7aaad6100a0a6c461bce9b3/byte-buddy-1.7.11.jar:/Users/Waggi/.gradle/caches/modules-2/files-2.1/net.bytebuddy/byte-buddy-agent/1.7.11/b425a8933ca07edd03c6dbc8bc3b595fba9780de/byte-buddy-agent-1.7.11.jar:/Users/Waggi/.gradle/caches/modules-2/files-2.1/org.objenesis/objenesis/2.6/639033469776fd37c08358c6b92a4761feb2af4b/objenesis-2.6.jar:/Users/Waggi/.gradle/caches/modules-2/files-2.1/com.vaadin.external.google/android-json/0.0.20131108.vaadin1/fa26d351fe62a6a17f5cda1287c1c6110dec413f/android-json-0.0.20131108.vaadin1.jar:/Users/Waggi/.gradle/caches/modules-2/files-2.1/org.springframework/spring-jcl/5.0.6.RELEASE/295ee4e8657e9c1fd327735c01d5fbce339cc44d/spring-jcl-5.0.6.RELEASE.jar:/Users/Waggi/.gradle/caches/modules-2/files-2.1/org.springframework.security/spring-security-crypto/5.0.5.RELEASE/23256a0513b1a3c0ede42ae605d6fa25c1241ad/spring-security-crypto-5.0.5.RELEASE.jar:/Users/Waggi/.gradle/caches/modules-2/files-2.1/org.bouncycastle/bcpkix-jdk15on/1.56/4648af70268b6fdb24674fb1fd7c1fcc73db1231/bcpkix-jdk15on-1.56.jar:/Users/Waggi/.gradle/caches/modules-2/files-2.1/org.aspectj/aspectjweaver/1.8.13/ad94df2a28d658a40dc27bbaff6a1ce5fbf04e9b/aspectjweaver-1.8.13.jar:/Users/Waggi/.gradle/caches/modules-2/files-2.1/stax/stax-api/1.0.1/49c100caf72d658aca8e58bd74a4ba90fa2b0d70/stax-api-1.0.1.jar:/Users/Waggi/.gradle/caches/modules-2/files-2.1/org.apache.commons/commons-math/2.2/4877b85d388275f994a5cfc7eceb73a8045d3006/commons-math-2.2.jar:/Users/Waggi/.gradle/caches/modules-2/files-2.1/com.google.guava/guava/19.0/6ce200f6b23222af3d8abb6b6459e6c44f4bb0e9/guava-19.0.jar:/Users/Waggi/.gradle/caches/modules-2/files-2.1/org.apache.httpcomponents/httpcore/4.4.9/a86ce739e5a7175b4b234c290a00a5fdb80957a0/httpcore-4.4.9.jar:/Users/Waggi/.gradle/caches/modules-2/files-2.1/commons-codec/commons-codec/1.11/3acb4705652e16236558f0f4f2192cc33c3bd189/commons-codec-1.11.jar:/Users/Waggi/.gradle/caches/modules-2/files-2.1/javax.inject/javax.inject/1/6975da39a7040257bd51d21a231b76c915872d38/javax.inject-1.jar:/Users/Waggi/.gradle/caches/modules-2/files-2.1/aopalliance/aopalliance/1.0/235ba8b489512805ac13a8f9ea77a1ca5ebe3e8/aopalliance-1.0.jar:/Users/Waggi/.gradle/caches/modules-2/files-2.1/com.github.andrewoma.dexx/dexx-collections/0.2/a1cff10827ee471c215a99585b99f00d3a602194/dexx-collections-0.2.jar:/Users/Waggi/.gradle/caches/modules-2/files-2.1/javax.xml.stream/stax-api/1.0-2/d6337b0de8b25e53e81b922352fbea9f9f57ba0b/stax-api-1.0-2.jar:/Users/Waggi/.gradle/caches/modules-2/files-2.1/org.codehaus.woodstox/stax2-api/3.1.4/ac19014b1e6a7c08aad07fe114af792676b685b7/stax2-api-3.1.4.jar:/Users/Waggi/.gradle/caches/modules-2/files-2.1/commons-lang/commons-lang/2.6/ce1edb914c94ebc388f086c6827e8bdeec71ac2/commons-lang-2.6.jar:/Users/Waggi/.gradle/caches/modules-2/files-2.1/commons-collections/commons-collections/3.2.2/8ad72fe39fa8c91eaaf12aadb21e0c3661fe26d5/commons-collections-3.2.2.jar:/Users/Waggi/.gradle/caches/modules-2/files-2.1/io.micrometer/micrometer-core/1.0.4/469c27eee20e79bdfd31ea93adfe43f95bfa4887/micrometer-core-1.0.4.jar:/Users/Waggi/.gradle/caches/modules-2/files-2.1/org.codehaus.jackson/jackson-mapper-asl/1.9.13/1ee2f2bed0e5dd29d1cb155a166e6f8d50bbddb7/jackson-mapper-asl-1.9.13.jar:/Users/Waggi/.gradle/caches/modules-2/files-2.1/net.minidev/accessors-smart/1.2/c592b500269bfde36096641b01238a8350f8aa31/accessors-smart-1.2.jar:/Users/Waggi/.gradle/caches/modules-2/files-2.1/ch.qos.logback/logback-core/1.2.3/864344400c3d4d92dfeb0a305dc87d953677c03c/logback-core-1.2.3.jar:/Users/Waggi/.gradle/caches/modules-2/files-2.1/org.apache.logging.log4j/log4j-api/2.10.0/fec5797a55b786184a537abd39c3fa1449d752d6/log4j-api-2.10.0.jar:/Users/Waggi/.gradle/caches/modules-2/files-2.1/org.bouncycastle/bcprov-jdk15on/1.56/a153c6f9744a3e9dd6feab5e210e1c9861362ec7/bcprov-jdk15on-1.56.jar:/Users/Waggi/.gradle/caches/modules-2/files-2.1/commons-jxpath/commons-jxpath/1.3/c22d7d0f0f40eb7059a23cfa61773a416768b137/commons-jxpath-1.3.jar:/Users/Waggi/.gradle/caches/modules-2/files-2.1/joda-time/joda-time/2.9.9/f7b520c458572890807d143670c9b24f4de90897/joda-time-2.9.9.jar:/Users/Waggi/.gradle/caches/modules-2/files-2.1/org.antlr/antlr-runtime/3.4/8f011408269a8e42b8548687e137d8eeb56df4b4/antlr-runtime-3.4.jar:/Users/Waggi/.gradle/caches/modules-2/files-2.1/com.google.code.gson/gson/2.8.4/d0de1ca9b69e69d1d497ee3c6009d015f64dad57/gson-2.8.4.jar:/Users/Waggi/.gradle/caches/modules-2/files-2.1/org.hdrhistogram/HdrHistogram/2.1.10/9e1ac84eed220281841b75e72fb9de5a297fbf04/HdrHistogram-2.1.10.jar:/Users/Waggi/.gradle/caches/modules-2/files-2.1/io.netty/netty-codec-http/4.1.24.Final/8f20009953b2c7c3d860cef928007bc01aa58ac/netty-codec-http-4.1.24.Final.jar:/Users/Waggi/.gradle/caches/modules-2/files-2.1/io.netty/netty-transport-native-epoll/4.1.24.Final/4059baf083c81fa17b317f11c58f1443504ba587/netty-transport-native-epoll-4.1.24.Final.jar:/Users/Waggi/.gradle/caches/modules-2/files-2.1/org.latencyutils/LatencyUtils/2.0.3/769c0b82cb2421c8256300e907298a9410a2a3d3/LatencyUtils-2.0.3.jar:/Users/Waggi/.gradle/caches/modules-2/files-2.1/org.codehaus.jackson/jackson-core-asl/1.9.13/3c304d70f42f832e0a86d45bd437f692129299a4/jackson-core-asl-1.9.13.jar:/Users/Waggi/.gradle/caches/modules-2/files-2.1/org.ow2.asm/asm/5.0.4/da08b8cce7bbf903602a25a3a163ae252435795/asm-5.0.4.jar:/Users/Waggi/.gradle/caches/modules-2/files-2.1/org.antlr/stringtemplate/3.2.1/59ec8083721eae215c6f3caee944c410d2be34de/stringtemplate-3.2.1.jar:/Users/Waggi/.gradle/caches/modules-2/files-2.1/antlr/antlr/2.7.7/83cd2cd674a217ade95a4bb83a8a14f351f48bd0/antlr-2.7.7.jar:/Users/Waggi/.gradle/caches/modules-2/files-2.1/io.netty/netty-codec/4.1.24.Final/290857e5103956bbda11836e33245f2439226b77/netty-codec-4.1.24.Final.jar:/Users/Waggi/.gradle/caches/modules-2/files-2.1/io.netty/netty-transport-native-unix-common/4.1.24.Final/16a46eaa33853af1fdec5682fcebc3ca5f5d196b/netty-transport-native-unix-common-4.1.24.Final.jar:/Users/Waggi/.gradle/caches/modules-2/files-2.1/io.netty/netty-transport/4.1.24.Final/d37292c94d3a4cba48d9b6cfb6e8e55282035d0d/netty-transport-4.1.24.Final.jar:/Users/Waggi/.gradle/caches/modules-2/files-2.1/io.netty/netty-buffer/4.1.24.Final/e354bed2e60b568307138e403f55ba241c1c16d2/netty-buffer-4.1.24.Final.jar:/Users/Waggi/.gradle/caches/modules-2/files-2.1/io.netty/netty-resolver/4.1.24.Final/dbc1e5b50d31aed883ea3beeb6489e1977d0687f/netty-resolver-4.1.24.Final.jar:/Users/Waggi/.gradle/caches/modules-2/files-2.1/io.netty/netty-common/4.1.24.Final/7eeecd7906543214c3c1c984d275d3c6de10b99d/netty-common-4.1.24.Final.jar, user.name=Waggi, java.vm.specification.version=1.8, sun.java.command=worker.org.gradle.process.internal.worker.GradleWorkerMain 'Gradle Test Executor 1', java.home=/Library/Java/JavaVirtualMachines/jdk1.8.0_131.jdk/Contents/Home/jre, sun.arch.data.model=64, user.language=ru, java.specification.vendor=Oracle Corporation, awt.toolkit=sun.lwawt.macosx.LWCToolkit, java.vm.info=mixed mode, java.version=1.8.0_131, java.ext.dirs=/Users/Waggi/Library/Java/Extensions:/Library/Java/JavaVirtualMachines/jdk1.8.0_131.jdk/Contents/Home/jre/lib/ext:/Library/Java/Extensions:/Network/Library/Java/Extensions:/System/Library/Java/Extensions:/usr/lib/java, sun.boot.class.path=/Library/Java/JavaVirtualMachines/jdk1.8.0_131.jdk/Contents/Home/jre/lib/resources.jar:/Library/Java/JavaVirtualMachines/jdk1.8.0_131.jdk/Contents/Home/jre/lib/rt.jar:/Library/Java/JavaVirtualMachines/jdk1.8.0_131.jdk/Contents/Home/jre/lib/sunrsasign.jar:/Library/Java/JavaVirtualMachines/jdk1.8.0_131.jdk/Contents/Home/jre/lib/jsse.jar:/Library/Java/JavaVirtualMachines/jdk1.8.0_131.jdk/Contents/Home/jre/lib/jce.jar:/Library/Java/JavaVirtualMachines/jdk1.8.0_131.jdk/Contents/Home/jre/lib/charsets.jar:/Library/Java/JavaVirtualMachines/jdk1.8.0_131.jdk/Contents/Home/jre/lib/jfr.jar:/Library/Java/JavaVirtualMachines/jdk1.8.0_131.jdk/Contents/Home/jre/classes, java.vendor=Oracle Corporation, org.gradle.test.worker=1, file.separator=/, java.vendor.url.bug=http://bugreport.sun.com/bugreport/, sun.io.unicode.encoding=UnicodeBig, sun.cpu.endian=little, socksNonProxyHosts=local|*.local|169.254/16|*.169.254/16, ftp.nonProxyHosts=local|*.local|169.254/16|*.169.254/16, sun.cpu.isalist=}}, SystemEnvironmentPropertySource@1485398851 {name='systemEnvironment', properties={PATH=/Users/Waggi/.sdkman/candidates/grails/2.5.6/bin:/Users/Waggi/DEV/apache-maven-3.5.0/bin:/usr/local/mysql/bin:/usr/local/bin:/usr/bin:/bin:/usr/sbin:/sbin:/opt/X11/bin:/Users/Waggi/DEV/db/mongodb-osx-x86_64-3.6.3/bin:/Users/Waggi/DEV/gradle-4.6/bin, SHELL=/bin/bash, JAVA_MAIN_CLASS_19635=worker.org.gradle.process.internal.worker.GradleWorkerMain, GRAILS_HOME=/Users/Waggi/.sdkman/candidates/grails/2.5.6, GRADLE_PATH=/Users/Waggi/DEV/gradle-4.6, JAVA_HOME=/Library/Java/JavaVirtualMachines/jdk1.8.0_131.jdk/Contents/Home, MONGO_PATH=/Users/Waggi/DEV/db/mongodb-osx-x86_64-3.6.3, USER=Waggi, VERSIONER_PYTHON_PREFER_32_BIT=no, TMPDIR=/var/folders/cw/rgnzd_bn3614m4bpctqxqj980000gn/T/, SSH_AUTH_SOCK=/private/tmp/com.apple.launchd.0FqWzzkVvf/Listeners, DISPLAY=/private/tmp/com.apple.launchd.DuhbYa1eix/org.macosforge.xquartz:0, XPC_FLAGS=0x0, VERSIONER_PYTHON_VERSION=2.7, M2_HOME=/Users/Waggi/DEV/apache-maven-3.5.0, __CF_USER_TEXT_ENCODING=0x1F5:0x7:0x31, Apple_PubSub_Socket_Render=/private/tmp/com.apple.launchd.01mpuvXQhe/Render, LOGNAME=Waggi, LC_CTYPE=ru_RU.UTF-8, XPC_SERVICE_NAME=com.jetbrains.intellij.8232, HOME=/Users/Waggi}}]
17:50:19.597 [Test worker] DEBUG org.springframework.test.context.support.TestPropertySourceUtils - Adding inlined properties to environment: {spring.jmx.enabled=false, org.springframework.boot.test.context.SpringBootTestContextBootstrapper=true, server.port=0}
17:50:19.598 [Test worker] DEBUG org.springframework.core.env.StandardEnvironment - Adding PropertySource 'Inlined Test Properties' with highest search precedence
2018-06-12 17:50:21.285  INFO 19635 --- [    Test worker] s.c.a.AnnotationConfigApplicationContext : Refreshing org.springframework.context.annotation.AnnotationConfigApplicationContext@cfab764: startup date [Tue Jun 12 17:50:21 YEKT 2018]; root of context hierarchy
2018-06-12 17:50:22.098  INFO 19635 --- [    Test worker] f.a.AutowiredAnnotationBeanPostProcessor : JSR-330 'javax.inject.Inject' annotation found and supported for autowiring
2018-06-12 17:50:22.458  INFO 19635 --- [    Test worker] trationDelegate$BeanPostProcessorChecker : Bean 'configurationPropertiesRebinderAutoConfiguration' of type [org.springframework.cloud.autoconfigure.ConfigurationPropertiesRebinderAutoConfiguration$$EnhancerBySpringCGLIB$$89a824cf] is not eligible for getting processed by all BeanPostProcessors (for example: not eligible for auto-proxying)

  .   ____          _            __ _ _
 /\\ / ___'_ __ _ _(_)_ __  __ _ \ \ \ \
( ( )\___ | '_ | '_| | '_ \/ _` | \ \ \ \
 \\/  ___)| |_)| | | | | || (_| |  ) ) ) )
  '  |____| .__|_| |_|_| |_\__, | / / / /
 =========|_|==============|___/=/_/_/_/
 :: Spring Boot ::        (v2.0.2.RELEASE)

2018-06-12 17:50:23.848  INFO 19635 --- [    Test worker] w.a.AuthorizationServiceApplicationTests : No active profile set, falling back to default profiles: default
2018-06-12 17:50:23.878  INFO 19635 --- [    Test worker] ConfigServletWebServerApplicationContext : Refreshing org.springframework.boot.web.servlet.context.AnnotationConfigServletWebServerApplicationContext@63bb17e4: startup date [Tue Jun 12 17:50:23 YEKT 2018]; parent: org.springframework.context.annotation.AnnotationConfigApplicationContext@cfab764
2018-06-12 17:50:26.801  INFO 19635 --- [    Test worker] o.s.cloud.context.scope.GenericScope     : BeanFactory id=fa75574b-28e5-3700-a34c-6c8c734380d9
2018-06-12 17:50:26.950  INFO 19635 --- [    Test worker] f.a.AutowiredAnnotationBeanPostProcessor : JSR-330 'javax.inject.Inject' annotation found and supported for autowiring
2018-06-12 17:50:27.224  INFO 19635 --- [    Test worker] trationDelegate$BeanPostProcessorChecker : Bean 'org.springframework.security.config.annotation.configuration.ObjectPostProcessorConfiguration' of type [org.springframework.security.config.annotation.configuration.ObjectPostProcessorConfiguration$$EnhancerBySpringCGLIB$$63bea0c] is not eligible for getting processed by all BeanPostProcessors (for example: not eligible for auto-proxying)
2018-06-12 17:50:27.247  INFO 19635 --- [    Test worker] trationDelegate$BeanPostProcessorChecker : Bean 'objectPostProcessor' of type [org.springframework.security.config.annotation.configuration.AutowireBeanFactoryObjectPostProcessor] is not eligible for getting processed by all BeanPostProcessors (for example: not eligible for auto-proxying)
2018-06-12 17:50:27.278  INFO 19635 --- [    Test worker] trationDelegate$BeanPostProcessorChecker : Bean 'org.springframework.security.access.expression.method.DefaultMethodSecurityExpressionHandler@2bf01a42' of type [org.springframework.security.oauth2.provider.expression.OAuth2MethodSecurityExpressionHandler] is not eligible for getting processed by all BeanPostProcessors (for example: not eligible for auto-proxying)
2018-06-12 17:50:27.307  INFO 19635 --- [    Test worker] trationDelegate$BeanPostProcessorChecker : Bean 'org.springframework.security.config.annotation.method.configuration.GlobalMethodSecurityConfiguration' of type [org.springframework.security.config.annotation.method.configuration.GlobalMethodSecurityConfiguration$$EnhancerBySpringCGLIB$$2b108cbe] is not eligible for getting processed by all BeanPostProcessors (for example: not eligible for auto-proxying)
2018-06-12 17:50:27.332  INFO 19635 --- [    Test worker] trationDelegate$BeanPostProcessorChecker : Bean 'methodSecurityMetadataSource' of type [org.springframework.security.access.method.DelegatingMethodSecurityMetadataSource] is not eligible for getting processed by all BeanPostProcessors (for example: not eligible for auto-proxying)
2018-06-12 17:50:27.363  INFO 19635 --- [    Test worker] trationDelegate$BeanPostProcessorChecker : Bean 'org.springframework.cloud.autoconfigure.ConfigurationPropertiesRebinderAutoConfiguration' of type [org.springframework.cloud.autoconfigure.ConfigurationPropertiesRebinderAutoConfiguration$$EnhancerBySpringCGLIB$$89a824cf] is not eligible for getting processed by all BeanPostProcessors (for example: not eligible for auto-proxying)
2018-06-12 17:50:28.169  INFO 19635 --- [    Test worker] o.s.b.w.embedded.tomcat.TomcatWebServer  : Tomcat initialized with port(s): 0 (http)
2018-06-12 17:50:28.225  INFO 19635 --- [    Test worker] o.apache.catalina.core.StandardService   : Starting service [Tomcat]
[...]
	at org.springframework.context.support.AbstractApplicationContext.publishEvent(AbstractApplicationContext.java:400) ~[spring-context-5.0.6.RELEASE.jar:5.0.6.RELEASE]
	at org.springframework.context.support.AbstractApplicationContext.publishEvent(AbstractApplicationContext.java:354) ~[spring-context-5.0.6.RELEASE.jar:5.0.6.RELEASE]
	at org.springframework.boot.web.servlet.context.ServletWebServerApplicationContext.finishRefresh(ServletWebServerApplicationContext.java:164) ~[spring-boot-2.0.2.RELEASE.jar:2.0.2.RELEASE]
	at org.springframework.context.support.AbstractApplicationContext.refresh(AbstractApplicationContext.java:553) ~[spring-context-5.0.6.RELEASE.jar:5.0.6.RELEASE]
	at org.springframework.boot.web.servlet.context.ServletWebServerApplicationContext.refresh(ServletWebServerApplicationContext.java:140) ~[spring-boot-2.0.2.RELEASE.jar:2.0.2.RELEASE]
	at org.springframework.boot.SpringApplication.refresh(SpringApplication.java:759) ~[spring-boot-2.0.2.RELEASE.jar:2.0.2.RELEASE]
	at org.springframework.boot.SpringApplication.refreshContext(SpringApplication.java:395) ~[spring-boot-2.0.2.RELEASE.jar:2.0.2.RELEASE]
	at org.springframework.boot.SpringApplication.run(SpringApplication.java:327) ~[spring-boot-2.0.2.RELEASE.jar:2.0.2.RELEASE]
	at org.springframework.boot.test.context.SpringBootContextLoader.loadContext(SpringBootContextLoader.java:139) ~[spring-boot-test-2.0.2.RELEASE.jar:2.0.2.RELEASE]
	at org.springframework.test.context.cache.DefaultCacheAwareContextLoaderDelegate.loadContextInternal(DefaultCacheAwareContextLoaderDelegate.java:99) ~[spring-test-5.0.6.RELEASE.jar:5.0.6.RELEASE]
	at org.springframework.test.context.cache.DefaultCacheAwareContextLoaderDelegate.loadContext(DefaultCacheAwareContextLoaderDelegate.java:117) ~[spring-test-5.0.6.RELEASE.jar:5.0.6.RELEASE]
	at org.springframework.test.context.support.DefaultTestContext.getApplicationContext(DefaultTestContext.java:108) ~[spring-test-5.0.6.RELEASE.jar:5.0.6.RELEASE]
	at org.springframework.test.context.support.DependencyInjectionTestExecutionListener.injectDependencies(DependencyInjectionTestExecutionListener.java:117) ~[spring-test-5.0.6.RELEASE.jar:5.0.6.RELEASE]
	at org.springframework.test.context.support.DependencyInjectionTestExecutionListener.prepareTestInstance(DependencyInjectionTestExecutionListener.java:83) ~[spring-test-5.0.6.RELEASE.jar:5.0.6.RELEASE]
	at org.springframework.boot.test.autoconfigure.SpringBootDependencyInjectionTestExecutionListener.prepareTestInstance(SpringBootDependencyInjectionTestExecutionListener.java:44) ~[spring-boot-test-autoconfigure-2.0.2.RELEASE.jar:2.0.2.RELEASE]
	at org.springframework.test.context.TestContextManager.prepareTestInstance(TestContextManager.java:246) ~[spring-test-5.0.6.RELEASE.jar:5.0.6.RELEASE]
	at org.springframework.test.context.junit4.SpringJUnit4ClassRunner.createTest(SpringJUnit4ClassRunner.java:227) ~[spring-test-5.0.6.RELEASE.jar:5.0.6.RELEASE]
	at org.springframework.test.context.junit4.SpringJUnit4ClassRunner$1.runReflectiveCall(SpringJUnit4ClassRunner.java:289) ~[spring-test-5.0.6.RELEASE.jar:5.0.6.RELEASE]
	at org.junit.internal.runners.model.ReflectiveCallable.run(ReflectiveCallable.java:12) ~[junit-4.12.jar:4.12]
	at org.springframework.test.context.junit4.SpringJUnit4ClassRunner.methodBlock(SpringJUnit4ClassRunner.java:291) ~[spring-test-5.0.6.RELEASE.jar:5.0.6.RELEASE]
	at org.springframework.test.context.junit4.SpringJUnit4ClassRunner.runChild(SpringJUnit4ClassRunner.java:246) ~[spring-test-5.0.6.RELEASE.jar:5.0.6.RELEASE]
	at org.springframework.test.context.junit4.SpringJUnit4ClassRunner.runChild(SpringJUnit4ClassRunner.java:97) ~[spring-test-5.0.6.RELEASE.jar:5.0.6.RELEASE]
	at org.junit.runners.ParentRunner$3.run(ParentRunner.java:290) ~[junit-4.12.jar:4.12]
	at org.junit.runners.ParentRunner$1.schedule(ParentRunner.java:71) ~[junit-4.12.jar:4.12]
	at org.junit.runners.ParentRunner.runChildren(ParentRunner.java:288) ~[junit-4.12.jar:4.12]
	at org.junit.runners.ParentRunner.access$000(ParentRunner.java:58) ~[junit-4.12.jar:4.12]
	at org.junit.runners.ParentRunner$2.evaluate(ParentRunner.java:268) ~[junit-4.12.jar:4.12]
	at org.springframework.test.context.junit4.statements.RunBeforeTestClassCallbacks.evaluate(RunBeforeTestClassCallbacks.java:61) ~[spring-test-5.0.6.RELEASE.jar:5.0.6.RELEASE]
	at org.springframework.test.context.junit4.statements.RunAfterTestClassCallbacks.evaluate(RunAfterTestClassCallbacks.java:70) ~[spring-test-5.0.6.RELEASE.jar:5.0.6.RELEASE]
	at org.junit.runners.ParentRunner.run(ParentRunner.java:363) ~[junit-4.12.jar:4.12]
	at org.springframework.test.context.junit4.SpringJUnit4ClassRunner.run(SpringJUnit4ClassRunner.java:190) ~[spring-test-5.0.6.RELEASE.jar:5.0.6.RELEASE]
	at org.gradle.api.internal.tasks.testing.junit.JUnitTestClassExecuter.runTestClass(JUnitTestClassExecuter.java:114) ~[na:na]
	at org.gradle.api.internal.tasks.testing.junit.JUnitTestClassExecuter.execute(JUnitTestClassExecuter.java:57) ~[na:na]
	at org.gradle.api.internal.tasks.testing.junit.JUnitTestClassProcessor.processTestClass(JUnitTestClassProcessor.java:66) ~[na:na]
	at org.gradle.api.internal.tasks.testing.SuiteTestClassProcessor.processTestClass(SuiteTestClassProcessor.java:51) ~[na:na]
	at sun.reflect.NativeMethodAccessorImpl.invoke0(Native Method) ~[na:1.8.0_131]
	at sun.reflect.NativeMethodAccessorImpl.invoke(NativeMethodAccessorImpl.java:62) ~[na:1.8.0_131]
	at sun.reflect.DelegatingMethodAccessorImpl.invoke(DelegatingMethodAccessorImpl.java:43) ~[na:1.8.0_131]
	at java.lang.reflect.Method.invoke(Method.java:498) ~[na:1.8.0_131]
	at org.gradle.internal.dispatch.ReflectionDispatch.dispatch(ReflectionDispatch.java:35) ~[na:na]
	at org.gradle.internal.dispatch.ReflectionDispatch.dispatch(ReflectionDispatch.java:24) ~[na:na]
	at org.gradle.internal.dispatch.ContextClassLoaderDispatch.dispatch(ContextClassLoaderDispatch.java:32) ~[na:na]
	at org.gradle.internal.dispatch.ProxyDispatchAdapter$DispatchingInvocationHandler.invoke(ProxyDispatchAdapter.java:93) ~[na:na]
	at com.sun.proxy.$Proxy1.processTestClass(Unknown Source) ~[na:na]
	at org.gradle.api.internal.tasks.testing.worker.TestWorker.processTestClass(TestWorker.java:108) ~[na:na]
	at sun.reflect.NativeMethodAccessorImpl.invoke0(Native Method) ~[na:1.8.0_131]
	at sun.reflect.NativeMethodAccessorImpl.invoke(NativeMethodAccessorImpl.java:62) ~[na:1.8.0_131]
	at sun.reflect.DelegatingMethodAccessorImpl.invoke(DelegatingMethodAccessorImpl.java:43) ~[na:1.8.0_131]
	at java.lang.reflect.Method.invoke(Method.java:498) ~[na:1.8.0_131]
	at org.gradle.internal.dispatch.ReflectionDispatch.dispatch(ReflectionDispatch.java:35) ~[na:na]
	at org.gradle.internal.dispatch.ReflectionDispatch.dispatch(ReflectionDispatch.java:24) ~[na:na]
	at org.gradle.internal.remote.internal.hub.MessageHubBackedObjectConnection$DispatchWrapper.dispatch(MessageHubBackedObjectConnection.java:146) ~[na:na]
	at org.gradle.internal.remote.internal.hub.MessageHubBackedObjectConnection$DispatchWrapper.dispatch(MessageHubBackedObjectConnection.java:128) ~[na:na]
	at org.gradle.internal.remote.internal.hub.MessageHub$Handler.run(MessageHub.java:404) ~[na:na]
	at org.gradle.internal.concurrent.ExecutorPolicy$CatchAndRecordFailures.onExecute(ExecutorPolicy.java:63) ~[na:na]
	at org.gradle.internal.concurrent.ManagedExecutorImpl$1.run(ManagedExecutorImpl.java:46) ~[na:na]
	at java.util.concurrent.ThreadPoolExecutor.runWorker(ThreadPoolExecutor.java:1142) ~[na:1.8.0_131]
	at java.util.concurrent.ThreadPoolExecutor$Worker.run(ThreadPoolExecutor.java:617) ~[na:1.8.0_131]
	at org.gradle.internal.concurrent.ThreadFactoryImpl$ManagedThreadRunnable.run(ThreadFactoryImpl.java:55) ~[na:na]
	at java.lang.Thread.run(Thread.java:748) ~[na:1.8.0_131]

2018-06-12 17:50:41.311  WARN 19635 --- [    Test worker] com.netflix.discovery.DiscoveryClient    : Using default backup registry implementation which does not do anything.
2018-06-12 17:50:41.333  INFO 19635 --- [    Test worker] com.netflix.discovery.DiscoveryClient    : Starting heartbeat executor: renew interval is: 30
2018-06-12 17:50:41.342  INFO 19635 --- [    Test worker] c.n.discovery.InstanceInfoReplicator     : InstanceInfoReplicator onDemand update allowed rate per min is 4
2018-06-12 17:50:41.370  INFO 19635 --- [    Test worker] com.netflix.discovery.DiscoveryClient    : Discovery Client initialized at timestamp 1528807841363 with initial instances count: 0
2018-06-12 17:50:41.390  INFO 19635 --- [    Test worker] o.s.c.n.e.s.EurekaServiceRegistry        : Registering application authorization-service with eureka with status UP
2018-06-12 17:50:41.391  INFO 19635 --- [    Test worker] com.netflix.discovery.DiscoveryClient    : Saw local status change event StatusChangeEvent [timestamp=1528807841391, current=UP, previous=STARTING]
2018-06-12 17:50:41.394  INFO 19635 --- [nfoReplicator-0] com.netflix.discovery.DiscoveryClient    : DiscoveryClient_AUTHORIZATION-SERVICE/mbp-ivan:authorization-service:0: registering service...
2018-06-12 17:50:41.417 ERROR 19635 --- [nfoReplicator-0] c.n.d.s.t.d.RedirectingEurekaHttpClient  : Request execution error

com.sun.jersey.api.client.ClientHandlerException: java.net.ConnectException: Connection refused (Connection refused)
	at com.sun.jersey.client.apache4.ApacheHttpClient4Handler.handle(ApacheHttpClient4Handler.java:187) ~[jersey-apache-client4-1.19.1.jar:1.19.1]
	at com.sun.jersey.api.client.filter.GZIPContentEncodingFilter.handle(GZIPContentEncodingFilter.java:123) ~[jersey-client-1.19.1.jar:1.19.1]
	at com.netflix.discovery.EurekaIdentityHeaderFilter.handle(EurekaIdentityHeaderFilter.java:27) ~[eureka-client-1.9.0.jar:1.9.0]
	at com.sun.jersey.api.client.Client.handle(Client.java:652) ~[jersey-client-1.19.1.jar:1.19.1]
	at com.sun.jersey.api.client.WebResource.handle(WebResource.java:682) ~[jersey-client-1.19.1.jar:1.19.1]
	at com.sun.jersey.api.client.WebResource.access$200(WebResource.java:74) ~[jersey-client-1.19.1.jar:1.19.1]
	at com.sun.jersey.api.client.WebResource$Builder.post(WebResource.java:570) ~[jersey-client-1.19.1.jar:1.19.1]
	at com.netflix.discovery.shared.transport.jersey.AbstractJerseyEurekaHttpClient.register(AbstractJerseyEurekaHttpClient.java:56) ~[eureka-client-1.9.0.jar:1.9.0]
	at com.netflix.discovery.shared.transport.decorator.EurekaHttpClientDecorator$1.execute(EurekaHttpClientDecorator.java:59) [eureka-client-1.9.0.jar:1.9.0]
	at com.netflix.discovery.shared.transport.decorator.MetricsCollectingEurekaHttpClient.execute(MetricsCollectingEurekaHttpClient.java:73) ~[eureka-client-1.9.0.jar:1.9.0]
	at com.netflix.discovery.shared.transport.decorator.EurekaHttpClientDecorator.register(EurekaHttpClientDecorator.java:56) [eureka-client-1.9.0.jar:1.9.0]
	at com.netflix.discovery.shared.transport.decorator.EurekaHttpClientDecorator$1.execute(EurekaHttpClientDecorator.java:59) [eureka-client-1.9.0.jar:1.9.0]
	at com.netflix.discovery.shared.transport.decorator.RedirectingEurekaHttpClient.executeOnNewServer(RedirectingEurekaHttpClient.java:118) ~[eureka-client-1.9.0.jar:1.9.0]
	at com.netflix.discovery.shared.transport.decorator.RedirectingEurekaHttpClient.execute(RedirectingEurekaHttpClient.java:79) ~[eureka-client-1.9.0.jar:1.9.0]
	at com.netflix.discovery.shared.transport.decorator.EurekaHttpClientDecorator.register(EurekaHttpClientDecorator.java:56) [eureka-client-1.9.0.jar:1.9.0]
	at com.netflix.discovery.shared.transport.decorator.EurekaHttpClientDecorator$1.execute(EurekaHttpClientDecorator.java:59) [eureka-client-1.9.0.jar:1.9.0]
	at com.netflix.discovery.shared.transport.decorator.RetryableEurekaHttpClient.execute(RetryableEurekaHttpClient.java:120) [eureka-client-1.9.0.jar:1.9.0]
	at com.netflix.discovery.shared.transport.decorator.EurekaHttpClientDecorator.register(EurekaHttpClientDecorator.java:56) [eureka-client-1.9.0.jar:1.9.0]
	at com.netflix.discovery.shared.transport.decorator.EurekaHttpClientDecorator$1.execute(EurekaHttpClientDecorator.java:59) [eureka-client-1.9.0.jar:1.9.0]
	at com.netflix.discovery.shared.transport.decorator.SessionedEurekaHttpClient.execute(SessionedEurekaHttpClient.java:77) [eureka-client-1.9.0.jar:1.9.0]
	at com.netflix.discovery.shared.transport.decorator.EurekaHttpClientDecorator.register(EurekaHttpClientDecorator.java:56) [eureka-client-1.9.0.jar:1.9.0]
	at com.netflix.discovery.DiscoveryClient.register(DiscoveryClient.java:829) [eureka-client-1.9.0.jar:1.9.0]
	at com.netflix.discovery.InstanceInfoReplicator.run(InstanceInfoReplicator.java:121) [eureka-client-1.9.0.jar:1.9.0]
	at com.netflix.discovery.InstanceInfoReplicator$1.run(InstanceInfoReplicator.java:101) [eureka-client-1.9.0.jar:1.9.0]
	at java.util.concurrent.Executors$RunnableAdapter.call(Executors.java:511) [na:1.8.0_131]
	at java.util.concurrent.FutureTask.run(FutureTask.java:266) [na:1.8.0_131]
	at java.util.concurrent.ScheduledThreadPoolExecutor$ScheduledFutureTask.access$201(ScheduledThreadPoolExecutor.java:180) [na:1.8.0_131]
	at java.util.concurrent.ScheduledThreadPoolExecutor$ScheduledFutureTask.run(ScheduledThreadPoolExecutor.java:293) [na:1.8.0_131]
	at java.util.concurrent.ThreadPoolExecutor.runWorker(ThreadPoolExecutor.java:1142) [na:1.8.0_131]
	at java.util.concurrent.ThreadPoolExecutor$Worker.run(ThreadPoolExecutor.java:617) [na:1.8.0_131]
	at java.lang.Thread.run(Thread.java:748) [na:1.8.0_131]
Caused by: java.net.ConnectException: Connection refused (Connection refused)
	at java.net.PlainSocketImpl.socketConnect(Native Method) ~[na:1.8.0_131]
	at java.net.AbstractPlainSocketImpl.doConnect(AbstractPlainSocketImpl.java:350) ~[na:1.8.0_131]
	at java.net.AbstractPlainSocketImpl.connectToAddress(AbstractPlainSocketImpl.java:206) ~[na:1.8.0_131]
	at java.net.AbstractPlainSocketImpl.connect(AbstractPlainSocketImpl.java:188) ~[na:1.8.0_131]
	at java.net.SocksSocketImpl.connect(SocksSocketImpl.java:392) ~[na:1.8.0_131]
	at java.net.Socket.connect(Socket.java:589) ~[na:1.8.0_131]
	at org.apache.http.conn.scheme.PlainSocketFactory.connectSocket(PlainSocketFactory.java:121) ~[httpclient-4.5.5.jar:4.5.5]
	at org.apache.http.impl.conn.DefaultClientConnectionOperator.openConnection(DefaultClientConnectionOperator.java:180) ~[httpclient-4.5.5.jar:4.5.5]
	at org.apache.http.impl.conn.AbstractPoolEntry.open(AbstractPoolEntry.java:144) ~[httpclient-4.5.5.jar:4.5.5]
	at org.apache.http.impl.conn.AbstractPooledConnAdapter.open(AbstractPooledConnAdapter.java:134) ~[httpclient-4.5.5.jar:4.5.5]
	at org.apache.http.impl.client.DefaultRequestDirector.tryConnect(DefaultRequestDirector.java:610) ~[httpclient-4.5.5.jar:4.5.5]
	at org.apache.http.impl.client.DefaultRequestDirector.execute(DefaultRequestDirector.java:445) ~[httpclient-4.5.5.jar:4.5.5]
	at org.apache.http.impl.client.AbstractHttpClient.doExecute(AbstractHttpClient.java:835) ~[httpclient-4.5.5.jar:4.5.5]
	at org.apache.http.impl.client.CloseableHttpClient.execute(CloseableHttpClient.java:118) ~[httpclient-4.5.5.jar:4.5.5]
	at org.apache.http.impl.client.CloseableHttpClient.execute(CloseableHttpClient.java:56) ~[httpclient-4.5.5.jar:4.5.5]
	at com.sun.jersey.client.apache4.ApacheHttpClient4Handler.handle(ApacheHttpClient4Handler.java:173) ~[jersey-apache-client4-1.19.1.jar:1.19.1]
	... 30 common frames omitted

2018-06-12 17:50:41.419  WARN 19635 --- [nfoReplicator-0] c.n.d.s.t.d.RetryableEurekaHttpClient    : Request execution failed with message: java.net.ConnectException: Connection refused (Connection refused)
2018-06-12 17:50:41.419  WARN 19635 --- [nfoReplicator-0] com.netflix.discovery.DiscoveryClient    : DiscoveryClient_AUTHORIZATION-SERVICE/mbp-ivan:authorization-service:0 - registration failed Cannot execute request on any known server

com.netflix.discovery.shared.transport.TransportException: Cannot execute request on any known server
	at com.netflix.discovery.shared.transport.decorator.RetryableEurekaHttpClient.execute(RetryableEurekaHttpClient.java:112) ~[eureka-client-1.9.0.jar:1.9.0]
	at com.netflix.discovery.shared.transport.decorator.EurekaHttpClientDecorator.register(EurekaHttpClientDecorator.java:56) ~[eureka-client-1.9.0.jar:1.9.0]
	at com.netflix.discovery.shared.transport.decorator.EurekaHttpClientDecorator$1.execute(EurekaHttpClientDecorator.java:59) ~[eureka-client-1.9.0.jar:1.9.0]
	at com.netflix.discovery.shared.transport.decorator.SessionedEurekaHttpClient.execute(SessionedEurekaHttpClient.java:77) ~[eureka-client-1.9.0.jar:1.9.0]
	at com.netflix.discovery.shared.transport.decorator.EurekaHttpClientDecorator.register(EurekaHttpClientDecorator.java:56) ~[eureka-client-1.9.0.jar:1.9.0]
	at com.netflix.discovery.DiscoveryClient.register(DiscoveryClient.java:829) ~[eureka-client-1.9.0.jar:1.9.0]
	at com.netflix.discovery.InstanceInfoReplicator.run(InstanceInfoReplicator.java:121) [eureka-client-1.9.0.jar:1.9.0]
	at com.netflix.discovery.InstanceInfoReplicator$1.run(InstanceInfoReplicator.java:101) [eureka-client-1.9.0.jar:1.9.0]
	at java.util.concurrent.Executors$RunnableAdapter.call(Executors.java:511) [na:1.8.0_131]
	at java.util.concurrent.FutureTask.run(FutureTask.java:266) [na:1.8.0_131]
	at java.util.concurrent.ScheduledThreadPoolExecutor$ScheduledFutureTask.access$201(ScheduledThreadPoolExecutor.java:180) [na:1.8.0_131]
	at java.util.concurrent.ScheduledThreadPoolExecutor$ScheduledFutureTask.run(ScheduledThreadPoolExecutor.java:293) [na:1.8.0_131]
	at java.util.concurrent.ThreadPoolExecutor.runWorker(ThreadPoolExecutor.java:1142) [na:1.8.0_131]
	at java.util.concurrent.ThreadPoolExecutor$Worker.run(ThreadPoolExecutor.java:617) [na:1.8.0_131]
	at java.lang.Thread.run(Thread.java:748) [na:1.8.0_131]

2018-06-12 17:50:41.420  WARN 19635 --- [nfoReplicator-0] c.n.discovery.InstanceInfoReplicator     : There was a problem with the instance info replicator

com.netflix.discovery.shared.transport.TransportException: Cannot execute request on any known server
	at com.netflix.discovery.shared.transport.decorator.RetryableEurekaHttpClient.execute(RetryableEurekaHttpClient.java:112) ~[eureka-client-1.9.0.jar:1.9.0]
	at com.netflix.discovery.shared.transport.decorator.EurekaHttpClientDecorator.register(EurekaHttpClientDecorator.java:56) ~[eureka-client-1.9.0.jar:1.9.0]
	at com.netflix.discovery.shared.transport.decorator.EurekaHttpClientDecorator$1.execute(EurekaHttpClientDecorator.java:59) ~[eureka-client-1.9.0.jar:1.9.0]
	at com.netflix.discovery.shared.transport.decorator.SessionedEurekaHttpClient.execute(SessionedEurekaHttpClient.java:77) ~[eureka-client-1.9.0.jar:1.9.0]
	at com.netflix.discovery.shared.transport.decorator.EurekaHttpClientDecorator.register(EurekaHttpClientDecorator.java:56) ~[eureka-client-1.9.0.jar:1.9.0]
	at com.netflix.discovery.DiscoveryClient.register(DiscoveryClient.java:829) ~[eureka-client-1.9.0.jar:1.9.0]
	at com.netflix.discovery.InstanceInfoReplicator.run(InstanceInfoReplicator.java:121) ~[eureka-client-1.9.0.jar:1.9.0]
	at com.netflix.discovery.InstanceInfoReplicator$1.run(InstanceInfoReplicator.java:101) [eureka-client-1.9.0.jar:1.9.0]
	at java.util.concurrent.Executors$RunnableAdapter.call(Executors.java:511) [na:1.8.0_131]
	at java.util.concurrent.FutureTask.run(FutureTask.java:266) [na:1.8.0_131]
	at java.util.concurrent.ScheduledThreadPoolExecutor$ScheduledFutureTask.access$201(ScheduledThreadPoolExecutor.java:180) [na:1.8.0_131]
	at java.util.concurrent.ScheduledThreadPoolExecutor$ScheduledFutureTask.run(ScheduledThreadPoolExecutor.java:293) [na:1.8.0_131]
	at java.util.concurrent.ThreadPoolExecutor.runWorker(ThreadPoolExecutor.java:1142) [na:1.8.0_131]
	at java.util.concurrent.ThreadPoolExecutor$Worker.run(ThreadPoolExecutor.java:617) [na:1.8.0_131]
	at java.lang.Thread.run(Thread.java:748) [na:1.8.0_131]

2018-06-12 17:50:41.489  INFO 19635 --- [    Test worker] w.a.AuthorizationServiceApplicationTests : Started AuthorizationServiceApplicationTests in 21.854 seconds (JVM running for 26.303)
]]></system-out>
  <system-err><![CDATA[]]></system-err>
</testsuite>
